#
# A fatal error has been detected by the Java Runtime Environment:
#
#  EXCEPTION_ACCESS_VIOLATION (0xc0000005) at pc=0x00007ff89ff870f9, pid=2880, tid=8252
#
# JRE version: Java(TM) SE Runtime Environment (15.0+36) (build 15+36-1562)
# Java VM: Java HotSpot(TM) 64-Bit Server VM (15+36-1562, mixed mode, sharing, tiered, compressed oops, g1 gc, windows-amd64)
# Problematic frame:
# V  [jvm.dll+0x1570f9]
#
# No core dump will be written. Minidumps are not enabled by default on client versions of Windows
#
# If you would like to submit a bug report, please visit:
#   https://bugreport.java.com/bugreport/crash.jsp
#

---------------  S U M M A R Y ------------

Command Line: -Xmx64m -Xms64m -Dorg.gradle.appname=gradlew org.gradle.wrapper.GradleWrapperMain app:installDebug -PreactNativeDevServerPort=8081

Host: Intel(R) Core(TM) i3-5005U CPU @ 2.00GHz, 4 cores, 11G,  Windows 10 , 64 bit Build 10240 (10.0.10240.16384)
Time: Wed Aug  4 19:13:47 2021 Iran Daylight Time elapsed time: 9.173815 seconds (0d 0h 0m 9s)

---------------  T H R E A D  ---------------

Current thread (0x000000c45c3027e0):  JavaThread "C1 CompilerThread0" daemon [_thread_in_native, id=8252, stack(0x000000c45cba0000,0x000000c45cca0000)]


Current CompileTask:
C1:   9173 1143       3       java.util.ArrayList$Itr::next (66 bytes)

Stack: [0x000000c45cba0000,0x000000c45cca0000],  sp=0x000000c45cc9e510,  free space=1017k
Native frames: (J=compiled Java code, j=interpreted, Vv=VM code, C=native code)
V  [jvm.dll+0x1570f9]
V  [jvm.dll+0x154740]
V  [jvm.dll+0x152a9f]
V  [jvm.dll+0x152f3a]
V  [jvm.dll+0x155e74]
V  [jvm.dll+0x10fa15]
V  [jvm.dll+0x10f2cf]
V  [jvm.dll+0x10f504]
V  [jvm.dll+0x10e842]
V  [jvm.dll+0x1106dc]
V  [jvm.dll+0x1f88f5]
V  [jvm.dll+0x1f699c]
V  [jvm.dll+0x74384d]
V  [jvm.dll+0x73c64a]
V  [jvm.dll+0x628d16]
C  [ucrtbase.dll+0x682dd]
C  [KERNEL32.DLL+0x12d92]
C  [ntdll.dll+0x9f64]


siginfo: EXCEPTION_ACCESS_VIOLATION (0xc0000005), reading address 0x0000000000000050


Register to memory mapping:

RIP=0x00007ff89ff870f9 jvm.dll
RAX=0x000000c45da9e7e0 points into unknown readable memory: 0x000000c45da9fd80 | 80 fd a9 5d c4 00 00 00
RBX=0x0 is NULL
RCX=0x0 is NULL
RDX=0x000000000498141b is an unknown value
RSP=0x000000c45cc9e510 is pointing into the stack for thread: 0x000000c45c3027e0
RBP=0x000000c45cc9e5e8 is pointing into the stack for thread: 0x000000c45c3027e0
RSI=0x000000000498141b is an unknown value
RDI=0x0 is NULL
R8 =
[error occurred during error reporting (printing register info), id 0xc0000005, EXCEPTION_ACCESS_VIOLATION (0xc0000005) at pc=0x00007ff8a00ccad0]

Registers:
RAX=0x000000c45da9e7e0, RBX=0x0000000000000000, RCX=0x0000000000000000, RDX=0x000000000498141b
RSP=0x000000c45cc9e510, RBP=0x000000c45cc9e5e8, RSI=0x000000000498141b, RDI=0x0000000000000000
R8 =0x00000000ffffffff, R9 =0x0000000000000000, R10=0x0000000000001260, R11=0x000000c45cc9e858
R12=0x000000c45da9d2f0, R13=0x0000000000000000, R14=0x000000c45cc9e5f8, R15=0x00000000ffffffff
RIP=0x00007ff89ff870f9, EFLAGS=0x0000000000010202

Top of Stack: (sp=0x000000c45cc9e510)
0x000000c45cc9e510:   000000000096101b 000000c45da9d2f0
0x000000c45cc9e520:   0000000000000000 00007ff89ff8585d
0x000000c45cc9e530:   00000000ffffffff 00007ff89ff84740
0x000000c45cc9e540:   000000c45cc9e5e0 000000c45da9d2f0
0x000000c45cc9e550:   000000c45daac9c0 0000000000000001
0x000000c45cc9e560:   0000000000000001 00007ff89ff82a9f
0x000000c45cc9e570:   000000c45cc9e5f8 0000000000000000
0x000000c45cc9e580:   0000000000000003 0000000000000000
0x000000c45cc9e590:   000000c45d0b6360 000000c45daa2e00
0x000000c45cc9e5a0:   000000c45daa2e00 000000000000000f
0x000000c45cc9e5b0:   000000c45da9cc30 000000c4ffffffff
0x000000c45cc9e5c0:   000000c45daa3d20 000000c45daa4400
0x000000c45cc9e5d0:   0000000000000002 0000000000000010
0x000000c45cc9e5e0:   000000c45daa3d20 0000000000000001
0x000000c45cc9e5f0:   0000000000000001 000000c45daa3d50
0x000000c45cc9e600:   000000c45daac710 000000c45daab600 

Instructions: (pc=0x00007ff89ff870f9)
0x00007ff89ff86ff9:   0f 10 45 f0 0f 11 8f b0 00 00 00 66 0f 73 d9 08
0x00007ff89ff87009:   66 48 0f 7e c8 0f 11 87 c0 00 00 00 48 83 f8 01
0x00007ff89ff87019:   75 12 44 89 65 e0 48 85 d2 74 09 48 8d 4d e0 e8
0x00007ff89ff87029:   f3 39 0c 00 45 8b c4 4d 85 f6 7e 75 48 89 74 24
0x00007ff89ff87039:   60 4d 8b dc 4d 8b d4 48 8b 47 38 49 8b d4 4e 8b
0x00007ff89ff87049:   0c d8 49 8b 99 68 01 00 00 45 89 81 c8 01 00 00
0x00007ff89ff87059:   48 63 33 48 85 f6 7e 31 48 8b 43 18 48 8b 0c d0
0x00007ff89ff87069:   48 ff c2 44 89 41 20 41 83 c0 02 48 8b 87 a8 00
0x00007ff89ff87079:   00 00 4a 89 0c d0 48 8b 87 c8 00 00 00 4e 89 0c
0x00007ff89ff87089:   d0 49 ff c2 48 3b d6 7c cf 49 ff c3 41 8d 40 fe
0x00007ff89ff87099:   41 89 81 cc 01 00 00 4d 3b de 7c 9b 48 8b 74 24
0x00007ff89ff870a9:   60 49 63 df 48 8d 8f e0 00 00 00 48 8b d3 e8 d4
0x00007ff89ff870b9:   f6 f9 ff 48 8d 8f d0 00 00 00 48 8b d3 48 8b 5c
0x00007ff89ff870c9:   24 68 48 8b 7c 24 70 4c 8b 64 24 78 48 83 c4 40
0x00007ff89ff870d9:   41 5f 41 5e 5d e9 ad f6 f9 ff cc cc cc cc cc cc
0x00007ff89ff870e9:   cc cc cc cc cc cc cc 40 53 48 83 ec 20 48 8b d9
0x00007ff89ff870f9:   48 8b 49 50 8b c1 83 e0 07 3c 07 0f 85 5c 01 00
0x00007ff89ff87109:   00 44 8b 43 44 8b 43 04 41 83 f8 38 7c 15 41 8d
0x00007ff89ff87119:   48 c8 8b d0 e8 9e ab fb ff 48 89 43 50 48 83 c4
0x00007ff89ff87129:   20 5b c3 83 c0 fa 83 f8 0b 0f 87 07 01 00 00 48
0x00007ff89ff87139:   8d 15 c1 8e ea ff 48 98 8b 8c 82 70 72 15 00 48
0x00007ff89ff87149:   03 ca ff e1 41 c1 e0 0e 49 63 c0 48 83 c8 1b 48
0x00007ff89ff87159:   89 43 50 48 83 c4 20 5b c3 41 c1 e0 0e 49 63 c0
0x00007ff89ff87169:   48 83 c8 23 48 89 43 50 48 83 c4 20 5b c3 41 c1
0x00007ff89ff87179:   e0 0e 49 63 c0 48 83 c8 3b 48 89 43 50 48 83 c4
0x00007ff89ff87189:   20 5b c3 41 c1 e0 0e 49 63 c0 48 83 c8 0b 48 89
0x00007ff89ff87199:   43 50 48 83 c4 20 5b c3 41 8b c0 c1 e0 09 41 0b
0x00007ff89ff871a9:   c0 c1 e0 0e 48 98 48 0d 93 00 00 00 48 89 43 50
0x00007ff89ff871b9:   48 83 c4 20 5b c3 41 c1 e0 0e 48 83 3d 3d 44 8a
0x00007ff89ff871c9:   00 01 7c 19 41 8d 80 01 00 fa ff 48 98 48 0d 2d
0x00007ff89ff871d9:   20 00 00 48 89 43 50 48 83 c4 20 5b c3 41 8d 80
0x00007ff89ff871e9:   01 00 fc ff 48 98 48 83 c8 2d 48 89 43 50 48 83 


Stack slot to memory mapping:
stack at sp + 0 slots: 0x000000000096101b is an unknown value
stack at sp + 1 slots: 0x000000c45da9d2f0 points into unknown readable memory: 0x000000c45cc9f140 | 40 f1 c9 5c c4 00 00 00
stack at sp + 2 slots: 0x0 is NULL
stack at sp + 3 slots: 0x00007ff89ff8585d jvm.dll
stack at sp + 4 slots: 
[error occurred during error reporting (inspecting top of stack), id 0xc0000005, EXCEPTION_ACCESS_VIOLATION (0xc0000005) at pc=0x00007ff8a00ccad0]


---------------  P R O C E S S  ---------------

Threads class SMR info:
_java_thread_list=0x000000c45da4c290, length=14, elements={
0x000000c441d3c270, 0x000000c441e185d0, 0x000000c441e19820, 0x000000c45c2f7990,
0x000000c45c2fa260, 0x000000c45c2fb4b0, 0x000000c45c2fda40, 0x000000c45c3027e0,
0x000000c45c304990, 0x000000c45ce04980, 0x000000c45ce2f070, 0x000000c45d9ec020,
0x000000c45dc6af60, 0x000000c45dc6b430
}

Java Threads: ( => current thread )
  0x000000c441d3c270 JavaThread "main" [_thread_in_native, id=3504, stack(0x000000c43fcf0000,0x000000c43fdf0000)]
  0x000000c441e185d0 JavaThread "Reference Handler" daemon [_thread_blocked, id=8428, stack(0x000000c45c4c0000,0x000000c45c5c0000)]
  0x000000c441e19820 JavaThread "Finalizer" daemon [_thread_blocked, id=6436, stack(0x000000c45c5c0000,0x000000c45c6c0000)]
  0x000000c45c2f7990 JavaThread "Signal Dispatcher" daemon [_thread_blocked, id=9172, stack(0x000000c45c7a0000,0x000000c45c8a0000)]
  0x000000c45c2fa260 JavaThread "Attach Listener" daemon [_thread_blocked, id=8620, stack(0x000000c45c8a0000,0x000000c45c9a0000)]
  0x000000c45c2fb4b0 JavaThread "Service Thread" daemon [_thread_blocked, id=9744, stack(0x000000c45c9a0000,0x000000c45caa0000)]
  0x000000c45c2fda40 JavaThread "C2 CompilerThread0" daemon [_thread_blocked, id=4128, stack(0x000000c45caa0000,0x000000c45cba0000)]
=>0x000000c45c3027e0 JavaThread "C1 CompilerThread0" daemon [_thread_in_native, id=8252, stack(0x000000c45cba0000,0x000000c45cca0000)]
  0x000000c45c304990 JavaThread "Sweeper thread" daemon [_thread_blocked, id=8848, stack(0x000000c45cca0000,0x000000c45cda0000)]
  0x000000c45ce04980 JavaThread "Notification Thread" daemon [_thread_blocked, id=9084, stack(0x000000c45d1a0000,0x000000c45d2a0000)]
  0x000000c45ce2f070 JavaThread "Common-Cleaner" daemon [_thread_blocked, id=7996, stack(0x000000c45d3a0000,0x000000c45d4a0000)]
  0x000000c45d9ec020 JavaThread "pool-1-thread-1" [_thread_blocked, id=1724, stack(0x000000c45dfa0000,0x000000c45e0a0000)]
  0x000000c45dc6af60 JavaThread "DisconnectableInputStream source reader" daemon [_thread_in_native, id=6184, stack(0x000000c45f8b0000,0x000000c45f9b0000)]
  0x000000c45dc6b430 JavaThread "Forward input" [_thread_blocked, id=6304, stack(0x000000c45f9b0000,0x000000c45fab0000)]

Other Threads:
  0x000000c441e14900 VMThread "VM Thread" [stack: 0x000000c45c3c0000,0x000000c45c4c0000] [id=320]
  0x000000c45ce1ae50 WatcherThread [stack: 0x000000c45d2a0000,0x000000c45d3a0000] [id=10172]
  0x000000c441d5be20 GCTaskThread "GC Thread#0" [stack: 0x000000c459080000,0x000000c459180000] [id=1924]
  0x000000c45d64b010 GCTaskThread "GC Thread#1" [stack: 0x000000c45dda0000,0x000000c45dea0000] [id=8424]
  0x000000c45d64a020 GCTaskThread "GC Thread#2" [stack: 0x000000c45f070000,0x000000c45f170000] [id=10148]
  0x000000c45d649690 GCTaskThread "GC Thread#3" [stack: 0x000000c45f170000,0x000000c45f270000] [id=4432]
  0x000000c441d5e100 ConcurrentGCThread "G1 Main Marker" [stack: 0x000000c459180000,0x000000c459280000] [id=2484]
  0x000000c441d60940 ConcurrentGCThread "G1 Conc#0" [stack: 0x000000c459280000,0x000000c459380000] [id=8676]
  0x000000c441daf060 ConcurrentGCThread "G1 Refine#0" [stack: 0x000000c45b7c0000,0x000000c45b8c0000] [id=4636]
  0x000000c441dafce0 ConcurrentGCThread "G1 Young RemSet Sampling" [stack: 0x000000c45b8c0000,0x000000c45b9c0000] [id=3176]

Threads with active compile tasks:
C1 CompilerThread0     9209 1143       3       java.util.ArrayList$Itr::next (66 bytes)

VM state: not at safepoint (normal execution)

VM Mutex/Monitor currently owned by a thread: None

Heap address: 0x00000000fc000000, size: 64 MB, Compressed Oops mode: 32-bit
CDS archive(s) mapped at: [0x0000000800000000-0x0000000800b50000-0x0000000800b50000), size 11862016, SharedBaseAddress: 0x0000000800000000, ArchiveRelocationMode: 0.
Compressed class space mapped at: 0x0000000800b50000-0x0000000840b50000, size: 1073741824
Narrow klass base: 0x0000000800000000, Narrow klass shift: 3, Narrow klass range: 0x100000000

GC Precious Log:
 CPUs: 4 total, 4 available
 Memory: 12207M
 Large Page Support: Disabled
 NUMA Support: Disabled
 Compressed Oops: Enabled (32-bit)
 Heap Region Size: 1M
 Heap Min Capacity: 64M
 Heap Initial Capacity: 64M
 Heap Max Capacity: 64M
 Pre-touch: Disabled
 Parallel Workers: 4
 Concurrent Workers: 1
 Concurrent Refinement Workers: 4
 Periodic GC: Disabled

Heap:
 garbage-first heap   total 65536K, used 16563K [0x00000000fc000000, 0x0000000100000000)
  region size 1024K, 10 young (10240K), 2 survivors (2048K)
 Metaspace       used 8149K, capacity 9013K, committed 9088K, reserved 1056768K
  class space    used 1091K, capacity 1146K, committed 1152K, reserved 1048576K

Heap Regions: E=young(eden), S=young(survivor), O=old, HS=humongous(starts), HC=humongous(continues), CS=collection set, F=free, OA=open archive, CA=closed archive, TAMS=top-at-mark-start (previous, next)
|   0|0x00000000fc000000, 0x00000000fc100000, 0x00000000fc100000|100%| O|  |TAMS 0x00000000fc000000, 0x00000000fc000000| Untracked 
|   1|0x00000000fc100000, 0x00000000fc1bee00, 0x00000000fc200000| 74%| O|  |TAMS 0x00000000fc100000, 0x00000000fc100000| Untracked 
|   2|0x00000000fc200000, 0x00000000fc200000, 0x00000000fc300000|  0%| F|  |TAMS 0x00000000fc200000, 0x00000000fc200000| Untracked 
|   3|0x00000000fc300000, 0x00000000fc400000, 0x00000000fc400000|100%|HS|  |TAMS 0x00000000fc300000, 0x00000000fc300000| Complete 
|   4|0x00000000fc400000, 0x00000000fc500000, 0x00000000fc500000|100%|HC|  |TAMS 0x00000000fc400000, 0x00000000fc400000| Complete 
|   5|0x00000000fc500000, 0x00000000fc600000, 0x00000000fc600000|100%|HC|  |TAMS 0x00000000fc500000, 0x00000000fc500000| Complete 
|   6|0x00000000fc600000, 0x00000000fc700000, 0x00000000fc700000|100%| O|  |TAMS 0x00000000fc600000, 0x00000000fc600000| Untracked 
|   7|0x00000000fc700000, 0x00000000fc800000, 0x00000000fc800000|100%| O|  |TAMS 0x00000000fc700000, 0x00000000fc700000| Untracked 
|   8|0x00000000fc800000, 0x00000000fc900000, 0x00000000fc900000|100%| O|  |TAMS 0x00000000fc800000, 0x00000000fc800000| Untracked 
|   9|0x00000000fc900000, 0x00000000fc900000, 0x00000000fca00000|  0%| F|  |TAMS 0x00000000fc900000, 0x00000000fc900000| Untracked 
|  10|0x00000000fca00000, 0x00000000fca00000, 0x00000000fcb00000|  0%| F|  |TAMS 0x00000000fca00000, 0x00000000fca00000| Untracked 
|  11|0x00000000fcb00000, 0x00000000fcb00000, 0x00000000fcc00000|  0%| F|  |TAMS 0x00000000fcb00000, 0x00000000fcb00000| Untracked 
|  12|0x00000000fcc00000, 0x00000000fcc00000, 0x00000000fcd00000|  0%| F|  |TAMS 0x00000000fcc00000, 0x00000000fcc00000| Untracked 
|  13|0x00000000fcd00000, 0x00000000fcd00000, 0x00000000fce00000|  0%| F|  |TAMS 0x00000000fcd00000, 0x00000000fcd00000| Untracked 
|  14|0x00000000fce00000, 0x00000000fce00000, 0x00000000fcf00000|  0%| F|  |TAMS 0x00000000fce00000, 0x00000000fce00000| Untracked 
|  15|0x00000000fcf00000, 0x00000000fcf00000, 0x00000000fd000000|  0%| F|  |TAMS 0x00000000fcf00000, 0x00000000fcf00000| Untracked 
|  16|0x00000000fd000000, 0x00000000fd000000, 0x00000000fd100000|  0%| F|  |TAMS 0x00000000fd000000, 0x00000000fd000000| Untracked 
|  17|0x00000000fd100000, 0x00000000fd100000, 0x00000000fd200000|  0%| F|  |TAMS 0x00000000fd100000, 0x00000000fd100000| Untracked 
|  18|0x00000000fd200000, 0x00000000fd200000, 0x00000000fd300000|  0%| F|  |TAMS 0x00000000fd200000, 0x00000000fd200000| Untracked 
|  19|0x00000000fd300000, 0x00000000fd300000, 0x00000000fd400000|  0%| F|  |TAMS 0x00000000fd300000, 0x00000000fd300000| Untracked 
|  20|0x00000000fd400000, 0x00000000fd400000, 0x00000000fd500000|  0%| F|  |TAMS 0x00000000fd400000, 0x00000000fd400000| Untracked 
|  21|0x00000000fd500000, 0x00000000fd500000, 0x00000000fd600000|  0%| F|  |TAMS 0x00000000fd500000, 0x00000000fd500000| Untracked 
|  22|0x00000000fd600000, 0x00000000fd600000, 0x00000000fd700000|  0%| F|  |TAMS 0x00000000fd600000, 0x00000000fd600000| Untracked 
|  23|0x00000000fd700000, 0x00000000fd700000, 0x00000000fd800000|  0%| F|  |TAMS 0x00000000fd700000, 0x00000000fd700000| Untracked 
|  24|0x00000000fd800000, 0x00000000fd800000, 0x00000000fd900000|  0%| F|  |TAMS 0x00000000fd800000, 0x00000000fd800000| Untracked 
|  25|0x00000000fd900000, 0x00000000fd900000, 0x00000000fda00000|  0%| F|  |TAMS 0x00000000fd900000, 0x00000000fd900000| Untracked 
|  26|0x00000000fda00000, 0x00000000fda00000, 0x00000000fdb00000|  0%| F|  |TAMS 0x00000000fda00000, 0x00000000fda00000| Untracked 
|  27|0x00000000fdb00000, 0x00000000fdb00000, 0x00000000fdc00000|  0%| F|  |TAMS 0x00000000fdb00000, 0x00000000fdb00000| Untracked 
|  28|0x00000000fdc00000, 0x00000000fdc00000, 0x00000000fdd00000|  0%| F|  |TAMS 0x00000000fdc00000, 0x00000000fdc00000| Untracked 
|  29|0x00000000fdd00000, 0x00000000fdd00000, 0x00000000fde00000|  0%| F|  |TAMS 0x00000000fdd00000, 0x00000000fdd00000| Untracked 
|  30|0x00000000fde00000, 0x00000000fde00000, 0x00000000fdf00000|  0%| F|  |TAMS 0x00000000fde00000, 0x00000000fde00000| Untracked 
|  31|0x00000000fdf00000, 0x00000000fdf00000, 0x00000000fe000000|  0%| F|  |TAMS 0x00000000fdf00000, 0x00000000fdf00000| Untracked 
|  32|0x00000000fe000000, 0x00000000fe000000, 0x00000000fe100000|  0%| F|  |TAMS 0x00000000fe000000, 0x00000000fe000000| Untracked 
|  33|0x00000000fe100000, 0x00000000fe100000, 0x00000000fe200000|  0%| F|  |TAMS 0x00000000fe100000, 0x00000000fe100000| Untracked 
|  34|0x00000000fe200000, 0x00000000fe200000, 0x00000000fe300000|  0%| F|  |TAMS 0x00000000fe200000, 0x00000000fe200000| Untracked 
|  35|0x00000000fe300000, 0x00000000fe300000, 0x00000000fe400000|  0%| F|  |TAMS 0x00000000fe300000, 0x00000000fe300000| Untracked 
|  36|0x00000000fe400000, 0x00000000fe400000, 0x00000000fe500000|  0%| F|  |TAMS 0x00000000fe400000, 0x00000000fe400000| Untracked 
|  37|0x00000000fe500000, 0x00000000fe500000, 0x00000000fe600000|  0%| F|  |TAMS 0x00000000fe500000, 0x00000000fe500000| Untracked 
|  38|0x00000000fe600000, 0x00000000fe600000, 0x00000000fe700000|  0%| F|  |TAMS 0x00000000fe600000, 0x00000000fe600000| Untracked 
|  39|0x00000000fe700000, 0x00000000fe700000, 0x00000000fe800000|  0%| F|  |TAMS 0x00000000fe700000, 0x00000000fe700000| Untracked 
|  40|0x00000000fe800000, 0x00000000fe800000, 0x00000000fe900000|  0%| F|  |TAMS 0x00000000fe800000, 0x00000000fe800000| Untracked 
|  41|0x00000000fe900000, 0x00000000fe900000, 0x00000000fea00000|  0%| F|  |TAMS 0x00000000fe900000, 0x00000000fe900000| Untracked 
|  42|0x00000000fea00000, 0x00000000fea00000, 0x00000000feb00000|  0%| F|  |TAMS 0x00000000fea00000, 0x00000000fea00000| Untracked 
|  43|0x00000000feb00000, 0x00000000feb00000, 0x00000000fec00000|  0%| F|  |TAMS 0x00000000feb00000, 0x00000000feb00000| Untracked 
|  44|0x00000000fec00000, 0x00000000fec00000, 0x00000000fed00000|  0%| F|  |TAMS 0x00000000fec00000, 0x00000000fec00000| Untracked 
|  45|0x00000000fed00000, 0x00000000fed00000, 0x00000000fee00000|  0%| F|  |TAMS 0x00000000fed00000, 0x00000000fed00000| Untracked 
|  46|0x00000000fee00000, 0x00000000fee00000, 0x00000000fef00000|  0%| F|  |TAMS 0x00000000fee00000, 0x00000000fee00000| Untracked 
|  47|0x00000000fef00000, 0x00000000fef00000, 0x00000000ff000000|  0%| F|  |TAMS 0x00000000fef00000, 0x00000000fef00000| Untracked 
|  48|0x00000000ff000000, 0x00000000ff06dff8, 0x00000000ff100000| 42%| S|CS|TAMS 0x00000000ff000000, 0x00000000ff000000| Complete 
|  49|0x00000000ff100000, 0x00000000ff100000, 0x00000000ff200000|  0%| F|  |TAMS 0x00000000ff100000, 0x00000000ff100000| Untracked 
|  50|0x00000000ff200000, 0x00000000ff200000, 0x00000000ff300000|  0%| F|  |TAMS 0x00000000ff200000, 0x00000000ff200000| Untracked 
|  51|0x00000000ff300000, 0x00000000ff400000, 0x00000000ff400000|100%| S|CS|TAMS 0x00000000ff300000, 0x00000000ff300000| Complete 
|  52|0x00000000ff400000, 0x00000000ff400000, 0x00000000ff500000|  0%| F|  |TAMS 0x00000000ff400000, 0x00000000ff400000| Untracked 
|  53|0x00000000ff500000, 0x00000000ff500000, 0x00000000ff600000|  0%| F|  |TAMS 0x00000000ff500000, 0x00000000ff500000| Untracked 
|  54|0x00000000ff600000, 0x00000000ff600000, 0x00000000ff700000|  0%| F|  |TAMS 0x00000000ff600000, 0x00000000ff600000| Untracked 
|  55|0x00000000ff700000, 0x00000000ff700000, 0x00000000ff800000|  0%| F|  |TAMS 0x00000000ff700000, 0x00000000ff700000| Untracked 
|  56|0x00000000ff800000, 0x00000000ff855ce0, 0x00000000ff900000| 33%| E|  |TAMS 0x00000000ff800000, 0x00000000ff800000| Complete 
|  57|0x00000000ff900000, 0x00000000ffa00000, 0x00000000ffa00000|100%| E|CS|TAMS 0x00000000ff900000, 0x00000000ff900000| Complete 
|  58|0x00000000ffa00000, 0x00000000ffb00000, 0x00000000ffb00000|100%| E|CS|TAMS 0x00000000ffa00000, 0x00000000ffa00000| Complete 
|  59|0x00000000ffb00000, 0x00000000ffc00000, 0x00000000ffc00000|100%| E|CS|TAMS 0x00000000ffb00000, 0x00000000ffb00000| Complete 
|  60|0x00000000ffc00000, 0x00000000ffd00000, 0x00000000ffd00000|100%| E|CS|TAMS 0x00000000ffc00000, 0x00000000ffc00000| Complete 
|  61|0x00000000ffd00000, 0x00000000ffe00000, 0x00000000ffe00000|100%| E|CS|TAMS 0x00000000ffd00000, 0x00000000ffd00000| Complete 
|  62|0x00000000ffe00000, 0x00000000fff00000, 0x00000000fff00000|100%| E|CS|TAMS 0x00000000ffe00000, 0x00000000ffe00000| Complete 
|  63|0x00000000fff00000, 0x0000000100000000, 0x0000000100000000|100%| E|CS|TAMS 0x00000000fff00000, 0x00000000fff00000| Complete 

Card table byte_map: [0x000000c441b90000,0x000000c441bb0000] _byte_map_base: 0x000000c4413b0000

Marking Bits (Prev, Next): (CMBitMap*) 0x000000c441d5c690, (CMBitMap*) 0x000000c441d5c6d0
 Prev Bits: [0x000000c441bd0000, 0x000000c441cd0000)
 Next Bits: [0x000000c458f80000, 0x000000c459080000)

Polling page: 0x000000c441520000

Metaspace:

Usage:
  Non-class:      7.68 MB capacity,     6.89 MB ( 90%) used,   800.51 KB ( 10%) free+waste,     8.50 KB ( <1%) overhead. 
      Class:      1.12 MB capacity,     1.07 MB ( 95%) used,    50.38 KB (  4%) free+waste,     4.25 KB ( <1%) overhead. 
       Both:      8.80 MB capacity,     7.96 MB ( 90%) used,   850.89 KB (  9%) free+waste,    12.75 KB ( <1%) overhead. 

Virtual space:
  Non-class space:        8.00 MB reserved,       7.75 MB ( 97%) committed 
      Class space:        1.00 GB reserved,       1.13 MB ( <1%) committed 
             Both:        1.01 GB reserved,       8.88 MB ( <1%) committed 

Chunk freelists:
   Non-Class:  5.00 KB
       Class:  6.00 KB
        Both:  11.00 KB

MaxMetaspaceSize: 17179869184.00 GB
CompressedClassSpaceSize: 1.00 GB

CodeHeap 'non-profiled nmethods': size=120000Kb used=390Kb max_used=390Kb free=119609Kb
 bounds [0x000000c451a50000, 0x000000c451cc0000, 0x000000c458f80000]
CodeHeap 'profiled nmethods': size=120000Kb used=2055Kb max_used=2055Kb free=117944Kb
 bounds [0x000000c44a520000, 0x000000c44a790000, 0x000000c451a50000]
CodeHeap 'non-nmethods': size=5760Kb used=1180Kb max_used=1188Kb free=4579Kb
 bounds [0x000000c449f80000, 0x000000c44a1f0000, 0x000000c44a520000]
 total_blobs=1584 nmethods=1142 adapters=355
 compilation: enabled
              stopped_count=0, restarted_count=0
 full_count=0

Compilation events (20 events):
Event: 7.309 Thread 0x000000c45c3027e0 nmethod 1133 0x000000c451ab0d10 code [0x000000c451ab0ea0, 0x000000c451ab0f38]
Event: 7.514 Thread 0x000000c45c3027e0 1134       3       java.util.LinkedHashMap$LinkedValueIterator::next (8 bytes)
Event: 7.514 Thread 0x000000c45c3027e0 nmethod 1134 0x000000c44a71fd90 code [0x000000c44a71ff40, 0x000000c44a720068]
Event: 7.710 Thread 0x000000c45c3027e0 1135  s    3       java.io.BufferedOutputStream::write (35 bytes)
Event: 7.710 Thread 0x000000c45c3027e0 nmethod 1135 0x000000c44a720110 code [0x000000c44a7202c0, 0x000000c44a720688]
Event: 7.910 Thread 0x000000c45c3027e0 1136       1       org.gradle.internal.logging.console.ProgressOperation::getParent (5 bytes)
Event: 7.910 Thread 0x000000c45c3027e0 nmethod 1136 0x000000c451ab1010 code [0x000000c451ab11a0, 0x000000c451ab1258]
Event: 8.011 Thread 0x000000c45c3027e0 1137       1       org.gradle.internal.logging.console.ProgressOperation::getCategory (5 bytes)
Event: 8.011 Thread 0x000000c45c3027e0 nmethod 1137 0x000000c451ab1310 code [0x000000c451ab14a0, 0x000000c451ab1558]
Event: 8.015 Thread 0x000000c45c3027e0 1138       1       org.gradle.internal.logging.console.DefaultRedrawableLabel::setText (6 bytes)
Event: 8.015 Thread 0x000000c45c3027e0 nmethod 1138 0x000000c451ab1610 code [0x000000c451ab17a0, 0x000000c451ab1898]
Event: 8.564 Thread 0x000000c45c3027e0 1139       3       java.util.concurrent.locks.ReentrantLock$Sync::tryRelease (51 bytes)
Event: 8.564 Thread 0x000000c45c3027e0 nmethod 1139 0x000000c44a720810 code [0x000000c44a7209c0, 0x000000c44a720d08]
Event: 8.912 Thread 0x000000c45c3027e0 1140       3       java.util.ArrayList::clear (43 bytes)
Event: 8.912 Thread 0x000000c45c3027e0 nmethod 1140 0x000000c44a720e10 code [0x000000c44a720fc0, 0x000000c44a721338]
Event: 9.091 Thread 0x000000c45c3027e0 1141       3       jdk.internal.reflect.ClassFileAssembler::emitByte (11 bytes)
Event: 9.091 Thread 0x000000c45c3027e0 nmethod 1141 0x000000c44a721490 code [0x000000c44a721640, 0x000000c44a7217c8]
Event: 9.091 Thread 0x000000c45c3027e0 1142       3       jdk.internal.reflect.ByteVectorImpl::add (38 bytes)
Event: 9.092 Thread 0x000000c45c3027e0 nmethod 1142 0x000000c44a721890 code [0x000000c44a721a40, 0x000000c44a721c08]
Event: 9.148 Thread 0x000000c45c3027e0 1143       3       java.util.ArrayList$Itr::next (66 bytes)

GC Heap History (4 events):
Event: 0.713 GC heap before
{Heap before GC invocations=0 (full 0):
 garbage-first heap   total 65536K, used 18432K [0x00000000fc000000, 0x0000000100000000)
  region size 1024K, 13 young (13312K), 0 survivors (0K)
 Metaspace       used 2016K, capacity 5111K, committed 5120K, reserved 1056768K
  class space    used 195K, capacity 509K, committed 512K, reserved 1048576K
}
Event: 0.718 GC heap after
{Heap after GC invocations=1 (full 0):
 garbage-first heap   total 65536K, used 7854K [0x00000000fc000000, 0x0000000100000000)
  region size 1024K, 2 young (2048K), 2 survivors (2048K)
 Metaspace       used 2016K, capacity 5111K, committed 5120K, reserved 1056768K
  class space    used 195K, capacity 509K, committed 512K, reserved 1048576K
}
Event: 1.261 GC heap before
{Heap before GC invocations=1 (full 0):
 garbage-first heap   total 65536K, used 20142K [0x00000000fc000000, 0x0000000100000000)
  region size 1024K, 14 young (14336K), 2 survivors (2048K)
 Metaspace       used 5426K, capacity 7633K, committed 7936K, reserved 1056768K
  class space    used 719K, capacity 943K, committed 1024K, reserved 1048576K
}
Event: 1.266 GC heap after
{Heap after GC invocations=2 (full 0):
 garbage-first heap   total 65536K, used 9395K [0x00000000fc000000, 0x0000000100000000)
  region size 1024K, 2 young (2048K), 2 survivors (2048K)
 Metaspace       used 5426K, capacity 7633K, committed 7936K, reserved 1056768K
  class space    used 719K, capacity 943K, committed 1024K, reserved 1048576K
}

Deoptimization events (20 events):
Event: 1.270 Thread 0x000000c441d3c270 Uncommon trap: trap_request=0xffffffde fr.pc=0x000000c451aa24b4 relative=0x0000000000000114
Event: 1.270 Thread 0x000000c441d3c270 Uncommon trap: reason=class_check action=maybe_recompile pc=0x000000c451aa24b4 method=jdk.internal.misc.Unsafe.allocateUninitializedArray(Ljava/lang/Class;I)Ljava/lang/Object; @ 51 c2
Event: 1.270 Thread 0x000000c441d3c270 DEOPT PACKING pc=0x000000c451aa24b4 sp=0x000000c43fde9210
Event: 1.270 Thread 0x000000c441d3c270 DEOPT UNPACKING pc=0x000000c449fce42f sp=0x000000c43fde9198 mode 2
Event: 1.270 Thread 0x000000c441d3c270 Uncommon trap: trap_request=0xffffffde fr.pc=0x000000c451aa24b4 relative=0x0000000000000114
Event: 1.270 Thread 0x000000c441d3c270 Uncommon trap: reason=class_check action=maybe_recompile pc=0x000000c451aa24b4 method=jdk.internal.misc.Unsafe.allocateUninitializedArray(Ljava/lang/Class;I)Ljava/lang/Object; @ 51 c2
Event: 1.270 Thread 0x000000c441d3c270 DEOPT PACKING pc=0x000000c451aa24b4 sp=0x000000c43fde92b0
Event: 1.270 Thread 0x000000c441d3c270 DEOPT UNPACKING pc=0x000000c449fce42f sp=0x000000c43fde9238 mode 2
Event: 1.270 Thread 0x000000c441d3c270 Uncommon trap: trap_request=0xffffffde fr.pc=0x000000c451aa24b4 relative=0x0000000000000114
Event: 1.270 Thread 0x000000c441d3c270 Uncommon trap: reason=class_check action=maybe_recompile pc=0x000000c451aa24b4 method=jdk.internal.misc.Unsafe.allocateUninitializedArray(Ljava/lang/Class;I)Ljava/lang/Object; @ 51 c2
Event: 1.270 Thread 0x000000c441d3c270 DEOPT PACKING pc=0x000000c451aa24b4 sp=0x000000c43fde92e0
Event: 1.270 Thread 0x000000c441d3c270 DEOPT UNPACKING pc=0x000000c449fce42f sp=0x000000c43fde9268 mode 2
Event: 1.270 Thread 0x000000c441d3c270 Uncommon trap: trap_request=0xffffffde fr.pc=0x000000c451aa24b4 relative=0x0000000000000114
Event: 1.270 Thread 0x000000c441d3c270 Uncommon trap: reason=class_check action=maybe_recompile pc=0x000000c451aa24b4 method=jdk.internal.misc.Unsafe.allocateUninitializedArray(Ljava/lang/Class;I)Ljava/lang/Object; @ 51 c2
Event: 1.270 Thread 0x000000c441d3c270 DEOPT PACKING pc=0x000000c451aa24b4 sp=0x000000c43fde9380
Event: 1.270 Thread 0x000000c441d3c270 DEOPT UNPACKING pc=0x000000c449fce42f sp=0x000000c43fde9308 mode 2
Event: 1.347 Thread 0x000000c441d3c270 DEOPT PACKING pc=0x000000c44a5ca05f sp=0x000000c43fde9bd0
Event: 1.347 Thread 0x000000c441d3c270 DEOPT UNPACKING pc=0x000000c449fce23f sp=0x000000c43fde9020 mode 0
Event: 1.364 Thread 0x000000c441d3c270 DEOPT PACKING pc=0x000000c44a5f3010 sp=0x000000c43fdea150
Event: 1.364 Thread 0x000000c441d3c270 DEOPT UNPACKING pc=0x000000c449fce23f sp=0x000000c43fde9668 mode 0

Classes unloaded (0 events):
No events

Classes redefined (0 events):
No events

Internal exceptions (20 events):
Event: 0.175 Thread 0x000000c441d3c270 Exception <a 'java/lang/NoSuchMethodError'{0x00000000ffea3d90}: 'void java.lang.invoke.DirectMethodHandle$Holder.invokeStatic(java.lang.Object, java.lang.Object)'> (0x00000000ffea3d90) 
thrown [./open/src/hotspot/share/interpreter/linkResolver.cpp, line 782]
Event: 0.176 Thread 0x000000c441d3c270 Exception <a 'java/lang/NoSuchMethodError'{0x00000000ffea7b50}: 'void java.lang.invoke.DirectMethodHandle$Holder.invokeStaticInit(java.lang.Object, java.lang.Object)'> (0x00000000ffea7b50) 
thrown [./open/src/hotspot/share/interpreter/linkResolver.cpp, line 782]
Event: 0.258 Thread 0x000000c441d3c270 Exception <a 'java/lang/NoSuchMethodError'{0x00000000ffc078c8}: 'int java.lang.invoke.DirectMethodHandle$Holder.invokeStaticInit(java.lang.Object, java.lang.Object)'> (0x00000000ffc078c8) 
thrown [./open/src/hotspot/share/interpreter/linkResolver.cpp, line 782]
Event: 0.804 Thread 0x000000c441d3c270 Exception <a 'java/lang/NoSuchMethodError'{0x00000000ffd37120}: 'void java.lang.invoke.DirectMethodHandle$Holder.invokeSpecial(java.lang.Object, java.lang.Object, java.lang.Object)'> (0x00000000ffd37120) 
thrown [./open/src/hotspot/share/interpreter/linkResolver.cpp, line 782]
Event: 0.959 Thread 0x000000c441d3c270 Exception <a 'java/lang/NoClassDefFoundError'{0x00000000ffa1c7c0}: org/slf4j/impl/StaticMarkerBinder> (0x00000000ffa1c7c0) 
thrown [./open/src/hotspot/share/classfile/systemDictionary.cpp, line 284]
Event: 0.985 Thread 0x000000c441d3c270 Exception <a 'java/lang/NoSuchMethodError'{0x00000000ffa88400}: 'java.lang.Object java.lang.invoke.DirectMethodHandle$Holder.invokeVirtual(java.lang.Object, java.lang.Object, java.lang.Object, java.lang.Object, java.lang.Object)'> (0x00000000ffa88400) 
thrown [./open/src/hotspot/share/interpreter/linkResolver.cpp, line 782]
Event: 1.153 Thread 0x000000c441d3c270 Exception <a 'java/lang/NoSuchMethodError'{0x00000000ff626400}: 'java.lang.Object java.lang.invoke.Invokers$Holder.invoker(java.lang.Object, java.lang.Object, java.lang.Object, java.lang.Object, java.lang.Object)'> (0x00000000ff626400) 
thrown [./open/src/hotspot/share/interpreter/linkResolver.cpp, line 782]
Event: 1.156 Thread 0x000000c441d3c270 Exception <a 'java/lang/NoSuchMethodError'{0x00000000ff6309e0}: 'java.lang.Object java.lang.invoke.DirectMethodHandle$Holder.invokeStatic(java.lang.Object, java.lang.Object, int)'> (0x00000000ff6309e0) 
thrown [./open/src/hotspot/share/interpreter/linkResolver.cpp, line 782]
Event: 1.159 Thread 0x000000c441d3c270 Exception <a 'java/lang/NoSuchMethodError'{0x00000000ff63cd50}: 'void java.lang.invoke.DelegatingMethodHandle$Holder.delegate(java.lang.Object, java.lang.Object, int, java.lang.Object)'> (0x00000000ff63cd50) 
thrown [./open/src/hotspot/share/interpreter/linkResolver.cpp, line 782]
Event: 1.160 Thread 0x000000c441d3c270 Exception <a 'java/lang/NoSuchMethodError'{0x00000000ff641258}: 'int java.lang.invoke.DirectMethodHandle$Holder.invokeSpecial(java.lang.Object, java.lang.Object, java.lang.Object)'> (0x00000000ff641258) 
thrown [./open/src/hotspot/share/interpreter/linkResolver.cpp, line 782]
Event: 1.170 Thread 0x000000c441d3c270 Exception <a 'java/lang/NoSuchMethodError'{0x00000000ff65ca08}: 'java.lang.Object java.lang.invoke.Invokers$Holder.invokeExact_MT(java.lang.Object, java.lang.Object, java.lang.Object, java.lang.Object)'> (0x00000000ff65ca08) 
thrown [./open/src/hotspot/share/interpreter/linkResolver.cpp, line 782]
Event: 1.250 Thread 0x000000c441d3c270 Implicit null exception at 0x000000c451a97813 to 0x000000c451a97c30
Event: 1.251 Thread 0x000000c441d3c270 Implicit null exception at 0x000000c451a90613 to 0x000000c451a90a44
Event: 1.283 Thread 0x000000c441d3c270 Exception <a 'java/lang/NoSuchMethodError'{0x00000000fff8d028}: 'java.lang.Object java.lang.invoke.DirectMethodHandle$Holder.invokeStatic(java.lang.Object)'> (0x00000000fff8d028) 
thrown [./open/src/hotspot/share/interpreter/linkResolver.cpp, line 782]
Event: 1.284 Thread 0x000000c441d3c270 Exception <a 'java/lang/NoSuchMethodError'{0x00000000fff90940}: 'java.lang.Object java.lang.invoke.DirectMethodHandle$Holder.invokeStaticInit(java.lang.Object)'> (0x00000000fff90940) 
thrown [./open/src/hotspot/share/interpreter/linkResolver.cpp, line 782]
Event: 1.301 Thread 0x000000c441d3c270 Exception <a 'java/lang/NoSuchMethodError'{0x00000000fffb02f8}: 'java.lang.Object java.lang.invoke.DirectMethodHandle$Holder.invokeInterface(java.lang.Object, java.lang.Object)'> (0x00000000fffb02f8) 
thrown [./open/src/hotspot/share/interpreter/linkResolver.cpp, line 782]
Event: 1.303 Thread 0x000000c441d3c270 Exception <a 'java/lang/NoSuchMethodError'{0x00000000fffb8dc8}: 'java.lang.Object java.lang.invoke.DirectMethodHandle$Holder.invokeStaticInit(java.lang.Object, java.lang.Object, java.lang.Object)'> (0x00000000fffb8dc8) 
thrown [./open/src/hotspot/share/interpreter/linkResolver.cpp, line 782]
Event: 1.405 Thread 0x000000c441d3c270 Exception <a 'java/lang/NoSuchMethodError'{0x00000000ffb4a3f8}: 'java.lang.Object java.lang.invoke.DirectMethodHandle$Holder.invokeStaticInit(java.lang.Object, int, int, int, int)'> (0x00000000ffb4a3f8) 
thrown [./open/src/hotspot/share/interpreter/linkResolver.cpp, line 782]
Event: 1.443 Thread 0x000000c441d3c270 Exception <a 'java/lang/NoSuchMethodError'{0x00000000ffb89990}: 'java.lang.Object java.lang.invoke.DirectMethodHandle$Holder.invokeStaticInit(java.lang.Object, java.lang.Object, int, int, int, int)'> (0x00000000ffb89990) 
thrown [./open/src/hotspot/share/interpreter/linkResolver.cpp, line 782]
Event: 1.509 Thread 0x000000c441d3c270 Exception <a 'java/lang/NoSuchMethodError'{0x00000000ffbb7b60}: 'void java.lang.invoke.DirectMethodHandle$Holder.invokeStatic(java.lang.Object, java.lang.Object, java.lang.Object)'> (0x00000000ffbb7b60) 
thrown [./open/src/hotspot/share/interpreter/linkResolver.cpp, line 782]

Events (20 events):
Event: 9.090 loading class jdk/internal/reflect/ByteVector done
Event: 9.090 loading class jdk/internal/reflect/ByteVectorImpl done
Event: 9.090 loading class jdk/internal/reflect/ClassFileAssembler
Event: 9.091 loading class jdk/internal/reflect/ClassFileAssembler done
Event: 9.091 loading class jdk/internal/reflect/UTF8
Event: 9.091 loading class jdk/internal/reflect/UTF8 done
Event: 9.092 loading class jdk/internal/reflect/Label
Event: 9.092 loading class jdk/internal/reflect/Label done
Event: 9.092 loading class jdk/internal/reflect/Label$PatchInfo
Event: 9.092 loading class jdk/internal/reflect/Label$PatchInfo done
Event: 9.092 loading class jdk/internal/reflect/MethodAccessorGenerator$1
Event: 9.092 loading class jdk/internal/reflect/MethodAccessorGenerator$1 done
Event: 9.092 loading class jdk/internal/reflect/ClassDefiner
Event: 9.093 loading class jdk/internal/reflect/ClassDefiner done
Event: 9.093 loading class jdk/internal/reflect/ClassDefiner$1
Event: 9.093 loading class jdk/internal/reflect/ClassDefiner$1 done
Event: 9.113 loading class java/util/ArrayList$ListItr
Event: 9.113 loading class java/util/ArrayList$ListItr done
Event: 9.113 Executing VM operation: HandshakeAllThreads
Event: 9.113 Executing VM operation: HandshakeAllThreads done


Dynamic libraries:
0x00007ff74a480000 - 0x00007ff74a48f000 	C:\Program Files\Java\jdk-15\bin\java.exe
0x00007ff8c3320000 - 0x00007ff8c34e1000 	C:\Windows\SYSTEM32\ntdll.dll
0x00007ff8c31b0000 - 0x00007ff8c325d000 	C:\Windows\system32\KERNEL32.DLL
0x00007ff8c07c0000 - 0x00007ff8c099d000 	C:\Windows\system32\KERNELBASE.dll
0x00007ff8b8400000 - 0x00007ff8b8418000 	C:\Program Files\Java\jdk-15\bin\jli.dll
0x00007ff8b86a0000 - 0x00007ff8b86b9000 	C:\Program Files\Java\jdk-15\bin\VCRUNTIME140.dll
0x00007ff8c2b30000 - 0x00007ff8c2bd6000 	C:\Windows\system32\ADVAPI32.dll
0x00007ff8b8250000 - 0x00007ff8b8342000 	C:\Windows\SYSTEM32\ucrtbase.dll
0x00007ff8c0b20000 - 0x00007ff8c0bbd000 	C:\Windows\system32\msvcrt.dll
0x00007ff8c23f0000 - 0x00007ff8c244b000 	C:\Windows\system32\sechost.dll
0x00007ff8c09f0000 - 0x00007ff8c0b16000 	C:\Windows\system32\RPCRT4.dll
0x00007ff8c29e0000 - 0x00007ff8c2b2e000 	C:\Windows\system32\USER32.dll
0x00007ff8c2250000 - 0x00007ff8c23d6000 	C:\Windows\system32\GDI32.dll
0x00007ff8b1fe0000 - 0x00007ff8b2254000 	C:\Windows\WinSxS\amd64_microsoft.windows.common-controls_6595b64144ccf1df_6.0.10240.16384_none_f41f7b285750ef43\COMCTL32.dll
0x00007ff8be350000 - 0x00007ff8be35a000 	C:\Windows\SYSTEM32\VERSION.dll
0x00007ff8c2da0000 - 0x00007ff8c2dd6000 	C:\Windows\system32\IMM32.DLL
0x00007ff8c2c40000 - 0x00007ff8c2d9c000 	C:\Windows\system32\MSCTF.dll
0x00007ff8bca60000 - 0x00007ff8bca6c000 	C:\Program Files\Java\jdk-15\bin\vcruntime140_1.dll
0x00007ff8a3990000 - 0x00007ff8a3a21000 	C:\Program Files\Java\jdk-15\bin\msvcp140.dll
0x00007ff89fe30000 - 0x00007ff8a098c000 	C:\Program Files\Java\jdk-15\bin\server\jvm.dll
0x00007ff8c2820000 - 0x00007ff8c2828000 	C:\Windows\system32\PSAPI.DLL
0x00007ff8bca20000 - 0x00007ff8bca29000 	C:\Windows\SYSTEM32\WSOCK32.dll
0x00007ff8bd9d0000 - 0x00007ff8bd9f3000 	C:\Windows\SYSTEM32\WINMM.dll
0x00007ff8c2510000 - 0x00007ff8c2579000 	C:\Windows\system32\WS2_32.dll
0x00007ff8c2500000 - 0x00007ff8c2508000 	C:\Windows\system32\NSI.dll
0x000000c43fcc0000 - 0x000000c43fcec000 	C:\Windows\SYSTEM32\WINMMBASE.dll
0x00007ff8c09a0000 - 0x00007ff8c09e4000 	C:\Windows\system32\cfgmgr32.dll
0x00007ff8bfa70000 - 0x00007ff8bfa97000 	C:\Windows\SYSTEM32\DEVOBJ.dll
0x00007ff8bfda0000 - 0x00007ff8bfdaf000 	C:\Windows\system32\kernel.appcore.dll
0x00007ff8bc930000 - 0x00007ff8bc93a000 	C:\Program Files\Java\jdk-15\bin\jimage.dll
0x00007ff8bf740000 - 0x00007ff8bf8ca000 	C:\Windows\SYSTEM32\DBGHELP.DLL
0x00007ff8bf680000 - 0x00007ff8bf6a5000 	C:\Windows\SYSTEM32\dbgcore.DLL
0x00007ff8b6720000 - 0x00007ff8b6745000 	C:\Program Files\Java\jdk-15\bin\java.dll
0x00007ff8c0be0000 - 0x00007ff8c2102000 	C:\Windows\system32\SHELL32.dll
0x00007ff8bfdf0000 - 0x00007ff8c0419000 	C:\Windows\system32\windows.storage.dll
0x00007ff8c2f30000 - 0x00007ff8c31ac000 	C:\Windows\system32\combase.dll
0x00007ff8c2580000 - 0x00007ff8c25d1000 	C:\Windows\system32\shlwapi.dll
0x00007ff8c0420000 - 0x00007ff8c04d3000 	C:\Windows\system32\shcore.dll
0x00007ff8bfd50000 - 0x00007ff8bfd9a000 	C:\Windows\system32\powrprof.dll
0x00007ff8bfdd0000 - 0x00007ff8bfde3000 	C:\Windows\system32\profapi.dll
0x00007ff8b8200000 - 0x00007ff8b8219000 	C:\Program Files\Java\jdk-15\bin\net.dll
0x00007ff8b6350000 - 0x00007ff8b6426000 	C:\Windows\SYSTEM32\WINHTTP.dll
0x00007ff8bf2b0000 - 0x00007ff8bf30d000 	C:\Windows\system32\mswsock.dll
0x00007ff8b8090000 - 0x00007ff8b80a2000 	C:\Program Files\Java\jdk-15\bin\nio.dll
0x00007ff8b51a0000 - 0x00007ff8b51b8000 	C:\Program Files\Java\jdk-15\bin\zip.dll
0x00007ff8bc7e0000 - 0x00007ff8bc7f0000 	C:\Program Files\Java\jdk-15\bin\verify.dll
0x00007ff8b5130000 - 0x00007ff8b5156000 	C:\Users\inspiration\.gradle\native\fdc75f09e3144964f2cf3f50f0aa648679c211496f362492102eb8c894070792\windows-amd64\native-platform.dll
0x00007ff8a2700000 - 0x00007ff8a2891000 	C:\Users\inspiration\.gradle\native\12488b8bf47d2d4c9fbf2f6322a914ad602e24e48041cd04a747c6da556b65c4\windows-amd64\native-platform-file-events.dll
0x00007ff8bc940000 - 0x00007ff8bc94a000 	C:\Users\inspiration\.gradle\native\jansi\1.18\windows64\jansi.dll
0x00007ff8bc650000 - 0x00007ff8bc659000 	C:\Program Files\Java\jdk-15\bin\management.dll
0x00007ff8bc460000 - 0x00007ff8bc46b000 	C:\Program Files\Java\jdk-15\bin\management_ext.dll
0x00007ff8bf310000 - 0x00007ff8bf327000 	C:\Windows\SYSTEM32\CRYPTSP.dll
0x00007ff8bfa40000 - 0x00007ff8bfa68000 	C:\Windows\SYSTEM32\bcrypt.dll
0x00007ff8bef60000 - 0x00007ff8bef93000 	C:\Windows\system32\rsaenh.dll
0x00007ff8bf090000 - 0x00007ff8bf0af000 	C:\Windows\SYSTEM32\USERENV.dll
0x00007ff8bfba0000 - 0x00007ff8bfc0b000 	C:\Windows\system32\bcryptprimitives.dll
0x00007ff8bf480000 - 0x00007ff8bf48b000 	C:\Windows\SYSTEM32\CRYPTBASE.dll
0x00007ff8bb750000 - 0x00007ff8bb788000 	C:\Windows\SYSTEM32\IPHLPAPI.DLL
0x00007ff8bb5b0000 - 0x00007ff8bb5bb000 	C:\Windows\SYSTEM32\WINNSI.DLL
0x00007ff8ba360000 - 0x00007ff8ba376000 	C:\Windows\SYSTEM32\dhcpcsvc6.DLL
0x00007ff8ba340000 - 0x00007ff8ba35a000 	C:\Windows\SYSTEM32\dhcpcsvc.DLL

dbghelp: loaded successfully - version: 4.0.5 - missing functions: none
symbol engine: initialized successfully - sym options: 0x614 - pdb path: .;C:\Program Files\Java\jdk-15\bin;C:\Windows\SYSTEM32;C:\Windows\WinSxS\amd64_microsoft.windows.common-controls_6595b64144ccf1df_6.0.10240.16384_none_f41f7b285750ef43;C:\Program Files\Java\jdk-15\bin\server;C:\Users\inspiration\.gradle\native\fdc75f09e3144964f2cf3f50f0aa648679c211496f362492102eb8c894070792\windows-amd64;C:\Users\inspiration\.gradle\native\12488b8bf47d2d4c9fbf2f6322a914ad602e24e48041cd04a747c6da556b65c4\windows-amd64;C:\Users\inspiration\.gradle\native\jansi\1.18\windows64

VM Arguments:
jvm_args: -Xmx64m -Xms64m -Dorg.gradle.appname=gradlew 
java_command: org.gradle.wrapper.GradleWrapperMain app:installDebug -PreactNativeDevServerPort=8081
java_class_path (initial): D:\DEVELOP\APP\application-pethos\android\\gradle\wrapper\gradle-wrapper.jar
Launcher Type: SUN_STANDARD

[Global flags]
     intx CICompilerCount                          = 3                                         {product} {ergonomic}
     uint ConcGCThreads                            = 1                                         {product} {ergonomic}
     uint G1ConcRefinementThreads                  = 4                                         {product} {ergonomic}
   size_t G1HeapRegionSize                         = 1048576                                   {product} {ergonomic}
    uintx GCDrainStackTargetSize                   = 64                                        {product} {ergonomic}
   size_t InitialHeapSize                          = 67108864                                  {product} {command line}
   size_t MarkStackSize                            = 4194304                                   {product} {ergonomic}
   size_t MaxHeapSize                              = 67108864                                  {product} {command line}
   size_t MaxNewSize                               = 39845888                                  {product} {ergonomic}
   size_t MinHeapDeltaBytes                        = 1048576                                   {product} {ergonomic}
   size_t MinHeapSize                              = 67108864                                  {product} {command line}
    uintx NonNMethodCodeHeapSize                   = 5832780                                {pd product} {ergonomic}
    uintx NonProfiledCodeHeapSize                  = 122912730                              {pd product} {ergonomic}
    uintx ProfiledCodeHeapSize                     = 122912730                              {pd product} {ergonomic}
    uintx ReservedCodeCacheSize                    = 251658240                              {pd product} {ergonomic}
     bool SegmentedCodeCache                       = true                                      {product} {ergonomic}
   size_t SoftMaxHeapSize                          = 67108864                               {manageable} {ergonomic}
     bool UseCompressedClassPointers               = true                                 {lp64_product} {ergonomic}
     bool UseCompressedOops                        = true                                 {lp64_product} {ergonomic}
     bool UseG1GC                                  = true                                      {product} {ergonomic}
     bool UseLargePagesIndividualAllocation        = false                                  {pd product} {ergonomic}

Logging:
Log output configuration:
 #0: stdout all=warning uptime,level,tags
 #1: stderr all=off uptime,level,tags

Environment Variables:
JAVA_HOME=C:\Program Files\Java\jdk-15
CLASSPATH=D:\DEVELOP\APP\application-pethos\android\\gradle\wrapper\gradle-wrapper.jar
PATH=D:\DEVELOP\APP\application-pethos\android\node_modules\.bin;D:\DEVELOP\APP\application-pethos\node_modules\.bin;D:\DEVELOP\APP\node_modules\.bin;D:\DEVELOP\node_modules\.bin;D:\node_modules\.bin;C:\Program Files\nodejs;D:\DEVELOP\APP\application-pethos\node_modules\.bin;C:\Windows\system32;C:\Windows;C:\Windows\System32\Wbem;C:\Windows\System32\WindowsPowerShell\v1.0\;C:\Program Files\Git\cmd;C:\Program Files\nodejs\;C:\Program Files\MongoDB\Server\4.2\bin;C:\Program Files\TortoiseGit\bin;C:\Program Files\Java\jdk-15\bin;C:\Users\inspiration\AppData\Local\Android\Sdk\platform-tools;C:\Users\inspiration\AppData\Roaming\npm;C:\Users\inspiration\AppData\Local\Programs\Microsoft VS Code\bin
USERNAME=inspiration
OS=Windows_NT
PROCESSOR_IDENTIFIER=Intel64 Family 6 Model 61 Stepping 4, GenuineIntel



---------------  S Y S T E M  ---------------

OS:
 Windows 10 , 64 bit Build 10240 (10.0.10240.16384)
OS uptime: 1 days 18:54 hours

CPU: total 4 (initial active 4) (2 cores per cpu, 2 threads per core) family 6 model 61 stepping 4, cmov, cx8, fxsr, mmx, sse, sse2, sse3, ssse3, sse4.1, sse4.2, popcnt, vzeroupper, avx, avx2, aes, clmul, erms, 3dnowpref, lzcnt, ht, tsc, tscinvbit, bmi1, bmi2, adx, fma, clflush

Memory: 4k page, system-wide physical 12207M (7513M free)
TotalPageFile size 14063M (AvailPageFile size 9004M)
current process WorkingSet (physical memory assigned to process): 73M, peak: 76M
current process commit charge ("private bytes"): 152M, peak: 154M

vm_info: Java HotSpot(TM) 64-Bit Server VM (15+36-1562) for windows-amd64 JRE (15+36-1562), built on Aug 11 2020 22:38:02 by "mach5one" with unknown MS VC++:1925

END.
