#
# A fatal error has been detected by the Java Runtime Environment:
#
#  EXCEPTION_ACCESS_VIOLATION (0xc0000005) at pc=0x00007fffb47d68eb, pid=7864, tid=6108
#
# JRE version: Java(TM) SE Runtime Environment (15.0+36) (build 15+36-1562)
# Java VM: Java HotSpot(TM) 64-Bit Server VM (15+36-1562, mixed mode, sharing, tiered, compressed oops, g1 gc, windows-amd64)
# Problematic frame:
# V  [jvm.dll+0x6f68eb]
#
# No core dump will be written. Minidumps are not enabled by default on client versions of Windows
#
# If you would like to submit a bug report, please visit:
#   https://bugreport.java.com/bugreport/crash.jsp
#

---------------  S U M M A R Y ------------

Command Line: --add-opens=java.base/java.util=ALL-UNNAMED --add-opens=java.base/java.lang=ALL-UNNAMED --add-opens=java.base/java.lang.invoke=ALL-UNNAMED --add-opens=java.prefs/java.util.prefs=ALL-UNNAMED -XX:MaxMetaspaceSize=256m -XX:+HeapDumpOnOutOfMemoryError -Xms256m -Xmx512m -Dfile.encoding=windows-1256 -Duser.country=US -Duser.language=en -Duser.variant org.gradle.launcher.daemon.bootstrap.GradleDaemon 6.7

Host: Intel(R) Core(TM) i3-5005U CPU @ 2.00GHz, 4 cores, 11G,  Windows 10 , 64 bit Build 10240 (10.0.10240.16384)
Time: Sun Jul 25 16:06:10 2021 Iran Daylight Time elapsed time: 1894.956432 seconds (0d 0h 31m 34s)

---------------  T H R E A D  ---------------

Current thread (0x000000493a54d1d0):  JavaThread "Service Thread" daemon [_thread_in_vm, id=6108, stack(0x000000493b590000,0x000000493b690000)]

Stack: [0x000000493b590000,0x000000493b690000],  sp=0x000000493b68f0e0,  free space=1020k
Native frames: (J=compiled Java code, j=interpreted, Vv=VM code, C=native code)
V  [jvm.dll+0x6f68eb]
V  [jvm.dll+0x6f77fc]
V  [jvm.dll+0x6f7fe1]
V  [jvm.dll+0x68e68b]
V  [jvm.dll+0x74384d]
V  [jvm.dll+0x73c64a]
V  [jvm.dll+0x628d16]
C  [ucrtbase.dll+0x682dd]
C  [KERNEL32.DLL+0x12d92]
C  [ntdll.dll+0x9f64]


siginfo: EXCEPTION_ACCESS_VIOLATION (0xc0000005), reading address 0x00000049c097c4a0


Register to memory mapping:

RIP=0x00007fffb47d68eb jvm.dll
RAX=0x00000049c097c4a0 is an unknown value
RBX=0x0 is NULL
RCX=0x00000000ec0e0004 is pointing into object: [B 
{0x00000000ec000000} - klass: {type array byte}
 - length: 10
RDX=0x000000493d1bdae0 points into unknown readable memory: 0x000000494062ee50 | 50 ee 62 40 49 00 00 00
RSP=0x000000493b68f0e0 is pointing into the stack for thread: 0x000000493a54d1d0
RBP=0x000000493a3eb850 points into unknown readable memory: 0x000000491d480150 | 50 01 48 1d 49 00 00 00
RSI=0x000000493a3f4990 points into unknown readable memory: 0x000000493c21f810 | 10 f8 21 3c 49 00 00 00
RDI=8192 is a compressed pointer to class: 0x0000000800010000
R8 =0x000000493eb95110 points into unknown readable memory: 0x000000493e83fa30 | 30 fa 83 3e 49 00 00 00
R9 =0x0 is NULL
R10=0x0 is NULL
R11=0x0000000000000064 is an unknown value
R12=0x000000493b68fa78 is pointing into the stack for thread: 0x000000493a54d1d0
R13=0x000000493a54d1d0 is a thread
R14=0x0 is NULL
R15=0x0000000000001215 is an unknown value


Registers:
RAX=0x00000049c097c4a0, RBX=0x0000000000000000, RCX=0x00000000ec0e0004, RDX=0x000000493d1bdae0
RSP=0x000000493b68f0e0, RBP=0x000000493a3eb850, RSI=0x000000493a3f4990, RDI=0x0000000000002000
R8 =0x000000493eb95110, R9 =0x0000000000000000, R10=0x0000000000000000, R11=0x0000000000000064
R12=0x000000493b68fa78, R13=0x000000493a54d1d0, R14=0x0000000000000000, R15=0x0000000000001215
RIP=0x00007fffb47d68eb, EFLAGS=0x0000000000010206

Top of Stack: (sp=0x000000493b68f0e0)
0x000000493b68f0e0:   000000493e498f20 000000493a3eb9d8
0x000000493b68f0f0:   0000000000000000 0000000000000000
0x000000493b68f100:   000000493a3eb850 000000493b68fa80
0x000000493b68f110:   000000493b68fa78 000000493a54d1d0
0x000000493b68f120:   0000000000001215 0000000000002000
0x000000493b68f130:   000000491f8486a0 0000000000000000
0x000000493b68f140:   0000004942931590 000000494bb283b0
0x000000493b68f150:   0000000000000000 0000000000000000
0x000000493b68f160:   0000000000000000 0000000000000000
0x000000493b68f170:   0000000000000000 0000000000000000
0x000000493b68f180:   0000000000000000 0000000000000000
0x000000493b68f190:   0000000000000000 0000000000000000
0x000000493b68f1a0:   0000000000000000 0000000000000000
0x000000493b68f1b0:   0000000000000000 0000000000000000
0x000000493b68f1c0:   0000000000000000 0000000000000000
0x000000493b68f1d0:   0000000000000000 0000000000000000 

Instructions: (pc=0x00007fffb47d68eb)
0x00007fffb47d67eb:   78 08 00 00 48 81 c4 30 08 00 00 41 5f 41 5e 41
0x00007fffb47d67fb:   5d 5e 5d c3 cc 40 53 55 56 57 41 54 41 55 41 57
0x00007fffb47d680b:   48 81 ec 70 08 00 00 48 8b 05 bf 75 33 00 48 33
0x00007fffb47d681b:   c4 48 89 84 24 60 08 00 00 48 8b 71 08 49 8b f9
0x00007fffb47d682b:   48 8b 9a 08 01 00 00 4d 8b f8 48 8b 84 24 d8 08
0x00007fffb47d683b:   00 00 4c 8b ea 4c 8b a4 24 d0 08 00 00 48 8b e9
0x00007fffb47d684b:   48 89 44 24 28 48 8b c3 4c 89 4c 24 48 48 89 54
0x00007fffb47d685b:   24 38 48 89 4c 24 20 4c 89 64 24 30 48 89 74 24
0x00007fffb47d686b:   50 f6 c3 01 75 0b 48 8b 05 88 a6 38 00 48 83 c8
0x00007fffb47d687b:   01 48 89 82 08 01 00 00 e8 28 50 f2 ff 4c 3b ff
0x00007fffb47d688b:   0f 83 8a 02 00 00 4c 89 b4 24 b8 08 00 00 45 33
0x00007fffb47d689b:   f6 0f 1f 40 00 48 8b 06 4a 8d 34 f8 49 ff c7 4c
0x00007fffb47d68ab:   3b ff 4c 89 7c 24 40 4c 8d 46 08 4d 0f 43 c6 4d
0x00007fffb47d68bb:   85 c0 74 09 4d 8b 00 49 83 e0 fc eb 03 4d 8b c6
0x00007fffb47d68cb:   48 8b 16 48 83 e2 fc 0f 84 2d 02 00 00 4d 85 c0
0x00007fffb47d68db:   74 03 4d 8b 00 48 8b 02 49 ff 04 24 48 8b 42 08
0x00007fffb47d68eb:   8b 08 66 85 c9 74 0d 48 8b 12 48 85 d2 75 de e9
0x00007fffb47d68fb:   06 02 00 00 49 89 9d 08 01 00 00 41 8b fe 0f 1f
0x00007fffb47d690b:   80 00 00 00 00 48 8b 06 a8 01 75 22 48 8b 1e 48
0x00007fffb47d691b:   8b d6 48 8b 05 44 ca 31 00 48 83 e3 fc 48 8b cb
0x00007fffb47d692b:   4c 8b c3 48 83 c9 01 ff d0 48 3b c3 74 18 ff c7
0x00007fffb47d693b:   81 ff 00 20 00 00 75 07 e8 58 fd f2 ff eb bc e8
0x00007fffb47d694b:   01 84 91 ff eb bf 48 8b 06 4c 8b c6 48 83 e0 fc
0x00007fffb47d695b:   74 42 0f 1f 00 49 ff 04 24 48 8b 48 08 8b 11 66
0x00007fffb47d696b:   85 d2 75 25 4a 89 44 f4 60 49 ff c6 48 8b 00 49
0x00007fffb47d697b:   8b 08 48 33 c8 83 e1 03 48 33 c8 49 89 08 49 81
0x00007fffb47d698b:   fe 00 01 00 00 74 0d eb 06 4c 8b c0 48 8b 00 48
0x00007fffb47d699b:   85 c0 75 c1 48 8b 06 48 83 e0 fc 80 bc 24 e0 08
0x00007fffb47d69ab:   00 00 00 48 89 06 75 12 e8 f8 4e f2 ff 48 8b 45
0x00007fffb47d69bb:   48 49 3b c5 74 09 4c 89 6d 48 e8 86 f7 c0 ff 33
0x00007fffb47d69cb:   ed 4d 85 f6 0f 84 fd 00 00 00 4c 8b 7c 24 20 44
0x00007fffb47d69db:   8d 6d 08 4c 8b 64 24 28 0f 1f 40 00 66 0f 1f 84 


Stack slot to memory mapping:
stack at sp + 0 slots: 0x000000493e498f20 points into unknown readable memory: 0x00000049423023e0 | e0 23 30 42 49 00 00 00
stack at sp + 1 slots: 0x000000493a3eb9d8 points into unknown readable memory: 0x000000493e498f20 | 20 8f 49 3e 49 00 00 00
stack at sp + 2 slots: 0x0 is NULL
stack at sp + 3 slots: 0x0 is NULL
stack at sp + 4 slots: 0x000000493a3eb850 points into unknown readable memory: 0x000000491d480150 | 50 01 48 1d 49 00 00 00
stack at sp + 5 slots: 0x000000493b68fa80 is pointing into the stack for thread: 0x000000493a54d1d0
stack at sp + 6 slots: 0x000000493b68fa78 is pointing into the stack for thread: 0x000000493a54d1d0
stack at sp + 7 slots: 0x000000493a54d1d0 is a thread


---------------  P R O C E S S  ---------------

Threads class SMR info:
_java_thread_list=0x0000004940c7f820, length=136, elements={
0x000000491f82cca0, 0x000000493a528200, 0x000000493a529bd0, 0x000000493a549f40,
0x000000493a54a800, 0x000000493a54d1d0, 0x000000493a54dec0, 0x000000493a55b5a0,
0x000000493a5ae340, 0x000000493b962a90, 0x000000493b987d40, 0x000000493dd5e970,
0x000000493e835a40, 0x000000493c8022c0, 0x000000493d8613c0, 0x000000493d862230,
0x000000493d861d60, 0x000000493e63a7d0, 0x000000493e638150, 0x000000493baceaa0,
0x000000494afc2810, 0x000000494afc1e70, 0x000000494afc2340, 0x000000494132c9e0,
0x000000494132b6a0, 0x000000494132ad00, 0x000000494132bb70, 0x000000494132c040,
0x00000049413299c0, 0x0000004941326e70, 0x000000494132c510, 0x0000004941328b50,
0x0000004941328680, 0x000000494132d380, 0x000000494132d850, 0x0000004941327340,
0x000000494132dd20, 0x0000004941327810, 0x0000004941327ce0, 0x00000049413281b0,
0x0000004941329020, 0x00000049413294f0, 0x0000004941329e90, 0x000000494132a360,
0x000000494132a830, 0x0000004940f00ea0, 0x0000004940ef9ff0, 0x0000004940efc1a0,
0x0000004940efd010, 0x0000004940f01840, 0x0000004940efd4e0, 0x0000004940eff1c0,
0x0000004940efc670, 0x0000004940efd9b0, 0x0000004940efde80, 0x0000004940efecf0,
0x0000004940efe350, 0x0000004940f009d0, 0x0000004940eff690, 0x0000004940efe820,
0x0000004940effb60, 0x0000004940efae60, 0x0000004940f01370, 0x0000004940f00030,
0x0000004940efa4c0, 0x0000004940efa990, 0x0000004940efb330, 0x0000004940efb800,
0x0000004940efbcd0, 0x000000494b01e880, 0x000000494b020f00, 0x000000494b0213d0,
0x000000494b0248c0, 0x000000494b0243f0, 0x000000494b01e3b0, 0x000000494b020090,
0x000000494b021d70, 0x000000494b022be0, 0x000000494b0230b0, 0x000000494b01ed50,
0x000000494b01f220, 0x000000494b025730, 0x000000494b022240, 0x000000494b020560,
0x000000494b01f6f0, 0x000000494b024d90, 0x000000494b01fbc0, 0x000000494b025260,
0x000000494b022710, 0x000000494b023580, 0x000000494b023a50, 0x000000494b023f20,
0x0000004940df56c0, 0x0000004940df0020, 0x0000004940df2b70, 0x0000004940df1830,
0x0000004940df3040, 0x0000004940df3510, 0x0000004940df39e0, 0x0000004940df5b90,
0x0000004940df6530, 0x0000004940df21d0, 0x0000004940df6ed0, 0x0000004940df7870,
0x0000004940df1d00, 0x0000004940df3eb0, 0x0000004940df4380, 0x0000004940df4850,
0x0000004940df6a00, 0x0000004940df1360, 0x0000004940df4d20, 0x0000004940df73a0,
0x0000004940df04f0, 0x0000004940df09c0, 0x0000004940df0e90, 0x000000493bacfde0,
0x000000493bac9400, 0x000000493bacf910, 0x000000493bacbf50, 0x000000493bacef70,
0x000000493bacac10, 0x000000493bacc8f0, 0x000000493baccdc0, 0x000000493bacdc30,
0x000000493bacf440, 0x000000493bad02b0, 0x000000493bace100, 0x000000493bacb5b0,
0x000000493bac9da0, 0x000000493bacba80, 0x000000493e63d7f0, 0x000000493e638620,
0x000000493e63c980, 0x000000493e636940, 0x000000493e638af0, 0x000000493e63b640
}

Java Threads: ( => current thread )
  0x000000491f82cca0 JavaThread "main" [_thread_blocked, id=11156, stack(0x000000491d7e0000,0x000000491d8e0000)]
  0x000000493a528200 JavaThread "Reference Handler" daemon [_thread_blocked, id=7720, stack(0x000000493b0b0000,0x000000493b1b0000)]
  0x000000493a529bd0 JavaThread "Finalizer" daemon [_thread_blocked, id=6260, stack(0x000000493b1b0000,0x000000493b2b0000)]
  0x000000493a549f40 JavaThread "Signal Dispatcher" daemon [_thread_blocked, id=5996, stack(0x000000493b390000,0x000000493b490000)]
  0x000000493a54a800 JavaThread "Attach Listener" daemon [_thread_blocked, id=5128, stack(0x000000493b490000,0x000000493b590000)]
=>0x000000493a54d1d0 JavaThread "Service Thread" daemon [_thread_in_vm, id=6108, stack(0x000000493b590000,0x000000493b690000)]
  0x000000493a54dec0 JavaThread "C2 CompilerThread0" daemon [_thread_in_native, id=7828, stack(0x000000493b690000,0x000000493b790000)]
  0x000000493a55b5a0 JavaThread "C1 CompilerThread0" daemon [_thread_blocked, id=9892, stack(0x000000493b790000,0x000000493b890000)]
  0x000000493a5ae340 JavaThread "Sweeper thread" daemon [_thread_blocked, id=7012, stack(0x000000493bc90000,0x000000493bd90000)]
  0x000000493b962a90 JavaThread "Common-Cleaner" daemon [_thread_blocked, id=4548, stack(0x000000493bd90000,0x000000493be90000)]
  0x000000493b987d40 JavaThread "Notification Thread" daemon [_thread_blocked, id=2720, stack(0x000000493be90000,0x000000493bf90000)]
  0x000000493dd5e970 JavaThread "Daemon health stats" [_thread_blocked, id=1552, stack(0x000000493ed30000,0x000000493ee30000)]
  0x000000493e835a40 JavaThread "Incoming local TCP Connector on port 53602" [_thread_in_native, id=9672, stack(0x000000493f270000,0x000000493f370000)]
  0x000000493c8022c0 JavaThread "Daemon periodic checks" [_thread_blocked, id=8224, stack(0x000000493f450000,0x000000493f550000)]
  0x000000493d8613c0 JavaThread "Cache worker for file hash cache (C:\Users\inspiration\.gradle\caches\6.7\fileHashes)" [_thread_blocked, id=7200, stack(0x000000493ff50000,0x0000004940050000)]
  0x000000493d862230 JavaThread "File lock request listener" [_thread_in_native, id=3660, stack(0x0000004940050000,0x0000004940150000)]
  0x000000493d861d60 JavaThread "Cache worker for journal cache (C:\Users\inspiration\.gradle\caches\journal-1)" [_thread_blocked, id=4464, stack(0x0000004940350000,0x0000004940450000)]
  0x000000493e63a7d0 JavaThread "Cache worker for execution history cache (C:\Users\inspiration\.gradle\caches\6.7\executionHistory)" [_thread_blocked, id=2012, stack(0x0000004942f60000,0x0000004943060000)]
  0x000000493e638150 JavaThread "Cache worker for file content cache (C:\Users\inspiration\.gradle\caches\6.7\fileContent)" [_thread_blocked, id=9784, stack(0x0000004943b30000,0x0000004943c30000)]
  0x000000493baceaa0 JavaThread "Memory manager" [_thread_blocked, id=4092, stack(0x000000494a9a0000,0x000000494aaa0000)]
  0x000000494afc2810 JavaThread "Monitor" [_thread_in_native, id=2860, stack(0x000000491d6a0000,0x000000491d7a0000)]
  0x000000494afc1e70 JavaThread "JdwpProxyConnection" [_thread_in_native, id=5104, stack(0x000000494ffb0000,0x00000049500b0000)]
  0x000000494afc2340 JavaThread "Device List Monitor" [_thread_in_native, id=4224, stack(0x00000049500b0000,0x00000049501b0000)]
  0x000000494132c9e0 JavaThread "Daemon Thread 5" [_thread_blocked, id=7452, stack(0x000000491d370000,0x000000491d470000)]
  0x000000494132b6a0 JavaThread "Handler for socket connection from /127.0.0.1:53602 to /127.0.0.1:53890" [_thread_in_native, id=7004, stack(0x000000493cc90000,0x000000493cd90000)]
  0x000000494132ad00 JavaThread "Cancel handler" [_thread_blocked, id=10908, stack(0x000000493f550000,0x000000493f650000)]
  0x000000494132bb70 JavaThread "Daemon worker Thread 5" [_thread_blocked, id=5984, stack(0x000000493f950000,0x000000493fa50000)]
  0x000000494132c040 JavaThread "Asynchronous log dispatcher for DefaultDaemonConnection: socket connection from /127.0.0.1:53602 to /127.0.0.1:53890" [_thread_blocked, id=8012, stack(0x000000493fa50000,0x000000493fb50000)]
  0x00000049413299c0 JavaThread "Stdin handler" [_thread_blocked, id=2724, stack(0x000000493fb50000,0x000000493fc50000)]
  0x0000004941326e70 JavaThread "Thread-572" [_thread_blocked, id=9384, stack(0x000000493fc50000,0x000000493fd50000)]
  0x000000494132c510 JavaThread "Cache worker for file hash cache (D:\DEVELOP\APP\pethos\android\.gradle\6.7\fileHashes)" [_thread_blocked, id=6416, stack(0x0000004941420000,0x0000004941520000)]
  0x0000004941328b50 JavaThread "Cache worker for checksums cache (D:\DEVELOP\APP\pethos\android\.gradle\checksums)" [_thread_blocked, id=9876, stack(0x0000004941720000,0x0000004941820000)]
  0x0000004941328680 JavaThread "Cache worker for cache directory md-supplier (C:\Users\inspiration\.gradle\caches\6.7\md-supplier)" [_thread_blocked, id=2232, stack(0x0000004942e60000,0x0000004942f60000)]
  0x000000494132d380 JavaThread "Cache worker for cache directory md-rule (C:\Users\inspiration\.gradle\caches\6.7\md-rule)" [_thread_blocked, id=2032, stack(0x0000004943660000,0x0000004943760000)]
  0x000000494132d850 JavaThread "Cache worker for Build Output Cleanup Cache (D:\DEVELOP\APP\pethos\android\.gradle\buildOutputCleanup)" [_thread_blocked, id=5600, stack(0x0000004943960000,0x0000004943a60000)]
  0x0000004941327340 JavaThread "Build operations" [_thread_blocked, id=3916, stack(0x0000004943e30000,0x0000004943f30000)]
  0x000000494132dd20 JavaThread "Build operations Thread 2" [_thread_blocked, id=2384, stack(0x00000049441a0000,0x00000049442a0000)]
  0x0000004941327810 JavaThread "Build operations Thread 3" [_thread_blocked, id=8844, stack(0x00000049442a0000,0x00000049443a0000)]
  0x0000004941327ce0 JavaThread "Build operations Thread 4" [_thread_blocked, id=11212, stack(0x00000049443a0000,0x00000049444a0000)]
  0x00000049413281b0 JavaThread "jar transforms Thread 461" [_thread_blocked, id=6024, stack(0x00000049444a0000,0x00000049445a0000)]
  0x0000004941329020 JavaThread "jar transforms Thread 462" [_thread_blocked, id=4804, stack(0x00000049447a0000,0x00000049448a0000)]
  0x00000049413294f0 JavaThread "jar transforms Thread 463" [_thread_blocked, id=3452, stack(0x00000049448a0000,0x00000049449a0000)]
  0x0000004941329e90 JavaThread "jar transforms Thread 464" [_thread_blocked, id=2848, stack(0x00000049449a0000,0x0000004944aa0000)]
  0x000000494132a360 JavaThread "jar transforms Thread 465" [_thread_blocked, id=2412, stack(0x0000004944aa0000,0x0000004944ba0000)]
  0x000000494132a830 JavaThread "jar transforms Thread 466" [_thread_blocked, id=8940, stack(0x0000004944ba0000,0x0000004944ca0000)]
  0x0000004940f00ea0 JavaThread "jar transforms Thread 467" [_thread_blocked, id=6468, stack(0x0000004944ca0000,0x0000004944da0000)]
  0x0000004940ef9ff0 JavaThread "jar transforms Thread 468" [_thread_blocked, id=5852, stack(0x0000004944da0000,0x0000004944ea0000)]
  0x0000004940efc1a0 JavaThread "jar transforms Thread 469" [_thread_blocked, id=932, stack(0x0000004944ea0000,0x0000004944fa0000)]
  0x0000004940efd010 JavaThread "jar transforms Thread 470" [_thread_blocked, id=5436, stack(0x0000004944fa0000,0x00000049450a0000)]
  0x0000004940f01840 JavaThread "jar transforms Thread 471" [_thread_blocked, id=9868, stack(0x00000049450a0000,0x00000049451a0000)]
  0x0000004940efd4e0 JavaThread "jar transforms Thread 472" [_thread_blocked, id=3032, stack(0x00000049451a0000,0x00000049452a0000)]
  0x0000004940eff1c0 JavaThread "jar transforms Thread 473" [_thread_blocked, id=11236, stack(0x00000049452a0000,0x00000049453a0000)]
  0x0000004940efc670 JavaThread "jar transforms Thread 474" [_thread_blocked, id=8968, stack(0x00000049453a0000,0x00000049454a0000)]
  0x0000004940efd9b0 JavaThread "jar transforms Thread 475" [_thread_blocked, id=9908, stack(0x00000049455b0000,0x00000049456b0000)]
  0x0000004940efde80 JavaThread "jar transforms Thread 476" [_thread_blocked, id=3748, stack(0x00000049454a0000,0x00000049455a0000)]
  0x0000004940efecf0 JavaThread "jar transforms Thread 477" [_thread_blocked, id=5308, stack(0x00000049456b0000,0x00000049457b0000)]
  0x0000004940efe350 JavaThread "jar transforms Thread 478" [_thread_blocked, id=10836, stack(0x00000049457b0000,0x00000049458b0000)]
  0x0000004940f009d0 JavaThread "jar transforms Thread 479" [_thread_blocked, id=9364, stack(0x00000049458b0000,0x00000049459b0000)]
  0x0000004940eff690 JavaThread "jar transforms Thread 480" [_thread_blocked, id=9440, stack(0x00000049459b0000,0x0000004945ab0000)]
  0x0000004940efe820 JavaThread "jar transforms Thread 481" [_thread_blocked, id=4988, stack(0x0000004945ab0000,0x0000004945bb0000)]
  0x0000004940effb60 JavaThread "jar transforms Thread 482" [_thread_blocked, id=2620, stack(0x0000004945bb0000,0x0000004945cb0000)]
  0x0000004940efae60 JavaThread "jar transforms Thread 483" [_thread_blocked, id=228, stack(0x0000004945cb0000,0x0000004945db0000)]
  0x0000004940f01370 JavaThread "jar transforms Thread 484" [_thread_blocked, id=3116, stack(0x0000004945db0000,0x0000004945eb0000)]
  0x0000004940f00030 JavaThread "jar transforms Thread 485" [_thread_blocked, id=6404, stack(0x0000004945eb0000,0x0000004945fb0000)]
  0x0000004940efa4c0 JavaThread "jar transforms Thread 486" [_thread_blocked, id=2184, stack(0x0000004945fb0000,0x00000049460b0000)]
  0x0000004940efa990 JavaThread "jar transforms Thread 487" [_thread_blocked, id=8520, stack(0x00000049460b0000,0x00000049461b0000)]
  0x0000004940efb330 JavaThread "jar transforms Thread 488" [_thread_blocked, id=1880, stack(0x00000049461b0000,0x00000049462b0000)]
  0x0000004940efb800 JavaThread "jar transforms Thread 489" [_thread_blocked, id=1544, stack(0x00000049462b0000,0x00000049463b0000)]
  0x0000004940efbcd0 JavaThread "jar transforms Thread 490" [_thread_blocked, id=4492, stack(0x00000049463b0000,0x00000049464b0000)]
  0x000000494b01e880 JavaThread "jar transforms Thread 491" [_thread_blocked, id=7428, stack(0x00000049464b0000,0x00000049465b0000)]
  0x000000494b020f00 JavaThread "jar transforms Thread 492" [_thread_blocked, id=5172, stack(0x00000049465b0000,0x00000049466b0000)]
  0x000000494b0213d0 JavaThread "jar transforms Thread 493" [_thread_blocked, id=3852, stack(0x00000049466b0000,0x00000049467b0000)]
  0x000000494b0248c0 JavaThread "jar transforms Thread 494" [_thread_blocked, id=636, stack(0x00000049467b0000,0x00000049468b0000)]
  0x000000494b0243f0 JavaThread "jar transforms Thread 495" [_thread_blocked, id=4020, stack(0x00000049468b0000,0x00000049469b0000)]
  0x000000494b01e3b0 JavaThread "jar transforms Thread 496" [_thread_blocked, id=8988, stack(0x00000049469b0000,0x0000004946ab0000)]
  0x000000494b020090 JavaThread "jar transforms Thread 497" [_thread_blocked, id=7292, stack(0x0000004946ab0000,0x0000004946bb0000)]
  0x000000494b021d70 JavaThread "jar transforms Thread 498" [_thread_blocked, id=5972, stack(0x0000004946bb0000,0x0000004946cb0000)]
  0x000000494b022be0 JavaThread "jar transforms Thread 499" [_thread_blocked, id=6228, stack(0x0000004946cb0000,0x0000004946db0000)]
  0x000000494b0230b0 JavaThread "jar transforms Thread 500" [_thread_blocked, id=4740, stack(0x0000004946db0000,0x0000004946eb0000)]
  0x000000494b01ed50 JavaThread "jar transforms Thread 501" [_thread_blocked, id=5384, stack(0x0000004946eb0000,0x0000004946fb0000)]
  0x000000494b01f220 JavaThread "jar transforms Thread 502" [_thread_blocked, id=5736, stack(0x0000004946fb0000,0x00000049470b0000)]
  0x000000494b025730 JavaThread "jar transforms Thread 503" [_thread_blocked, id=1948, stack(0x00000049470b0000,0x00000049471b0000)]
  0x000000494b022240 JavaThread "jar transforms Thread 504" [_thread_blocked, id=11220, stack(0x00000049471b0000,0x00000049472b0000)]
  0x000000494b020560 JavaThread "jar transforms Thread 505" [_thread_blocked, id=6584, stack(0x00000049472b0000,0x00000049473b0000)]
  0x000000494b01f6f0 JavaThread "jar transforms Thread 506" [_thread_blocked, id=10224, stack(0x00000049473b0000,0x00000049474b0000)]
  0x000000494b024d90 JavaThread "jar transforms Thread 507" [_thread_blocked, id=2728, stack(0x00000049474b0000,0x00000049475b0000)]
  0x000000494b01fbc0 JavaThread "jar transforms Thread 508" [_thread_blocked, id=9600, stack(0x00000049475b0000,0x00000049476b0000)]
  0x000000494b025260 JavaThread "jar transforms Thread 509" [_thread_blocked, id=7188, stack(0x00000049476b0000,0x00000049477b0000)]
  0x000000494b022710 JavaThread "jar transforms Thread 510" [_thread_blocked, id=8852, stack(0x00000049477b0000,0x00000049478b0000)]
  0x000000494b023580 JavaThread "jar transforms Thread 511" [_thread_blocked, id=5180, stack(0x00000049478b0000,0x00000049479b0000)]
  0x000000494b023a50 JavaThread "jar transforms Thread 512" [_thread_blocked, id=9872, stack(0x00000049479b0000,0x0000004947ab0000)]
  0x000000494b023f20 JavaThread "jar transforms Thread 513" [_thread_blocked, id=2024, stack(0x0000004947ab0000,0x0000004947bb0000)]
  0x0000004940df56c0 JavaThread "jar transforms Thread 514" [_thread_blocked, id=664, stack(0x0000004947bb0000,0x0000004947cb0000)]
  0x0000004940df0020 JavaThread "jar transforms Thread 515" [_thread_blocked, id=2408, stack(0x0000004947cb0000,0x0000004947db0000)]
  0x0000004940df2b70 JavaThread "jar transforms Thread 516" [_thread_blocked, id=1172, stack(0x0000004947db0000,0x0000004947eb0000)]
  0x0000004940df1830 JavaThread "jar transforms Thread 517" [_thread_blocked, id=5036, stack(0x0000004947eb0000,0x0000004947fb0000)]
  0x0000004940df3040 JavaThread "jar transforms Thread 518" [_thread_blocked, id=2768, stack(0x0000004947fb0000,0x00000049480b0000)]
  0x0000004940df3510 JavaThread "jar transforms Thread 519" [_thread_blocked, id=3948, stack(0x00000049480b0000,0x00000049481b0000)]
  0x0000004940df39e0 JavaThread "jar transforms Thread 520" [_thread_blocked, id=9660, stack(0x00000049481b0000,0x00000049482b0000)]
  0x0000004940df5b90 JavaThread "jar transforms Thread 521" [_thread_blocked, id=5304, stack(0x00000049482b0000,0x00000049483b0000)]
  0x0000004940df6530 JavaThread "jar transforms Thread 522" [_thread_blocked, id=3124, stack(0x00000049483b0000,0x00000049484b0000)]
  0x0000004940df21d0 JavaThread "jar transforms Thread 523" [_thread_blocked, id=6412, stack(0x00000049484b0000,0x00000049485b0000)]
  0x0000004940df6ed0 JavaThread "jar transforms Thread 524" [_thread_blocked, id=1524, stack(0x00000049485b0000,0x00000049486b0000)]
  0x0000004940df7870 JavaThread "jar transforms Thread 525" [_thread_blocked, id=5032, stack(0x00000049486b0000,0x00000049487b0000)]
  0x0000004940df1d00 JavaThread "jar transforms Thread 526" [_thread_blocked, id=7412, stack(0x00000049487b0000,0x00000049488b0000)]
  0x0000004940df3eb0 JavaThread "jar transforms Thread 527" [_thread_blocked, id=3220, stack(0x00000049488b0000,0x00000049489b0000)]
  0x0000004940df4380 JavaThread "jar transforms Thread 528" [_thread_blocked, id=948, stack(0x00000049489b0000,0x0000004948ab0000)]
  0x0000004940df4850 JavaThread "jar transforms Thread 529" [_thread_blocked, id=6796, stack(0x0000004948ab0000,0x0000004948bb0000)]
  0x0000004940df6a00 JavaThread "jar transforms Thread 530" [_thread_blocked, id=7068, stack(0x0000004948bb0000,0x0000004948cb0000)]
  0x0000004940df1360 JavaThread "jar transforms Thread 531" [_thread_blocked, id=3792, stack(0x0000004948cb0000,0x0000004948db0000)]
  0x0000004940df4d20 JavaThread "jar transforms Thread 532" [_thread_blocked, id=2040, stack(0x0000004948db0000,0x0000004948eb0000)]
  0x0000004940df73a0 JavaThread "jar transforms Thread 533" [_thread_blocked, id=196, stack(0x0000004948eb0000,0x0000004948fb0000)]
  0x0000004940df04f0 JavaThread "jar transforms Thread 534" [_thread_blocked, id=8528, stack(0x0000004948fb0000,0x00000049490b0000)]
  0x0000004940df09c0 JavaThread "jar transforms Thread 535" [_thread_blocked, id=32, stack(0x00000049490b0000,0x00000049491b0000)]
  0x0000004940df0e90 JavaThread "jar transforms Thread 536" [_thread_blocked, id=9624, stack(0x00000049491b0000,0x00000049492b0000)]
  0x000000493bacfde0 JavaThread "jar transforms Thread 537" [_thread_blocked, id=2772, stack(0x00000049492b0000,0x00000049493b0000)]
  0x000000493bac9400 JavaThread "jar transforms Thread 538" [_thread_blocked, id=8344, stack(0x00000049493b0000,0x00000049494b0000)]
  0x000000493bacf910 JavaThread "jar transforms Thread 539" [_thread_blocked, id=8152, stack(0x00000049494b0000,0x00000049495b0000)]
  0x000000493bacbf50 JavaThread "jar transforms Thread 540" [_thread_blocked, id=1000, stack(0x00000049495b0000,0x00000049496b0000)]
  0x000000493bacef70 JavaThread "jar transforms Thread 541" [_thread_blocked, id=4452, stack(0x00000049496b0000,0x00000049497b0000)]
  0x000000493bacac10 JavaThread "jar transforms Thread 542" [_thread_blocked, id=7264, stack(0x00000049497b0000,0x00000049498b0000)]
  0x000000493bacc8f0 JavaThread "jar transforms Thread 543" [_thread_blocked, id=6236, stack(0x00000049498b0000,0x00000049499b0000)]
  0x000000493baccdc0 JavaThread "jar transforms Thread 544" [_thread_blocked, id=9676, stack(0x00000049499b0000,0x0000004949ab0000)]
  0x000000493bacdc30 JavaThread "jar transforms Thread 545" [_thread_blocked, id=2696, stack(0x0000004949ab0000,0x0000004949bb0000)]
  0x000000493bacf440 JavaThread "jar transforms Thread 546" [_thread_blocked, id=6480, stack(0x0000004949bb0000,0x0000004949cb0000)]
  0x000000493bad02b0 JavaThread "jar transforms Thread 547" [_thread_blocked, id=4140, stack(0x0000004949cb0000,0x0000004949db0000)]
  0x000000493bace100 JavaThread "jar transforms Thread 548" [_thread_blocked, id=356, stack(0x0000004949db0000,0x0000004949eb0000)]
  0x000000493bacb5b0 JavaThread "jar transforms Thread 549" [_thread_blocked, id=7908, stack(0x0000004949eb0000,0x0000004949fb0000)]
  0x000000493bac9da0 JavaThread "jar transforms Thread 550" [_thread_blocked, id=11168, stack(0x0000004949fb0000,0x000000494a0b0000)]
  0x000000493bacba80 JavaThread "jar transforms Thread 551" [_thread_blocked, id=1328, stack(0x000000494aaa0000,0x000000494aba0000)]
  0x000000493e63d7f0 JavaThread "jar transforms Thread 552" [_thread_blocked, id=11252, stack(0x000000494e600000,0x000000494e700000)]
  0x000000493e638620 JavaThread "pool-6-thread-1" [_thread_blocked, id=8888, stack(0x000000494ec20000,0x000000494ed20000)]
  0x000000493e63c980 JavaThread "Execution worker for ':'" [_thread_blocked, id=7252, stack(0x00000049503b0000,0x00000049504b0000)]
  0x000000493e636940 JavaThread "Execution worker for ':' Thread 2" [_thread_blocked, id=10028, stack(0x0000004950dc0000,0x0000004950ec0000)]
  0x000000493e638af0 JavaThread "Execution worker for ':' Thread 3" [_thread_in_native, id=4320, stack(0x0000004950ec0000,0x0000004950fc0000)]
  0x000000493e63b640 JavaThread "Cache worker for execution history cache (D:\DEVELOP\APP\pethos\android\.gradle\6.7\executionHistory)" [_thread_blocked, id=8120, stack(0x0000004950fc0000,0x00000049510c0000)]

Other Threads:
  0x000000493a520db0 VMThread "VM Thread" [stack: 0x000000493afb0000,0x000000493b0b0000] [id=3120]
  0x000000493b989ef0 WatcherThread [stack: 0x000000493bf90000,0x000000493c090000] [id=3896]
  0x000000491f856350 GCTaskThread "GC Thread#0" [stack: 0x0000004937c70000,0x0000004937d70000] [id=4896]
  0x000000493c531590 GCTaskThread "GC Thread#1" [stack: 0x000000493c890000,0x000000493c990000] [id=9100]
  0x000000493c530f30 GCTaskThread "GC Thread#2" [stack: 0x000000493c990000,0x000000493ca90000] [id=4456]
  0x000000493c530c00 GCTaskThread "GC Thread#3" [stack: 0x000000493ca90000,0x000000493cb90000] [id=4892]
  0x000000491f85b3b0 ConcurrentGCThread "G1 Main Marker" [stack: 0x0000004937d70000,0x0000004937e70000] [id=10532]
  0x000000491f85beb0 ConcurrentGCThread "G1 Conc#0" [stack: 0x0000004937e70000,0x0000004937f70000] [id=7108]
  0x000000491f90de10 ConcurrentGCThread "G1 Refine#0" [stack: 0x000000493a5b0000,0x000000493a6b0000] [id=9200]
  0x000000493c5985b0 ConcurrentGCThread "G1 Refine#1" [stack: 0x000000493cb90000,0x000000493cc90000] [id=8628]
  0x0000004941dce030 ConcurrentGCThread "G1 Refine#2" [stack: 0x000000494c530000,0x000000494c630000] [id=6952]
  0x0000004941dcdcd0 ConcurrentGCThread "G1 Refine#3" [stack: 0x000000494d610000,0x000000494d710000] [id=4396]
  0x000000491f90e920 ConcurrentGCThread "G1 Young RemSet Sampling" [stack: 0x000000493a6b0000,0x000000493a7b0000] [id=8172]

Threads with active compile tasks:
C2 CompilerThread0  1895022 18427       4       java.lang.String::split (327 bytes)

VM state: not at safepoint (normal execution)

VM Mutex/Monitor currently owned by a thread: None

Heap address: 0x00000000e0000000, size: 512 MB, Compressed Oops mode: 32-bit
CDS archive(s) mapped at: [0x0000000800000000-0x0000000800b50000-0x0000000800b50000), size 11862016, SharedBaseAddress: 0x0000000800000000, ArchiveRelocationMode: 0.
Compressed class space mapped at: 0x0000000800b50000-0x0000000810350000, size: 260046848
Narrow klass base: 0x0000000800000000, Narrow klass shift: 3, Narrow klass range: 0x100000000

GC Precious Log:
 CPUs: 4 total, 4 available
 Memory: 12207M
 Large Page Support: Disabled
 NUMA Support: Disabled
 Compressed Oops: Enabled (32-bit)
 Heap Region Size: 1M
 Heap Min Capacity: 256M
 Heap Initial Capacity: 256M
 Heap Max Capacity: 512M
 Pre-touch: Disabled
 Parallel Workers: 4
 Concurrent Workers: 1
 Concurrent Refinement Workers: 4
 Periodic GC: Disabled

Heap:
 garbage-first heap   total 262144K, used 139415K [0x00000000e0000000, 0x0000000100000000)
  region size 1024K, 11 young (11264K), 4 survivors (4096K)
 Metaspace       used 87698K, capacity 89872K, committed 90576K, reserved 333824K
  class space    used 10892K, capacity 11483K, committed 11648K, reserved 253952K

Heap Regions: E=young(eden), S=young(survivor), O=old, HS=humongous(starts), HC=humongous(continues), CS=collection set, F=free, OA=open archive, CA=closed archive, TAMS=top-at-mark-start (previous, next)
|   0|0x00000000e0000000, 0x00000000e0100000, 0x00000000e0100000|100%| O|  |TAMS 0x00000000e0100000, 0x00000000e0000000| Updating 
|   1|0x00000000e0100000, 0x00000000e0200000, 0x00000000e0200000|100%| O|  |TAMS 0x00000000e0200000, 0x00000000e0100000| Updating 
|   2|0x00000000e0200000, 0x00000000e0300000, 0x00000000e0300000|100%| O|  |TAMS 0x00000000e0300000, 0x00000000e0200000| Updating 
|   3|0x00000000e0300000, 0x00000000e0400000, 0x00000000e0400000|100%|HS|  |TAMS 0x00000000e0400000, 0x00000000e0300000| Complete 
|   4|0x00000000e0400000, 0x00000000e0500000, 0x00000000e0500000|100%|HC|  |TAMS 0x00000000e0500000, 0x00000000e0400000| Complete 
|   5|0x00000000e0500000, 0x00000000e0600000, 0x00000000e0600000|100%|HC|  |TAMS 0x00000000e0600000, 0x00000000e0500000| Complete 
|   6|0x00000000e0600000, 0x00000000e0700000, 0x00000000e0700000|100%| O|  |TAMS 0x00000000e0700000, 0x00000000e0600000| Updating 
|   7|0x00000000e0700000, 0x00000000e0800000, 0x00000000e0800000|100%| O|  |TAMS 0x00000000e0800000, 0x00000000e0700000| Updating 
|   8|0x00000000e0800000, 0x00000000e0900000, 0x00000000e0900000|100%| O|  |TAMS 0x00000000e0900000, 0x00000000e0800000| Updating 
|   9|0x00000000e0900000, 0x00000000e0a00000, 0x00000000e0a00000|100%|HS|  |TAMS 0x00000000e0a00000, 0x00000000e0900000| Complete 
|  10|0x00000000e0a00000, 0x00000000e0b00000, 0x00000000e0b00000|100%|HS|  |TAMS 0x00000000e0b00000, 0x00000000e0a00000| Complete 
|  11|0x00000000e0b00000, 0x00000000e0c00000, 0x00000000e0c00000|100%|HC|  |TAMS 0x00000000e0c00000, 0x00000000e0b00000| Complete 
|  12|0x00000000e0c00000, 0x00000000e0d00000, 0x00000000e0d00000|100%| O|  |TAMS 0x00000000e0d00000, 0x00000000e0c00000| Updating 
|  13|0x00000000e0d00000, 0x00000000e0e00000, 0x00000000e0e00000|100%| O|  |TAMS 0x00000000e0e00000, 0x00000000e0d00000| Updating 
|  14|0x00000000e0e00000, 0x00000000e0f00000, 0x00000000e0f00000|100%| O|  |TAMS 0x00000000e0f00000, 0x00000000e0e00000| Updating 
|  15|0x00000000e0f00000, 0x00000000e1000000, 0x00000000e1000000|100%| O|  |TAMS 0x00000000e1000000, 0x00000000e0f00000| Updating 
|  16|0x00000000e1000000, 0x00000000e1100000, 0x00000000e1100000|100%| O|  |TAMS 0x00000000e1100000, 0x00000000e1000000| Updating 
|  17|0x00000000e1100000, 0x00000000e1200000, 0x00000000e1200000|100%| O|  |TAMS 0x00000000e1200000, 0x00000000e1100000| Updating 
|  18|0x00000000e1200000, 0x00000000e1300000, 0x00000000e1300000|100%| O|  |TAMS 0x00000000e1300000, 0x00000000e1200000| Updating 
|  19|0x00000000e1300000, 0x00000000e1400000, 0x00000000e1400000|100%| O|  |TAMS 0x00000000e1400000, 0x00000000e1300000| Updating 
|  20|0x00000000e1400000, 0x00000000e1500000, 0x00000000e1500000|100%| O|  |TAMS 0x00000000e1500000, 0x00000000e1400000| Updating 
|  21|0x00000000e1500000, 0x00000000e1600000, 0x00000000e1600000|100%| O|  |TAMS 0x00000000e1600000, 0x00000000e1500000| Updating 
|  22|0x00000000e1600000, 0x00000000e1700000, 0x00000000e1700000|100%| O|  |TAMS 0x00000000e1700000, 0x00000000e1600000| Updating 
|  23|0x00000000e1700000, 0x00000000e1800000, 0x00000000e1800000|100%| O|  |TAMS 0x00000000e1800000, 0x00000000e1700000| Updating 
|  24|0x00000000e1800000, 0x00000000e1900000, 0x00000000e1900000|100%| O|  |TAMS 0x00000000e1900000, 0x00000000e1800000| Updating 
|  25|0x00000000e1900000, 0x00000000e1a00000, 0x00000000e1a00000|100%| O|  |TAMS 0x00000000e1a00000, 0x00000000e1900000| Updating 
|  26|0x00000000e1a00000, 0x00000000e1b00000, 0x00000000e1b00000|100%| O|  |TAMS 0x00000000e1b00000, 0x00000000e1a00000| Updating 
|  27|0x00000000e1b00000, 0x00000000e1c00000, 0x00000000e1c00000|100%| O|  |TAMS 0x00000000e1c00000, 0x00000000e1b00000| Updating 
|  28|0x00000000e1c00000, 0x00000000e1d00000, 0x00000000e1d00000|100%| O|  |TAMS 0x00000000e1d00000, 0x00000000e1c00000| Updating 
|  29|0x00000000e1d00000, 0x00000000e1e00000, 0x00000000e1e00000|100%| O|  |TAMS 0x00000000e1e00000, 0x00000000e1d00000| Updating 
|  30|0x00000000e1e00000, 0x00000000e1f00000, 0x00000000e1f00000|100%| O|  |TAMS 0x00000000e1f00000, 0x00000000e1e00000| Updating 
|  31|0x00000000e1f00000, 0x00000000e2000000, 0x00000000e2000000|100%| O|  |TAMS 0x00000000e2000000, 0x00000000e1f00000| Updating 
|  32|0x00000000e2000000, 0x00000000e2100000, 0x00000000e2100000|100%| O|  |TAMS 0x00000000e2100000, 0x00000000e2000000| Updating 
|  33|0x00000000e2100000, 0x00000000e2200000, 0x00000000e2200000|100%| O|  |TAMS 0x00000000e2200000, 0x00000000e2100000| Updating 
|  34|0x00000000e2200000, 0x00000000e2300000, 0x00000000e2300000|100%| O|  |TAMS 0x00000000e2300000, 0x00000000e2200000| Updating 
|  35|0x00000000e2300000, 0x00000000e2400000, 0x00000000e2400000|100%| O|  |TAMS 0x00000000e2400000, 0x00000000e2300000| Updating 
|  36|0x00000000e2400000, 0x00000000e2500000, 0x00000000e2500000|100%| O|  |TAMS 0x00000000e2500000, 0x00000000e2400000| Updating 
|  37|0x00000000e2500000, 0x00000000e2600000, 0x00000000e2600000|100%| O|  |TAMS 0x00000000e2600000, 0x00000000e2500000| Updating 
|  38|0x00000000e2600000, 0x00000000e2700000, 0x00000000e2700000|100%| O|  |TAMS 0x00000000e2700000, 0x00000000e2600000| Updating 
|  39|0x00000000e2700000, 0x00000000e2800000, 0x00000000e2800000|100%| O|  |TAMS 0x00000000e2800000, 0x00000000e2700000| Updating 
|  40|0x00000000e2800000, 0x00000000e2900000, 0x00000000e2900000|100%| O|  |TAMS 0x00000000e2900000, 0x00000000e2800000| Updating 
|  41|0x00000000e2900000, 0x00000000e2a00000, 0x00000000e2a00000|100%| O|  |TAMS 0x00000000e2a00000, 0x00000000e2900000| Updating 
|  42|0x00000000e2a00000, 0x00000000e2b00000, 0x00000000e2b00000|100%| O|  |TAMS 0x00000000e2b00000, 0x00000000e2a00000| Updating 
|  43|0x00000000e2b00000, 0x00000000e2c00000, 0x00000000e2c00000|100%| O|  |TAMS 0x00000000e2c00000, 0x00000000e2b00000| Updating 
|  44|0x00000000e2c00000, 0x00000000e2d00000, 0x00000000e2d00000|100%| O|  |TAMS 0x00000000e2d00000, 0x00000000e2c00000| Updating 
|  45|0x00000000e2d00000, 0x00000000e2e00000, 0x00000000e2e00000|100%| O|  |TAMS 0x00000000e2e00000, 0x00000000e2d00000| Updating 
|  46|0x00000000e2e00000, 0x00000000e2f00000, 0x00000000e2f00000|100%| O|  |TAMS 0x00000000e2f00000, 0x00000000e2e00000| Updating 
|  47|0x00000000e2f00000, 0x00000000e3000000, 0x00000000e3000000|100%| O|  |TAMS 0x00000000e3000000, 0x00000000e2f00000| Updating 
|  48|0x00000000e3000000, 0x00000000e3100000, 0x00000000e3100000|100%| O|  |TAMS 0x00000000e3100000, 0x00000000e3000000| Updating 
|  49|0x00000000e3100000, 0x00000000e3200000, 0x00000000e3200000|100%| O|  |TAMS 0x00000000e3200000, 0x00000000e3100000| Updating 
|  50|0x00000000e3200000, 0x00000000e3300000, 0x00000000e3300000|100%| O|  |TAMS 0x00000000e3300000, 0x00000000e3200000| Updating 
|  51|0x00000000e3300000, 0x00000000e3400000, 0x00000000e3400000|100%| O|  |TAMS 0x00000000e3400000, 0x00000000e3300000| Updating 
|  52|0x00000000e3400000, 0x00000000e3500000, 0x00000000e3500000|100%| O|  |TAMS 0x00000000e3500000, 0x00000000e3400000| Updating 
|  53|0x00000000e3500000, 0x00000000e3600000, 0x00000000e3600000|100%| O|  |TAMS 0x00000000e3600000, 0x00000000e3500000| Updating 
|  54|0x00000000e3600000, 0x00000000e3700000, 0x00000000e3700000|100%| O|  |TAMS 0x00000000e3700000, 0x00000000e3600000| Updating 
|  55|0x00000000e3700000, 0x00000000e3800000, 0x00000000e3800000|100%| O|  |TAMS 0x00000000e3800000, 0x00000000e3700000| Updating 
|  56|0x00000000e3800000, 0x00000000e3900000, 0x00000000e3900000|100%| O|  |TAMS 0x00000000e3900000, 0x00000000e3800000| Updating 
|  57|0x00000000e3900000, 0x00000000e3a00000, 0x00000000e3a00000|100%| O|  |TAMS 0x00000000e3a00000, 0x00000000e3900000| Updating 
|  58|0x00000000e3a00000, 0x00000000e3b00000, 0x00000000e3b00000|100%| O|  |TAMS 0x00000000e3b00000, 0x00000000e3a00000| Updating 
|  59|0x00000000e3b00000, 0x00000000e3c00000, 0x00000000e3c00000|100%| O|  |TAMS 0x00000000e3c00000, 0x00000000e3b00000| Updating 
|  60|0x00000000e3c00000, 0x00000000e3d00000, 0x00000000e3d00000|100%| O|  |TAMS 0x00000000e3d00000, 0x00000000e3c00000| Updating 
|  61|0x00000000e3d00000, 0x00000000e3e00000, 0x00000000e3e00000|100%| O|  |TAMS 0x00000000e3e00000, 0x00000000e3d00000| Updating 
|  62|0x00000000e3e00000, 0x00000000e3f00000, 0x00000000e3f00000|100%| O|  |TAMS 0x00000000e3f00000, 0x00000000e3e00000| Updating 
|  63|0x00000000e3f00000, 0x00000000e4000000, 0x00000000e4000000|100%| O|  |TAMS 0x00000000e4000000, 0x00000000e3f00000| Updating 
|  64|0x00000000e4000000, 0x00000000e4100000, 0x00000000e4100000|100%| O|  |TAMS 0x00000000e4100000, 0x00000000e4000000| Updating 
|  65|0x00000000e4100000, 0x00000000e4200000, 0x00000000e4200000|100%| O|  |TAMS 0x00000000e4200000, 0x00000000e4100000| Updating 
|  66|0x00000000e4200000, 0x00000000e4300000, 0x00000000e4300000|100%| O|  |TAMS 0x00000000e4261200, 0x00000000e4200000| Updating 
|  67|0x00000000e4300000, 0x00000000e4400000, 0x00000000e4400000|100%| O|  |TAMS 0x00000000e4400000, 0x00000000e4300000| Updating 
|  68|0x00000000e4400000, 0x00000000e4500000, 0x00000000e4500000|100%| O|  |TAMS 0x00000000e4500000, 0x00000000e4400000| Updating 
|  69|0x00000000e4500000, 0x00000000e4600000, 0x00000000e4600000|100%| O|  |TAMS 0x00000000e4600000, 0x00000000e4500000| Updating 
|  70|0x00000000e4600000, 0x00000000e4700000, 0x00000000e4700000|100%| O|  |TAMS 0x00000000e4700000, 0x00000000e4600000| Updating 
|  71|0x00000000e4700000, 0x00000000e4800000, 0x00000000e4800000|100%| O|  |TAMS 0x00000000e4800000, 0x00000000e4700000| Updating 
|  72|0x00000000e4800000, 0x00000000e4900000, 0x00000000e4900000|100%| O|  |TAMS 0x00000000e4900000, 0x00000000e4800000| Updating 
|  73|0x00000000e4900000, 0x00000000e4a00000, 0x00000000e4a00000|100%| O|  |TAMS 0x00000000e4a00000, 0x00000000e4900000| Updating 
|  74|0x00000000e4a00000, 0x00000000e4b00000, 0x00000000e4b00000|100%|HS|  |TAMS 0x00000000e4b00000, 0x00000000e4a00000| Complete 
|  75|0x00000000e4b00000, 0x00000000e4c00000, 0x00000000e4c00000|100%|HC|  |TAMS 0x00000000e4c00000, 0x00000000e4b00000| Complete 
|  76|0x00000000e4c00000, 0x00000000e4d00000, 0x00000000e4d00000|100%| O|  |TAMS 0x00000000e4c00000, 0x00000000e4c00000| Untracked 
|  77|0x00000000e4d00000, 0x00000000e4e00000, 0x00000000e4e00000|100%| O|  |TAMS 0x00000000e4e00000, 0x00000000e4d00000| Updating 
|  78|0x00000000e4e00000, 0x00000000e4f00000, 0x00000000e4f00000|100%| O|  |TAMS 0x00000000e4f00000, 0x00000000e4e00000| Updating 
|  79|0x00000000e4f00000, 0x00000000e5000000, 0x00000000e5000000|100%| O|  |TAMS 0x00000000e5000000, 0x00000000e4f00000| Updating 
|  80|0x00000000e5000000, 0x00000000e5100000, 0x00000000e5100000|100%| O|  |TAMS 0x00000000e5100000, 0x00000000e5000000| Updating 
|  81|0x00000000e5100000, 0x00000000e5200000, 0x00000000e5200000|100%| O|  |TAMS 0x00000000e5100000, 0x00000000e5100000| Untracked 
|  82|0x00000000e5200000, 0x00000000e5300000, 0x00000000e5300000|100%| O|  |TAMS 0x00000000e5300000, 0x00000000e5200000| Updating 
|  83|0x00000000e5300000, 0x00000000e5400000, 0x00000000e5400000|100%| O|  |TAMS 0x00000000e5400000, 0x00000000e5300000| Updating 
|  84|0x00000000e5400000, 0x00000000e5500000, 0x00000000e5500000|100%| O|  |TAMS 0x00000000e5500000, 0x00000000e5400000| Updating 
|  85|0x00000000e5500000, 0x00000000e5600000, 0x00000000e5600000|100%| O|  |TAMS 0x00000000e5500000, 0x00000000e5500000| Untracked 
|  86|0x00000000e5600000, 0x00000000e5700000, 0x00000000e5700000|100%| O|  |TAMS 0x00000000e5700000, 0x00000000e5600000| Updating 
|  87|0x00000000e5700000, 0x00000000e5800000, 0x00000000e5800000|100%| O|  |TAMS 0x00000000e5800000, 0x00000000e5700000| Updating 
|  88|0x00000000e5800000, 0x00000000e5900000, 0x00000000e5900000|100%| O|  |TAMS 0x00000000e5900000, 0x00000000e5800000| Updating 
|  89|0x00000000e5900000, 0x00000000e5a00000, 0x00000000e5a00000|100%| O|  |TAMS 0x00000000e5900000, 0x00000000e5900000| Untracked 
|  90|0x00000000e5a00000, 0x00000000e5b00000, 0x00000000e5b00000|100%| O|  |TAMS 0x00000000e5a00000, 0x00000000e5a00000| Untracked 
|  91|0x00000000e5b00000, 0x00000000e5c00000, 0x00000000e5c00000|100%| O|  |TAMS 0x00000000e5c00000, 0x00000000e5b00000| Updating 
|  92|0x00000000e5c00000, 0x00000000e5d00000, 0x00000000e5d00000|100%| O|  |TAMS 0x00000000e5d00000, 0x00000000e5c00000| Updating 
|  93|0x00000000e5d00000, 0x00000000e5e00000, 0x00000000e5e00000|100%| O|  |TAMS 0x00000000e5d00000, 0x00000000e5d00000| Untracked 
|  94|0x00000000e5e00000, 0x00000000e5f00000, 0x00000000e5f00000|100%| O|  |TAMS 0x00000000e5f00000, 0x00000000e5e00000| Updating 
|  95|0x00000000e5f00000, 0x00000000e6000000, 0x00000000e6000000|100%| O|  |TAMS 0x00000000e6000000, 0x00000000e5f00000| Updating 
|  96|0x00000000e6000000, 0x00000000e6100000, 0x00000000e6100000|100%| O|  |TAMS 0x00000000e6100000, 0x00000000e6000000| Updating 
|  97|0x00000000e6100000, 0x00000000e6200000, 0x00000000e6200000|100%| O|  |TAMS 0x00000000e6100000, 0x00000000e6100000| Untracked 
|  98|0x00000000e6200000, 0x00000000e6300000, 0x00000000e6300000|100%| O|  |TAMS 0x00000000e6200000, 0x00000000e6200000| Untracked 
|  99|0x00000000e6300000, 0x00000000e6400000, 0x00000000e6400000|100%| O|  |TAMS 0x00000000e6300000, 0x00000000e6300000| Untracked 
| 100|0x00000000e6400000, 0x00000000e6500000, 0x00000000e6500000|100%| O|  |TAMS 0x00000000e6400000, 0x00000000e6400000| Untracked 
| 101|0x00000000e6500000, 0x00000000e6600000, 0x00000000e6600000|100%| O|  |TAMS 0x00000000e6600000, 0x00000000e6500000| Updating 
| 102|0x00000000e6600000, 0x00000000e6700000, 0x00000000e6700000|100%| O|  |TAMS 0x00000000e6700000, 0x00000000e6600000| Updating 
| 103|0x00000000e6700000, 0x00000000e6800000, 0x00000000e6800000|100%| O|  |TAMS 0x00000000e6700000, 0x00000000e6700000| Untracked 
| 104|0x00000000e6800000, 0x00000000e68a5c00, 0x00000000e6900000| 64%| O|  |TAMS 0x00000000e6800000, 0x00000000e6800000| Updating 
| 105|0x00000000e6900000, 0x00000000e6900000, 0x00000000e6a00000|  0%| F|  |TAMS 0x00000000e6900000, 0x00000000e6900000| Untracked 
| 106|0x00000000e6a00000, 0x00000000e6a00000, 0x00000000e6b00000|  0%| F|  |TAMS 0x00000000e6a00000, 0x00000000e6a00000| Untracked 
| 107|0x00000000e6b00000, 0x00000000e6c00000, 0x00000000e6c00000|100%| O|  |TAMS 0x00000000e6c00000, 0x00000000e6b00000| Updating 
| 108|0x00000000e6c00000, 0x00000000e6d00000, 0x00000000e6d00000|100%| O|  |TAMS 0x00000000e6d00000, 0x00000000e6c00000| Updating 
| 109|0x00000000e6d00000, 0x00000000e6e00000, 0x00000000e6e00000|100%| O|  |TAMS 0x00000000e6e00000, 0x00000000e6d00000| Updating 
| 110|0x00000000e6e00000, 0x00000000e6e00000, 0x00000000e6f00000|  0%| F|  |TAMS 0x00000000e6e00000, 0x00000000e6e00000| Untracked 
| 111|0x00000000e6f00000, 0x00000000e6f00000, 0x00000000e7000000|  0%| F|  |TAMS 0x00000000e6f00000, 0x00000000e6f00000| Untracked 
| 112|0x00000000e7000000, 0x00000000e7100000, 0x00000000e7100000|100%| O|  |TAMS 0x00000000e7100000, 0x00000000e7000000| Updating 
| 113|0x00000000e7100000, 0x00000000e7100000, 0x00000000e7200000|  0%| F|  |TAMS 0x00000000e7100000, 0x00000000e7100000| Untracked 
| 114|0x00000000e7200000, 0x00000000e7200000, 0x00000000e7300000|  0%| F|  |TAMS 0x00000000e7200000, 0x00000000e7200000| Untracked 
| 115|0x00000000e7300000, 0x00000000e7300000, 0x00000000e7400000|  0%| F|  |TAMS 0x00000000e7300000, 0x00000000e7300000| Untracked 
| 116|0x00000000e7400000, 0x00000000e7500000, 0x00000000e7500000|100%| O|  |TAMS 0x00000000e7500000, 0x00000000e7400000| Updating 
| 117|0x00000000e7500000, 0x00000000e7500000, 0x00000000e7600000|  0%| F|  |TAMS 0x00000000e7500000, 0x00000000e7500000| Untracked 
| 118|0x00000000e7600000, 0x00000000e7600000, 0x00000000e7700000|  0%| F|  |TAMS 0x00000000e7600000, 0x00000000e7600000| Untracked 
| 119|0x00000000e7700000, 0x00000000e7800000, 0x00000000e7800000|100%| O|  |TAMS 0x00000000e7800000, 0x00000000e7700000| Updating 
| 120|0x00000000e7800000, 0x00000000e7900000, 0x00000000e7900000|100%| O|  |TAMS 0x00000000e7900000, 0x00000000e7800000| Updating 
| 121|0x00000000e7900000, 0x00000000e7a00000, 0x00000000e7a00000|100%| O|  |TAMS 0x00000000e7a00000, 0x00000000e7900000| Updating 
| 122|0x00000000e7a00000, 0x00000000e7b00000, 0x00000000e7b00000|100%| O|  |TAMS 0x00000000e7b00000, 0x00000000e7a00000| Updating 
| 123|0x00000000e7b00000, 0x00000000e7c00000, 0x00000000e7c00000|100%| O|  |TAMS 0x00000000e7c00000, 0x00000000e7b00000| Updating 
| 124|0x00000000e7c00000, 0x00000000e7d00000, 0x00000000e7d00000|100%| O|  |TAMS 0x00000000e7d00000, 0x00000000e7c00000| Updating 
| 125|0x00000000e7d00000, 0x00000000e7e00000, 0x00000000e7e00000|100%| O|  |TAMS 0x00000000e7e00000, 0x00000000e7d00000| Updating 
| 126|0x00000000e7e00000, 0x00000000e7f00000, 0x00000000e7f00000|100%| O|  |TAMS 0x00000000e7f00000, 0x00000000e7e00000| Updating 
| 127|0x00000000e7f00000, 0x00000000e7f00000, 0x00000000e8000000|  0%| F|  |TAMS 0x00000000e7f00000, 0x00000000e7f00000| Untracked 
| 128|0x00000000e8000000, 0x00000000e8100000, 0x00000000e8100000|100%| O|  |TAMS 0x00000000e8100000, 0x00000000e8000000| Updating 
| 129|0x00000000e8100000, 0x00000000e8200000, 0x00000000e8200000|100%| O|  |TAMS 0x00000000e8200000, 0x00000000e8100000| Updating 
| 130|0x00000000e8200000, 0x00000000e8300000, 0x00000000e8300000|100%| O|  |TAMS 0x00000000e8300000, 0x00000000e8200000| Updating 
| 131|0x00000000e8300000, 0x00000000e8400000, 0x00000000e8400000|100%| O|  |TAMS 0x00000000e8400000, 0x00000000e8300000| Updating 
| 132|0x00000000e8400000, 0x00000000e8500000, 0x00000000e8500000|100%| O|  |TAMS 0x00000000e8500000, 0x00000000e8400000| Updating 
| 133|0x00000000e8500000, 0x00000000e8600000, 0x00000000e8600000|100%| O|  |TAMS 0x00000000e8600000, 0x00000000e8500000| Updating 
| 134|0x00000000e8600000, 0x00000000e8700000, 0x00000000e8700000|100%| O|  |TAMS 0x00000000e8700000, 0x00000000e8600000| Updating 
| 135|0x00000000e8700000, 0x00000000e8800000, 0x00000000e8800000|100%| O|  |TAMS 0x00000000e8800000, 0x00000000e8700000| Updating 
| 136|0x00000000e8800000, 0x00000000e8900000, 0x00000000e8900000|100%| O|  |TAMS 0x00000000e8900000, 0x00000000e8800000| Updating 
| 137|0x00000000e8900000, 0x00000000e8900000, 0x00000000e8a00000|  0%| F|  |TAMS 0x00000000e8900000, 0x00000000e8900000| Untracked 
| 138|0x00000000e8a00000, 0x00000000e8a00000, 0x00000000e8b00000|  0%| F|  |TAMS 0x00000000e8a00000, 0x00000000e8a00000| Untracked 
| 139|0x00000000e8b00000, 0x00000000e8b00000, 0x00000000e8c00000|  0%| F|  |TAMS 0x00000000e8b00000, 0x00000000e8b00000| Untracked 
| 140|0x00000000e8c00000, 0x00000000e8c00000, 0x00000000e8d00000|  0%| F|  |TAMS 0x00000000e8c00000, 0x00000000e8c00000| Untracked 
| 141|0x00000000e8d00000, 0x00000000e8d00000, 0x00000000e8e00000|  0%| F|  |TAMS 0x00000000e8d00000, 0x00000000e8d00000| Untracked 
| 142|0x00000000e8e00000, 0x00000000e8e00000, 0x00000000e8f00000|  0%| F|  |TAMS 0x00000000e8e00000, 0x00000000e8e00000| Untracked 
| 143|0x00000000e8f00000, 0x00000000e8f00000, 0x00000000e9000000|  0%| F|  |TAMS 0x00000000e8f00000, 0x00000000e8f00000| Untracked 
| 144|0x00000000e9000000, 0x00000000e9000000, 0x00000000e9100000|  0%| F|  |TAMS 0x00000000e9000000, 0x00000000e9000000| Untracked 
| 145|0x00000000e9100000, 0x00000000e9100000, 0x00000000e9200000|  0%| F|  |TAMS 0x00000000e9100000, 0x00000000e9100000| Untracked 
| 146|0x00000000e9200000, 0x00000000e9200000, 0x00000000e9300000|  0%| F|  |TAMS 0x00000000e9200000, 0x00000000e9200000| Untracked 
| 147|0x00000000e9300000, 0x00000000e9300000, 0x00000000e9400000|  0%| F|  |TAMS 0x00000000e9300000, 0x00000000e9300000| Untracked 
| 148|0x00000000e9400000, 0x00000000e9400000, 0x00000000e9500000|  0%| F|  |TAMS 0x00000000e9400000, 0x00000000e9400000| Untracked 
| 149|0x00000000e9500000, 0x00000000e9500000, 0x00000000e9600000|  0%| F|  |TAMS 0x00000000e9500000, 0x00000000e9500000| Untracked 
| 150|0x00000000e9600000, 0x00000000e9600000, 0x00000000e9700000|  0%| F|  |TAMS 0x00000000e9600000, 0x00000000e9600000| Untracked 
| 151|0x00000000e9700000, 0x00000000e9700000, 0x00000000e9800000|  0%| F|  |TAMS 0x00000000e9700000, 0x00000000e9700000| Untracked 
| 152|0x00000000e9800000, 0x00000000e9800000, 0x00000000e9900000|  0%| F|  |TAMS 0x00000000e9800000, 0x00000000e9800000| Untracked 
| 153|0x00000000e9900000, 0x00000000e9900000, 0x00000000e9a00000|  0%| F|  |TAMS 0x00000000e9900000, 0x00000000e9900000| Untracked 
| 154|0x00000000e9a00000, 0x00000000e9a00000, 0x00000000e9b00000|  0%| F|  |TAMS 0x00000000e9a00000, 0x00000000e9a00000| Untracked 
| 155|0x00000000e9b00000, 0x00000000e9b00000, 0x00000000e9c00000|  0%| F|  |TAMS 0x00000000e9b00000, 0x00000000e9b00000| Untracked 
| 156|0x00000000e9c00000, 0x00000000e9c00000, 0x00000000e9d00000|  0%| F|  |TAMS 0x00000000e9c00000, 0x00000000e9c00000| Untracked 
| 157|0x00000000e9d00000, 0x00000000e9d00000, 0x00000000e9e00000|  0%| F|  |TAMS 0x00000000e9d00000, 0x00000000e9d00000| Untracked 
| 158|0x00000000e9e00000, 0x00000000e9e00000, 0x00000000e9f00000|  0%| F|  |TAMS 0x00000000e9e00000, 0x00000000e9e00000| Untracked 
| 159|0x00000000e9f00000, 0x00000000e9f00000, 0x00000000ea000000|  0%| F|  |TAMS 0x00000000e9f00000, 0x00000000e9f00000| Untracked 
| 160|0x00000000ea000000, 0x00000000ea000000, 0x00000000ea100000|  0%| F|  |TAMS 0x00000000ea000000, 0x00000000ea000000| Untracked 
| 161|0x00000000ea100000, 0x00000000ea100000, 0x00000000ea200000|  0%| F|  |TAMS 0x00000000ea100000, 0x00000000ea100000| Untracked 
| 162|0x00000000ea200000, 0x00000000ea200000, 0x00000000ea300000|  0%| F|  |TAMS 0x00000000ea200000, 0x00000000ea200000| Untracked 
| 163|0x00000000ea300000, 0x00000000ea300000, 0x00000000ea400000|  0%| F|  |TAMS 0x00000000ea300000, 0x00000000ea300000| Untracked 
| 164|0x00000000ea400000, 0x00000000ea400000, 0x00000000ea500000|  0%| F|  |TAMS 0x00000000ea400000, 0x00000000ea400000| Untracked 
| 165|0x00000000ea500000, 0x00000000ea500000, 0x00000000ea600000|  0%| F|  |TAMS 0x00000000ea500000, 0x00000000ea500000| Untracked 
| 166|0x00000000ea600000, 0x00000000ea600000, 0x00000000ea700000|  0%| F|  |TAMS 0x00000000ea600000, 0x00000000ea600000| Untracked 
| 167|0x00000000ea700000, 0x00000000ea700000, 0x00000000ea800000|  0%| F|  |TAMS 0x00000000ea700000, 0x00000000ea700000| Untracked 
| 168|0x00000000ea800000, 0x00000000ea800000, 0x00000000ea900000|  0%| F|  |TAMS 0x00000000ea800000, 0x00000000ea800000| Untracked 
| 169|0x00000000ea900000, 0x00000000ea900000, 0x00000000eaa00000|  0%| F|  |TAMS 0x00000000ea900000, 0x00000000ea900000| Untracked 
| 170|0x00000000eaa00000, 0x00000000eaa00000, 0x00000000eab00000|  0%| F|  |TAMS 0x00000000eaa00000, 0x00000000eaa00000| Untracked 
| 171|0x00000000eab00000, 0x00000000eab00000, 0x00000000eac00000|  0%| F|  |TAMS 0x00000000eab00000, 0x00000000eab00000| Untracked 
| 172|0x00000000eac00000, 0x00000000eac00000, 0x00000000ead00000|  0%| F|  |TAMS 0x00000000eac00000, 0x00000000eac00000| Untracked 
| 173|0x00000000ead00000, 0x00000000ead00000, 0x00000000eae00000|  0%| F|  |TAMS 0x00000000ead00000, 0x00000000ead00000| Untracked 
| 174|0x00000000eae00000, 0x00000000eae00000, 0x00000000eaf00000|  0%| F|  |TAMS 0x00000000eae00000, 0x00000000eae00000| Untracked 
| 175|0x00000000eaf00000, 0x00000000eaf00000, 0x00000000eb000000|  0%| F|  |TAMS 0x00000000eaf00000, 0x00000000eaf00000| Untracked 
| 176|0x00000000eb000000, 0x00000000eb000000, 0x00000000eb100000|  0%| F|  |TAMS 0x00000000eb000000, 0x00000000eb000000| Untracked 
| 177|0x00000000eb100000, 0x00000000eb100000, 0x00000000eb200000|  0%| F|  |TAMS 0x00000000eb100000, 0x00000000eb100000| Untracked 
| 178|0x00000000eb200000, 0x00000000eb280000, 0x00000000eb300000| 50%| S|CS|TAMS 0x00000000eb200000, 0x00000000eb200000| Complete 
| 179|0x00000000eb300000, 0x00000000eb400000, 0x00000000eb400000|100%| S|CS|TAMS 0x00000000eb300000, 0x00000000eb300000| Complete 
| 180|0x00000000eb400000, 0x00000000eb500000, 0x00000000eb500000|100%| S|CS|TAMS 0x00000000eb400000, 0x00000000eb400000| Complete 
| 181|0x00000000eb500000, 0x00000000eb600000, 0x00000000eb600000|100%| S|CS|TAMS 0x00000000eb500000, 0x00000000eb500000| Complete 
| 182|0x00000000eb600000, 0x00000000eb600000, 0x00000000eb700000|  0%| F|  |TAMS 0x00000000eb600000, 0x00000000eb600000| Untracked 
| 183|0x00000000eb700000, 0x00000000eb700000, 0x00000000eb800000|  0%| F|  |TAMS 0x00000000eb700000, 0x00000000eb700000| Untracked 
| 184|0x00000000eb800000, 0x00000000eb800000, 0x00000000eb900000|  0%| F|  |TAMS 0x00000000eb800000, 0x00000000eb800000| Untracked 
| 185|0x00000000eb900000, 0x00000000eb900000, 0x00000000eba00000|  0%| F|  |TAMS 0x00000000eb900000, 0x00000000eb900000| Untracked 
| 186|0x00000000eba00000, 0x00000000eba00000, 0x00000000ebb00000|  0%| F|  |TAMS 0x00000000eba00000, 0x00000000eba00000| Untracked 
| 187|0x00000000ebb00000, 0x00000000ebb00000, 0x00000000ebc00000|  0%| F|  |TAMS 0x00000000ebb00000, 0x00000000ebb00000| Untracked 
| 188|0x00000000ebc00000, 0x00000000ebc00000, 0x00000000ebd00000|  0%| F|  |TAMS 0x00000000ebc00000, 0x00000000ebc00000| Untracked 
| 189|0x00000000ebd00000, 0x00000000ebd00000, 0x00000000ebe00000|  0%| F|  |TAMS 0x00000000ebd00000, 0x00000000ebd00000| Untracked 
| 190|0x00000000ebe00000, 0x00000000ebe00000, 0x00000000ebf00000|  0%| F|  |TAMS 0x00000000ebe00000, 0x00000000ebe00000| Untracked 
| 191|0x00000000ebf00000, 0x00000000ebf00000, 0x00000000ec000000|  0%| F|  |TAMS 0x00000000ebf00000, 0x00000000ebf00000| Untracked 
| 192|0x00000000ec000000, 0x00000000ec000000, 0x00000000ec100000|  0%| F|  |TAMS 0x00000000ec000000, 0x00000000ec000000| Untracked 
| 193|0x00000000ec100000, 0x00000000ec100000, 0x00000000ec200000|  0%| F|  |TAMS 0x00000000ec100000, 0x00000000ec100000| Untracked 
| 194|0x00000000ec200000, 0x00000000ec200000, 0x00000000ec300000|  0%| F|  |TAMS 0x00000000ec200000, 0x00000000ec200000| Untracked 
| 195|0x00000000ec300000, 0x00000000ec300000, 0x00000000ec400000|  0%| F|  |TAMS 0x00000000ec300000, 0x00000000ec300000| Untracked 
| 196|0x00000000ec400000, 0x00000000ec400000, 0x00000000ec500000|  0%| F|  |TAMS 0x00000000ec400000, 0x00000000ec400000| Untracked 
| 197|0x00000000ec500000, 0x00000000ec500000, 0x00000000ec600000|  0%| F|  |TAMS 0x00000000ec500000, 0x00000000ec500000| Untracked 
| 198|0x00000000ec600000, 0x00000000ec600000, 0x00000000ec700000|  0%| F|  |TAMS 0x00000000ec600000, 0x00000000ec600000| Untracked 
| 199|0x00000000ec700000, 0x00000000ec700000, 0x00000000ec800000|  0%| F|  |TAMS 0x00000000ec700000, 0x00000000ec700000| Untracked 
| 200|0x00000000ec800000, 0x00000000ec800000, 0x00000000ec900000|  0%| F|  |TAMS 0x00000000ec800000, 0x00000000ec800000| Untracked 
| 201|0x00000000ec900000, 0x00000000ec900000, 0x00000000eca00000|  0%| F|  |TAMS 0x00000000ec900000, 0x00000000ec900000| Untracked 
| 202|0x00000000eca00000, 0x00000000eca00000, 0x00000000ecb00000|  0%| F|  |TAMS 0x00000000eca00000, 0x00000000eca00000| Untracked 
| 203|0x00000000ecb00000, 0x00000000ecb00000, 0x00000000ecc00000|  0%| F|  |TAMS 0x00000000ecb00000, 0x00000000ecb00000| Untracked 
| 204|0x00000000ecc00000, 0x00000000ecc00000, 0x00000000ecd00000|  0%| F|  |TAMS 0x00000000ecc00000, 0x00000000ecc00000| Untracked 
| 205|0x00000000ecd00000, 0x00000000ecd00000, 0x00000000ece00000|  0%| F|  |TAMS 0x00000000ecd00000, 0x00000000ecd00000| Untracked 
| 206|0x00000000ece00000, 0x00000000ece00000, 0x00000000ecf00000|  0%| F|  |TAMS 0x00000000ece00000, 0x00000000ece00000| Untracked 
| 207|0x00000000ecf00000, 0x00000000ecf00000, 0x00000000ed000000|  0%| F|  |TAMS 0x00000000ecf00000, 0x00000000ecf00000| Untracked 
| 208|0x00000000ed000000, 0x00000000ed000000, 0x00000000ed100000|  0%| F|  |TAMS 0x00000000ed000000, 0x00000000ed000000| Untracked 
| 209|0x00000000ed100000, 0x00000000ed100000, 0x00000000ed200000|  0%| F|  |TAMS 0x00000000ed100000, 0x00000000ed100000| Untracked 
| 210|0x00000000ed200000, 0x00000000ed200000, 0x00000000ed300000|  0%| F|  |TAMS 0x00000000ed200000, 0x00000000ed200000| Untracked 
| 211|0x00000000ed300000, 0x00000000ed300000, 0x00000000ed400000|  0%| F|  |TAMS 0x00000000ed300000, 0x00000000ed300000| Untracked 
| 212|0x00000000ed400000, 0x00000000ed400000, 0x00000000ed500000|  0%| F|  |TAMS 0x00000000ed400000, 0x00000000ed400000| Untracked 
| 213|0x00000000ed500000, 0x00000000ed500000, 0x00000000ed600000|  0%| F|  |TAMS 0x00000000ed500000, 0x00000000ed500000| Untracked 
| 214|0x00000000ed600000, 0x00000000ed600000, 0x00000000ed700000|  0%| F|  |TAMS 0x00000000ed600000, 0x00000000ed600000| Untracked 
| 215|0x00000000ed700000, 0x00000000ed700000, 0x00000000ed800000|  0%| F|  |TAMS 0x00000000ed700000, 0x00000000ed700000| Untracked 
| 216|0x00000000ed800000, 0x00000000ed800000, 0x00000000ed900000|  0%| F|  |TAMS 0x00000000ed800000, 0x00000000ed800000| Untracked 
| 217|0x00000000ed900000, 0x00000000ed900000, 0x00000000eda00000|  0%| F|  |TAMS 0x00000000ed900000, 0x00000000ed900000| Untracked 
| 218|0x00000000eda00000, 0x00000000eda00000, 0x00000000edb00000|  0%| F|  |TAMS 0x00000000eda00000, 0x00000000eda00000| Untracked 
| 219|0x00000000edb00000, 0x00000000edb00000, 0x00000000edc00000|  0%| F|  |TAMS 0x00000000edb00000, 0x00000000edb00000| Untracked 
| 220|0x00000000edc00000, 0x00000000edc00000, 0x00000000edd00000|  0%| F|  |TAMS 0x00000000edc00000, 0x00000000edc00000| Untracked 
| 221|0x00000000edd00000, 0x00000000edd00000, 0x00000000ede00000|  0%| F|  |TAMS 0x00000000edd00000, 0x00000000edd00000| Untracked 
| 222|0x00000000ede00000, 0x00000000ede00000, 0x00000000edf00000|  0%| F|  |TAMS 0x00000000ede00000, 0x00000000ede00000| Untracked 
| 223|0x00000000edf00000, 0x00000000edf00000, 0x00000000ee000000|  0%| F|  |TAMS 0x00000000edf00000, 0x00000000edf00000| Untracked 
| 224|0x00000000ee000000, 0x00000000ee000000, 0x00000000ee100000|  0%| F|  |TAMS 0x00000000ee000000, 0x00000000ee000000| Untracked 
| 225|0x00000000ee100000, 0x00000000ee100000, 0x00000000ee200000|  0%| F|  |TAMS 0x00000000ee100000, 0x00000000ee100000| Untracked 
| 226|0x00000000ee200000, 0x00000000ee200000, 0x00000000ee300000|  0%| F|  |TAMS 0x00000000ee200000, 0x00000000ee200000| Untracked 
| 227|0x00000000ee300000, 0x00000000ee300000, 0x00000000ee400000|  0%| F|  |TAMS 0x00000000ee300000, 0x00000000ee300000| Untracked 
| 228|0x00000000ee400000, 0x00000000ee400000, 0x00000000ee500000|  0%| F|  |TAMS 0x00000000ee400000, 0x00000000ee400000| Untracked 
| 229|0x00000000ee500000, 0x00000000ee500000, 0x00000000ee600000|  0%| F|  |TAMS 0x00000000ee500000, 0x00000000ee500000| Untracked 
| 230|0x00000000ee600000, 0x00000000ee600000, 0x00000000ee700000|  0%| F|  |TAMS 0x00000000ee600000, 0x00000000ee600000| Untracked 
| 231|0x00000000ee700000, 0x00000000ee700000, 0x00000000ee800000|  0%| F|  |TAMS 0x00000000ee700000, 0x00000000ee700000| Untracked 
| 232|0x00000000ee800000, 0x00000000ee800000, 0x00000000ee900000|  0%| F|  |TAMS 0x00000000ee800000, 0x00000000ee800000| Untracked 
| 233|0x00000000ee900000, 0x00000000ee900000, 0x00000000eea00000|  0%| F|  |TAMS 0x00000000ee900000, 0x00000000ee900000| Untracked 
| 234|0x00000000eea00000, 0x00000000eea00000, 0x00000000eeb00000|  0%| F|  |TAMS 0x00000000eea00000, 0x00000000eea00000| Untracked 
| 235|0x00000000eeb00000, 0x00000000eeb00000, 0x00000000eec00000|  0%| F|  |TAMS 0x00000000eeb00000, 0x00000000eeb00000| Untracked 
| 236|0x00000000eec00000, 0x00000000eec00000, 0x00000000eed00000|  0%| F|  |TAMS 0x00000000eec00000, 0x00000000eec00000| Untracked 
| 237|0x00000000eed00000, 0x00000000eed00000, 0x00000000eee00000|  0%| F|  |TAMS 0x00000000eed00000, 0x00000000eed00000| Untracked 
| 238|0x00000000eee00000, 0x00000000eee00000, 0x00000000eef00000|  0%| F|  |TAMS 0x00000000eee00000, 0x00000000eee00000| Untracked 
| 239|0x00000000eef00000, 0x00000000eef00000, 0x00000000ef000000|  0%| F|  |TAMS 0x00000000eef00000, 0x00000000eef00000| Untracked 
| 240|0x00000000ef000000, 0x00000000ef000000, 0x00000000ef100000|  0%| F|  |TAMS 0x00000000ef000000, 0x00000000ef000000| Untracked 
| 241|0x00000000ef100000, 0x00000000ef100000, 0x00000000ef200000|  0%| F|  |TAMS 0x00000000ef100000, 0x00000000ef100000| Untracked 
| 242|0x00000000ef200000, 0x00000000ef200000, 0x00000000ef300000|  0%| F|  |TAMS 0x00000000ef200000, 0x00000000ef200000| Untracked 
| 243|0x00000000ef300000, 0x00000000ef300000, 0x00000000ef400000|  0%| F|  |TAMS 0x00000000ef300000, 0x00000000ef300000| Untracked 
| 244|0x00000000ef400000, 0x00000000ef400000, 0x00000000ef500000|  0%| F|  |TAMS 0x00000000ef400000, 0x00000000ef400000| Untracked 
| 245|0x00000000ef500000, 0x00000000ef500000, 0x00000000ef600000|  0%| F|  |TAMS 0x00000000ef500000, 0x00000000ef500000| Untracked 
| 246|0x00000000ef600000, 0x00000000ef600000, 0x00000000ef700000|  0%| F|  |TAMS 0x00000000ef600000, 0x00000000ef600000| Untracked 
| 247|0x00000000ef700000, 0x00000000ef700000, 0x00000000ef800000|  0%| F|  |TAMS 0x00000000ef700000, 0x00000000ef700000| Untracked 
| 248|0x00000000ef800000, 0x00000000ef800000, 0x00000000ef900000|  0%| F|  |TAMS 0x00000000ef800000, 0x00000000ef800000| Untracked 
| 249|0x00000000ef900000, 0x00000000ef9e96d8, 0x00000000efa00000| 91%| E|  |TAMS 0x00000000ef900000, 0x00000000ef900000| Complete 
| 250|0x00000000efa00000, 0x00000000efb00000, 0x00000000efb00000|100%| E|CS|TAMS 0x00000000efa00000, 0x00000000efa00000| Complete 
| 251|0x00000000efb00000, 0x00000000efc00000, 0x00000000efc00000|100%| E|CS|TAMS 0x00000000efb00000, 0x00000000efb00000| Complete 
| 252|0x00000000efc00000, 0x00000000efd00000, 0x00000000efd00000|100%| E|CS|TAMS 0x00000000efc00000, 0x00000000efc00000| Complete 
| 253|0x00000000efd00000, 0x00000000efe00000, 0x00000000efe00000|100%| E|CS|TAMS 0x00000000efd00000, 0x00000000efd00000| Complete 
| 254|0x00000000efe00000, 0x00000000eff00000, 0x00000000eff00000|100%| E|CS|TAMS 0x00000000efe00000, 0x00000000efe00000| Complete 
| 255|0x00000000eff00000, 0x00000000f0000000, 0x00000000f0000000|100%| E|CS|TAMS 0x00000000eff00000, 0x00000000eff00000| Complete 

Card table byte_map: [0x0000004936a70000,0x0000004936b70000] _byte_map_base: 0x0000004936370000

Marking Bits (Prev, Next): (CMBitMap*) 0x000000491f856a90, (CMBitMap*) 0x000000491f856a50
 Prev Bits: [0x0000004937470000, 0x0000004937c70000)
 Next Bits: [0x0000004936c70000, 0x0000004937470000)

Polling page: 0x000000491f010000

Metaspace:

Usage:
  Non-class:     76.55 MB capacity,    75.01 MB ( 98%) used,     1.37 MB (  2%) free+waste,   181.44 KB ( <1%) overhead. 
      Class:     11.21 MB capacity,    10.64 MB ( 95%) used,   513.45 KB (  4%) free+waste,    76.81 KB ( <1%) overhead. 
       Both:     87.77 MB capacity,    85.64 MB ( 98%) used,     1.87 MB (  2%) free+waste,   258.25 KB ( <1%) overhead. 

Virtual space:
  Non-class space:       78.00 MB reserved,      77.08 MB ( 99%) committed 
      Class space:      248.00 MB reserved,      11.38 MB (  5%) committed 
             Both:      326.00 MB reserved,      88.45 MB ( 27%) committed 

Chunk freelists:
   Non-Class:  411.00 KB
       Class:  165.00 KB
        Both:  576.00 KB

MaxMetaspaceSize: 256.00 MB
CompressedClassSpaceSize: 248.00 MB

CodeHeap 'non-profiled nmethods': size=120000Kb used=13709Kb max_used=13709Kb free=106290Kb
 bounds [0x000000492f540000, 0x00000049302b0000, 0x0000004936a70000]
CodeHeap 'profiled nmethods': size=120000Kb used=27562Kb max_used=28537Kb free=92437Kb
 bounds [0x0000004928010000, 0x0000004929bf0000, 0x000000492f540000]
CodeHeap 'non-nmethods': size=5760Kb used=2399Kb max_used=2465Kb free=3360Kb
 bounds [0x0000004927a70000, 0x0000004927cf0000, 0x0000004928010000]
 total_blobs=16029 nmethods=15132 adapters=808
 compilation: enabled
              stopped_count=0, restarted_count=0
 full_count=0

Compilation events (20 events):
Event: 1894.724 Thread 0x000000493a55b5a0 18414       3       javax.crypto.spec.SecretKeySpec::getEncoded (11 bytes)
Event: 1894.724 Thread 0x000000493a55b5a0 nmethod 18414 0x0000004928f1a610 code [0x0000004928f1a7c0, 0x0000004928f1aa88]
Event: 1894.724 Thread 0x000000493a55b5a0 18416       1       org.apache.http.util.CharArrayBuffer::length (5 bytes)
Event: 1894.725 Thread 0x000000493a55b5a0 nmethod 18416 0x00000049302a0710 code [0x00000049302a08a0, 0x00000049302a0958]
Event: 1894.725 Thread 0x000000493a54dec0 18417 %     4       com.sun.crypto.provider.GHASH::blockMult @ 121 (245 bytes)
Event: 1894.733 Thread 0x000000493a54dec0 nmethod 18417% 0x00000049302a0a10 code [0x00000049302a0ba0, 0x00000049302a0fb8]
Event: 1894.812 Thread 0x000000493a55b5a0 18418       3       java.nio.ByteBuffer::put (9 bytes)
Event: 1894.812 Thread 0x000000493a55b5a0 nmethod 18418 0x000000492916cc90 code [0x000000492916ce40, 0x000000492916d008]
Event: 1894.812 Thread 0x000000493a55b5a0 18419       3       java.nio.HeapByteBuffer::put (64 bytes)
Event: 1894.813 Thread 0x000000493a55b5a0 nmethod 18419 0x000000492916db90 code [0x000000492916ddc0, 0x000000492916e568]
Event: 1894.813 Thread 0x000000493a55b5a0 18420       3       java.security.MessageDigest::digest (49 bytes)
Event: 1894.814 Thread 0x000000493a55b5a0 nmethod 18420 0x00000049291fa090 code [0x00000049291fa260, 0x00000049291fa648]
Event: 1894.814 Thread 0x000000493a55b5a0 18421       3       java.security.MessageDigest$Delegate::engineDigest (11 bytes)
Event: 1894.814 Thread 0x000000493a55b5a0 nmethod 18421 0x00000049291f9a10 code [0x00000049291f9bc0, 0x00000049291f9d88]
Event: 1894.814 Thread 0x000000493a54dec0 18422       4       java.util.Collections$ReverseComparator2::compare (12 bytes)
Event: 1894.821 Thread 0x000000493a54dec0 nmethod 18422 0x00000049302a1190 code [0x00000049302a1360, 0x00000049302a17e8]
Event: 1894.821 Thread 0x000000493a54dec0 18423       4       com.google.common.collect.AbstractSetMultimap::get (6 bytes)
Event: 1894.834 Thread 0x000000493a55b5a0 18424       3       com.android.build.gradle.internal.res.GenerateLibraryRFileTask_Decorated::toString (33 bytes)
Event: 1894.835 Thread 0x000000493a55b5a0 nmethod 18424 0x000000492859d990 code [0x000000492859db80, 0x000000492859e178]
Event: 1894.841 Thread 0x000000493a54dec0 nmethod 18423 0x00000049302a1b90 code [0x00000049302a1d40, 0x00000049302a2758]

GC Heap History (20 events):
Event: 926.832 GC heap before
{Heap before GC invocations=19 (full 0):
 garbage-first heap   total 262144K, used 212461K [0x00000000e0000000, 0x0000000100000000)
  region size 1024K, 88 young (90112K), 5 survivors (5120K)
 Metaspace       used 83954K, capacity 86243K, committed 86480K, reserved 329728K
  class space    used 10606K, capacity 11270K, committed 11392K, reserved 253952K
}
Event: 926.851 GC heap after
{Heap after GC invocations=20 (full 0):
 garbage-first heap   total 262144K, used 129517K [0x00000000e0000000, 0x0000000100000000)
  region size 1024K, 6 young (6144K), 6 survivors (6144K)
 Metaspace       used 83954K, capacity 86243K, committed 86480K, reserved 329728K
  class space    used 10606K, capacity 11270K, committed 11392K, reserved 253952K
}
Event: 1119.768 GC heap before
{Heap before GC invocations=21 (full 0):
 garbage-first heap   total 262144K, used 210413K [0x00000000e0000000, 0x0000000100000000)
  region size 1024K, 91 young (93184K), 6 survivors (6144K)
 Metaspace       used 84164K, capacity 86432K, committed 86736K, reserved 329728K
  class space    used 10599K, capacity 11252K, committed 11392K, reserved 253952K
}
Event: 1119.806 GC heap after
{Heap after GC invocations=22 (full 0):
 garbage-first heap   total 262144K, used 134960K [0x00000000e0000000, 0x0000000100000000)
  region size 1024K, 12 young (12288K), 12 survivors (12288K)
 Metaspace       used 84164K, capacity 86432K, committed 86736K, reserved 329728K
  class space    used 10599K, capacity 11252K, committed 11392K, reserved 253952K
}
Event: 1119.828 GC heap before
{Heap before GC invocations=22 (full 0):
 garbage-first heap   total 262144K, used 135984K [0x00000000e0000000, 0x0000000100000000)
  region size 1024K, 13 young (13312K), 12 survivors (12288K)
 Metaspace       used 84164K, capacity 86432K, committed 86736K, reserved 329728K
  class space    used 10599K, capacity 11252K, committed 11392K, reserved 253952K
}
Event: 1119.870 GC heap after
{Heap after GC invocations=23 (full 0):
 garbage-first heap   total 262144K, used 115239K [0x00000000e0000000, 0x0000000100000000)
  region size 1024K, 2 young (2048K), 2 survivors (2048K)
 Metaspace       used 84164K, capacity 86432K, committed 86736K, reserved 329728K
  class space    used 10599K, capacity 11252K, committed 11392K, reserved 253952K
}
Event: 1120.087 GC heap before
{Heap before GC invocations=23 (full 0):
 garbage-first heap   total 262144K, used 124455K [0x00000000e0000000, 0x0000000100000000)
  region size 1024K, 12 young (12288K), 2 survivors (2048K)
 Metaspace       used 84175K, capacity 86432K, committed 86736K, reserved 329728K
  class space    used 10599K, capacity 11252K, committed 11392K, reserved 253952K
}
Event: 1120.141 GC heap after
{Heap after GC invocations=24 (full 0):
 garbage-first heap   total 262144K, used 103444K [0x00000000e0000000, 0x0000000100000000)
  region size 1024K, 1 young (1024K), 1 survivors (1024K)
 Metaspace       used 84175K, capacity 86432K, committed 86736K, reserved 329728K
  class space    used 10599K, capacity 11252K, committed 11392K, reserved 253952K
}
Event: 1124.024 GC heap before
{Heap before GC invocations=24 (full 0):
 garbage-first heap   total 262144K, used 206868K [0x00000000e0000000, 0x0000000100000000)
  region size 1024K, 103 young (105472K), 1 survivors (1024K)
 Metaspace       used 84308K, capacity 86520K, committed 86736K, reserved 329728K
  class space    used 10602K, capacity 11257K, committed 11392K, reserved 253952K
}
Event: 1124.037 GC heap after
{Heap after GC invocations=25 (full 0):
 garbage-first heap   total 262144K, used 107592K [0x00000000e0000000, 0x0000000100000000)
  region size 1024K, 5 young (5120K), 5 survivors (5120K)
 Metaspace       used 84308K, capacity 86520K, committed 86736K, reserved 329728K
  class space    used 10602K, capacity 11257K, committed 11392K, reserved 253952K
}
Event: 1207.044 GC heap before
{Heap before GC invocations=25 (full 0):
 garbage-first heap   total 262144K, used 209992K [0x00000000e0000000, 0x0000000100000000)
  region size 1024K, 106 young (108544K), 5 survivors (5120K)
 Metaspace       used 84551K, capacity 86849K, committed 86992K, reserved 329728K
  class space    used 10603K, capacity 11259K, committed 11392K, reserved 253952K
}
Event: 1207.080 GC heap after
{Heap after GC invocations=26 (full 0):
 garbage-first heap   total 262144K, used 118672K [0x00000000e0000000, 0x0000000100000000)
  region size 1024K, 14 young (14336K), 14 survivors (14336K)
 Metaspace       used 84551K, capacity 86849K, committed 86992K, reserved 329728K
  class space    used 10603K, capacity 11259K, committed 11392K, reserved 253952K
}
Event: 1210.402 GC heap before
{Heap before GC invocations=26 (full 0):
 garbage-first heap   total 262144K, used 207760K [0x00000000e0000000, 0x0000000100000000)
  region size 1024K, 102 young (104448K), 14 survivors (14336K)
 Metaspace       used 84648K, capacity 86913K, committed 87248K, reserved 331776K
  class space    used 10603K, capacity 11259K, committed 11392K, reserved 253952K
}
Event: 1210.439 GC heap after
{Heap after GC invocations=27 (full 0):
 garbage-first heap   total 262144K, used 123392K [0x00000000e0000000, 0x0000000100000000)
  region size 1024K, 6 young (6144K), 6 survivors (6144K)
 Metaspace       used 84648K, capacity 86913K, committed 87248K, reserved 331776K
  class space    used 10603K, capacity 11259K, committed 11392K, reserved 253952K
}
Event: 1211.901 GC heap before
{Heap before GC invocations=27 (full 0):
 garbage-first heap   total 262144K, used 210432K [0x00000000e0000000, 0x0000000100000000)
  region size 1024K, 92 young (94208K), 6 survivors (6144K)
 Metaspace       used 84659K, capacity 86913K, committed 87248K, reserved 331776K
  class space    used 10604K, capacity 11259K, committed 11392K, reserved 253952K
}
Event: 1211.916 GC heap after
{Heap after GC invocations=28 (full 0):
 garbage-first heap   total 262144K, used 124217K [0x00000000e0000000, 0x0000000100000000)
  region size 1024K, 7 young (7168K), 7 survivors (7168K)
 Metaspace       used 84659K, capacity 86913K, committed 87248K, reserved 331776K
  class space    used 10604K, capacity 11259K, committed 11392K, reserved 253952K
}
Event: 1889.253 GC heap before
{Heap before GC invocations=28 (full 0):
 garbage-first heap   total 262144K, used 214329K [0x00000000e0000000, 0x0000000100000000)
  region size 1024K, 96 young (98304K), 7 survivors (7168K)
 Metaspace       used 87914K, capacity 90256K, committed 90320K, reserved 333824K
  class space    used 10987K, capacity 11641K, committed 11648K, reserved 253952K
}
Event: 1889.290 GC heap after
{Heap after GC invocations=29 (full 0):
 garbage-first heap   total 262144K, used 135556K [0x00000000e0000000, 0x0000000100000000)
  region size 1024K, 12 young (12288K), 12 survivors (12288K)
 Metaspace       used 87914K, capacity 90256K, committed 90320K, reserved 333824K
  class space    used 10987K, capacity 11641K, committed 11648K, reserved 253952K
}
Event: 1894.476 GC heap before
{Heap before GC invocations=29 (full 0):
 garbage-first heap   total 262144K, used 210308K [0x00000000e0000000, 0x0000000100000000)
  region size 1024K, 86 young (88064K), 12 survivors (12288K)
 Metaspace       used 88044K, capacity 90390K, committed 90576K, reserved 333824K
  class space    used 10993K, capacity 11642K, committed 11648K, reserved 253952K
}
Event: 1894.508 GC heap after
{Heap after GC invocations=30 (full 0):
 garbage-first heap   total 262144K, used 139415K [0x00000000e0000000, 0x0000000100000000)
  region size 1024K, 4 young (4096K), 4 survivors (4096K)
 Metaspace       used 88044K, capacity 90390K, committed 90576K, reserved 333824K
  class space    used 10993K, capacity 11642K, committed 11648K, reserved 253952K
}

Deoptimization events (20 events):
Event: 1892.286 Thread 0x000000493e638af0 DEOPT PACKING pc=0x000000492810a9d8 sp=0x0000004950fb9fa0
Event: 1892.286 Thread 0x000000493e638af0 DEOPT UNPACKING pc=0x0000004927abe23f sp=0x0000004950fb9458 mode 0
Event: 1892.287 Thread 0x000000493e638af0 DEOPT PACKING pc=0x000000492810a9d8 sp=0x0000004950fb9fa0
Event: 1892.287 Thread 0x000000493e638af0 DEOPT UNPACKING pc=0x0000004927abe23f sp=0x0000004950fb9458 mode 0
Event: 1892.289 Thread 0x000000493e638af0 DEOPT PACKING pc=0x000000492810a9d8 sp=0x0000004950fb9ec0
Event: 1892.289 Thread 0x000000493e638af0 DEOPT UNPACKING pc=0x0000004927abe23f sp=0x0000004950fb9378 mode 0
Event: 1892.292 Thread 0x000000493e638af0 DEOPT PACKING pc=0x000000492810a9fe sp=0x0000004950fb9e10
Event: 1892.292 Thread 0x000000493e638af0 DEOPT UNPACKING pc=0x0000004927abe23f sp=0x0000004950fb92c8 mode 0
Event: 1892.294 Thread 0x000000493e638af0 DEOPT PACKING pc=0x000000492810a9d8 sp=0x0000004950fb9db0
Event: 1892.294 Thread 0x000000493e638af0 DEOPT UNPACKING pc=0x0000004927abe23f sp=0x0000004950fb9268 mode 0
Event: 1892.296 Thread 0x000000493e638af0 DEOPT PACKING pc=0x000000492810a9fe sp=0x0000004950fb9e10
Event: 1892.296 Thread 0x000000493e638af0 DEOPT UNPACKING pc=0x0000004927abe23f sp=0x0000004950fb92c8 mode 0
Event: 1893.120 Thread 0x000000493e638af0 DEOPT PACKING pc=0x0000004928f762bd sp=0x0000004950fb9260
Event: 1893.120 Thread 0x000000493e638af0 DEOPT UNPACKING pc=0x0000004927abe23f sp=0x0000004950fb8718 mode 0
Event: 1893.519 Thread 0x000000493e638af0 Uncommon trap: trap_request=0xffffffcc fr.pc=0x0000004930286ff0 relative=0x00000000000021b0
Event: 1893.519 Thread 0x000000493e638af0 Uncommon trap: reason=intrinsic_or_type_checked_inlining action=make_not_entrant pc=0x0000004930286ff0 method=java.util.ArrayList$SubList.toArray([Ljava/lang/Object;)[Ljava/lang/Object; @ 58 c2
Event: 1893.519 Thread 0x000000493e638af0 DEOPT PACKING pc=0x0000004930286ff0 sp=0x0000004950fb92f0
Event: 1893.519 Thread 0x000000493e638af0 DEOPT UNPACKING pc=0x0000004927abe42f sp=0x0000004950fb9248 mode 2
Event: 1894.239 Thread 0x000000493e638af0 DEOPT PACKING pc=0x0000004928b727cf sp=0x0000004950fb9970
Event: 1894.239 Thread 0x000000493e638af0 DEOPT UNPACKING pc=0x0000004927abe23f sp=0x0000004950fb8df8 mode 0

Classes unloaded (20 events):
Event: 1894.915 Thread 0x000000493a520db0 Unloading class 0x0000000800f22040 'java_lang_CharSequence$toString'
Event: 1894.915 Thread 0x000000493a520db0 Unloading class 0x0000000800f22840 'java_lang_StringBuffer$append'
Event: 1894.915 Thread 0x000000493a520db0 Unloading class 0x0000000800f23040 'java_io_BufferedReader$readLine'
Event: 1894.915 Thread 0x000000493a520db0 Unloading class 0x0000000800f25040 'java_lang_Runtime$exec$0'
Event: 1894.915 Thread 0x000000493a520db0 Unloading class 0x0000000800f25840 'java_lang_Runtime$getRuntime'
Event: 1894.915 Thread 0x000000493a520db0 Unloading class 0x000000080120f040 'ReactNativeModules$addReactNativeModuleDependencies$2'
Event: 1894.915 Thread 0x000000493a520db0 Unloading class 0x0000000800f47040 'ReactNativeModules$addReactNativeModuleProjects$1'
Event: 1894.915 Thread 0x000000493a520db0 Unloading class 0x0000000800f26040 'ReactNativeModules$getCommandOutput$0'
Event: 1894.915 Thread 0x000000493a520db0 Unloading class 0x0000000800f26840 'ReactNativeModules$getReactNativeConfig'
Event: 1894.915 Thread 0x000000493a520db0 Unloading class 0x0000000800f44840 'org/gradle/api/Script$buildscript$1'
Event: 1894.915 Thread 0x000000493a520db0 Unloading class 0x0000000800f20840 'org/gradle/api/Script$apply$0'
Event: 1894.915 Thread 0x000000493a520db0 Unloading class 0x0000000800f20040 'org/gradle/api/Script$file'
Event: 1894.915 Thread 0x000000493a520db0 Unloading class 0x0000000800c99440 'java/lang/invoke/LambdaForm$MH+0x0000000800c99440'
Event: 1894.915 Thread 0x000000493a520db0 Unloading class 0x0000000800c99040 'java/lang/invoke/LambdaForm$MH+0x0000000800c99040'
Event: 1894.915 Thread 0x000000493a520db0 Unloading class 0x0000000800c9ac40 'java/lang/invoke/LambdaForm$MH+0x0000000800c9ac40'
Event: 1894.915 Thread 0x000000493a520db0 Unloading class 0x0000000800c9a840 'java/lang/invoke/LambdaForm$MH+0x0000000800c9a840'
Event: 1894.916 Thread 0x000000493a520db0 Unloading class 0x0000000800c9b440 'java/lang/invoke/LambdaForm$MH+0x0000000800c9b440'
Event: 1894.916 Thread 0x000000493a520db0 Unloading class 0x0000000800c9b040 'java/lang/invoke/LambdaForm$MH+0x0000000800c9b040'
Event: 1894.916 Thread 0x000000493a520db0 Unloading class 0x0000000800c9bc40 'java/lang/invoke/LambdaForm$MH+0x0000000800c9bc40'
Event: 1894.916 Thread 0x000000493a520db0 Unloading class 0x0000000800c9c440 'java/lang/invoke/LambdaForm$MH+0x0000000800c9c440'

Classes redefined (0 events):
No events

Internal exceptions (20 events):
Event: 1210.987 Thread 0x00000049413294f0 Exception <a 'sun/nio/fs/WindowsException'{0x00000000ee60ce58}> (0x00000000ee60ce58) 
thrown [./open/src/hotspot/share/prims/jni.cpp, line 578]
Event: 1210.987 Thread 0x00000049413294f0 Exception <a 'sun/nio/fs/WindowsException'{0x00000000ee60dd58}> (0x00000000ee60dd58) 
thrown [./open/src/hotspot/share/prims/jni.cpp, line 578]
Event: 1210.988 Thread 0x00000049413294f0 Exception <a 'sun/nio/fs/WindowsException'{0x00000000ee611c70}> (0x00000000ee611c70) 
thrown [./open/src/hotspot/share/prims/jni.cpp, line 578]
Event: 1210.988 Thread 0x00000049413294f0 Exception <a 'sun/nio/fs/WindowsException'{0x00000000ee612bb0}> (0x00000000ee612bb0) 
thrown [./open/src/hotspot/share/prims/jni.cpp, line 578]
Event: 1210.988 Thread 0x00000049413294f0 Exception <a 'sun/nio/fs/WindowsException'{0x00000000ee614de8}> (0x00000000ee614de8) 
thrown [./open/src/hotspot/share/prims/jni.cpp, line 578]
Event: 1210.989 Thread 0x00000049413294f0 Exception <a 'sun/nio/fs/WindowsException'{0x00000000ee615d38}> (0x00000000ee615d38) 
thrown [./open/src/hotspot/share/prims/jni.cpp, line 578]
Event: 1211.025 Thread 0x00000049413294f0 Exception <a 'sun/nio/fs/WindowsException'{0x00000000ee5232b8}> (0x00000000ee5232b8) 
thrown [./open/src/hotspot/share/prims/jni.cpp, line 578]
Event: 1211.025 Thread 0x00000049413294f0 Exception <a 'sun/nio/fs/WindowsException'{0x00000000ee5241c8}> (0x00000000ee5241c8) 
thrown [./open/src/hotspot/share/prims/jni.cpp, line 578]
Event: 1211.027 Thread 0x00000049413294f0 Exception <a 'sun/nio/fs/WindowsException'{0x00000000ee528140}> (0x00000000ee528140) 
thrown [./open/src/hotspot/share/prims/jni.cpp, line 578]
Event: 1211.027 Thread 0x00000049413294f0 Exception <a 'sun/nio/fs/WindowsException'{0x00000000ee529098}> (0x00000000ee529098) 
thrown [./open/src/hotspot/share/prims/jni.cpp, line 578]
Event: 1211.028 Thread 0x00000049413294f0 Exception <a 'sun/nio/fs/WindowsException'{0x00000000ee52b310}> (0x00000000ee52b310) 
thrown [./open/src/hotspot/share/prims/jni.cpp, line 578]
Event: 1211.028 Thread 0x00000049413294f0 Exception <a 'sun/nio/fs/WindowsException'{0x00000000ee52c278}> (0x00000000ee52c278) 
thrown [./open/src/hotspot/share/prims/jni.cpp, line 578]
Event: 1211.093 Thread 0x000000494b0213d0 Exception <a 'sun/nio/fs/WindowsException'{0x00000000ee295958}> (0x00000000ee295958) 
thrown [./open/src/hotspot/share/prims/jni.cpp, line 578]
Event: 1211.093 Thread 0x000000494b0213d0 Exception <a 'sun/nio/fs/WindowsException'{0x00000000ee297060}> (0x00000000ee297060) 
thrown [./open/src/hotspot/share/prims/jni.cpp, line 578]
Event: 1211.094 Thread 0x000000494b0213d0 Exception <a 'sun/nio/fs/WindowsException'{0x00000000ee2999b0}> (0x00000000ee2999b0) 
thrown [./open/src/hotspot/share/prims/jni.cpp, line 578]
Event: 1211.094 Thread 0x000000494b0213d0 Exception <a 'sun/nio/fs/WindowsException'{0x00000000ee29b0c8}> (0x00000000ee29b0c8) 
thrown [./open/src/hotspot/share/prims/jni.cpp, line 578]
Event: 1211.191 Thread 0x000000494132bb70 Exception <a 'sun/nio/fs/WindowsException'{0x00000000eda402f8}> (0x00000000eda402f8) 
thrown [./open/src/hotspot/share/prims/jni.cpp, line 578]
Event: 1211.191 Thread 0x000000494132bb70 Exception <a 'sun/nio/fs/WindowsException'{0x00000000eda411a0}> (0x00000000eda411a0) 
thrown [./open/src/hotspot/share/prims/jni.cpp, line 578]
Event: 1874.398 Thread 0x000000494132bb70 Exception <a 'sun/nio/fs/WindowsException'{0x00000000ed6e9088}> (0x00000000ed6e9088) 
thrown [./open/src/hotspot/share/prims/jni.cpp, line 578]
Event: 1883.845 Thread 0x000000494132bb70 Exception <a 'sun/nio/fs/WindowsException'{0x00000000ec6f1128}> (0x00000000ec6f1128) 
thrown [./open/src/hotspot/share/prims/jni.cpp, line 578]

Events (20 events):
Event: 1891.842 loading class sun/security/ssl/SSLEngineOutputRecord$HandshakeMemo
Event: 1891.842 loading class sun/security/ssl/SSLEngineOutputRecord$RecordMemo
Event: 1891.842 loading class sun/security/ssl/SSLEngineOutputRecord$RecordMemo done
Event: 1891.842 loading class sun/security/ssl/SSLEngineOutputRecord$HandshakeMemo done
Event: 1892.034 loading class sun/security/ssl/PreSharedKeyExtension$SHPreSharedKeySpec
Event: 1892.034 loading class sun/security/ssl/PreSharedKeyExtension$SHPreSharedKeySpec done
Event: 1892.294 Executing VM operation: HandshakeAllThreads
Event: 1892.294 Executing VM operation: HandshakeAllThreads done
Event: 1892.513 Thread 0x00000049405786b0 Thread added: 0x00000049405786b0
Event: 1892.683 Thread 0x00000049405786b0 Thread exited: 0x00000049405786b0
Event: 1893.294 Executing VM operation: HandshakeAllThreads
Event: 1893.294 Executing VM operation: HandshakeAllThreads done
Event: 1893.339 Thread 0x00000049413acc60 Thread added: 0x00000049413acc60
Event: 1893.782 Thread 0x00000049413acc60 Thread exited: 0x00000049413acc60
Event: 1894.475 Executing VM operation: G1CollectForAllocation
Event: 1894.509 Executing VM operation: G1CollectForAllocation done
Event: 1894.911 Executing VM operation: G1Concurrent
Event: 1894.936 Executing VM operation: G1Concurrent done
Event: 1894.936 Executing VM operation: HandshakeAllThreads
Event: 1894.938 Executing VM operation: HandshakeAllThreads done


Dynamic libraries:
0x00007ff749550000 - 0x00007ff74955f000 	C:\Program Files\Java\jdk-15\bin\java.exe
0x00007fffebe60000 - 0x00007fffec021000 	C:\Windows\SYSTEM32\ntdll.dll
0x00007fffebdb0000 - 0x00007fffebe5d000 	C:\Windows\system32\KERNEL32.DLL
0x00007fffe9290000 - 0x00007fffe946d000 	C:\Windows\system32\KERNELBASE.dll
0x00007fffdc530000 - 0x00007fffdc548000 	C:\Program Files\Java\jdk-15\bin\jli.dll
0x00007fffda9f0000 - 0x00007fffdaa09000 	C:\Program Files\Java\jdk-15\bin\VCRUNTIME140.dll
0x00007fffe1e90000 - 0x00007fffe1f82000 	C:\Windows\SYSTEM32\ucrtbase.dll
0x00007fffe9700000 - 0x00007fffe97a6000 	C:\Windows\system32\ADVAPI32.dll
0x00007fffe9bb0000 - 0x00007fffe9c4d000 	C:\Windows\system32\msvcrt.dll
0x00007fffe97b0000 - 0x00007fffe980b000 	C:\Windows\system32\sechost.dll
0x00007fffe9c50000 - 0x00007fffe9d76000 	C:\Windows\system32\RPCRT4.dll
0x00007fffe9810000 - 0x00007fffe995e000 	C:\Windows\system32\USER32.dll
0x00007fffe9da0000 - 0x00007fffe9f26000 	C:\Windows\system32\GDI32.dll
0x00007fffdbdd0000 - 0x00007fffdc044000 	C:\Windows\WinSxS\amd64_microsoft.windows.common-controls_6595b64144ccf1df_6.0.10240.16384_none_f41f7b285750ef43\COMCTL32.dll
0x00007fffe6e90000 - 0x00007fffe6e9a000 	C:\Windows\SYSTEM32\VERSION.dll
0x00007fffe9b70000 - 0x00007fffe9ba6000 	C:\Windows\system32\IMM32.DLL
0x00007fffea120000 - 0x00007fffea27c000 	C:\Windows\system32\MSCTF.dll
0x00007fffe6600000 - 0x00007fffe660c000 	C:\Program Files\Java\jdk-15\bin\vcruntime140_1.dll
0x00007fffcbc90000 - 0x00007fffcbd21000 	C:\Program Files\Java\jdk-15\bin\msvcp140.dll
0x00007fffb40e0000 - 0x00007fffb4c3c000 	C:\Program Files\Java\jdk-15\bin\server\jvm.dll
0x00007fffea520000 - 0x00007fffea528000 	C:\Windows\system32\PSAPI.DLL
0x00007fffd48e0000 - 0x00007fffd48e9000 	C:\Windows\SYSTEM32\WSOCK32.dll
0x00007fffe6ac0000 - 0x00007fffe6ae3000 	C:\Windows\SYSTEM32\WINMM.dll
0x00007fffea000000 - 0x00007fffea069000 	C:\Windows\system32\WS2_32.dll
0x00007fffea280000 - 0x00007fffea288000 	C:\Windows\system32\NSI.dll
0x00007fffe6a60000 - 0x00007fffe6a8c000 	C:\Windows\SYSTEM32\WINMMBASE.dll
0x00007fffe8b60000 - 0x00007fffe8ba4000 	C:\Windows\system32\cfgmgr32.dll
0x00007fffe8520000 - 0x00007fffe8547000 	C:\Windows\SYSTEM32\DEVOBJ.dll
0x00007fffe88d0000 - 0x00007fffe88df000 	C:\Windows\system32\kernel.appcore.dll
0x00007fffda9e0000 - 0x00007fffda9ea000 	C:\Program Files\Java\jdk-15\bin\jimage.dll
0x00007fffe0190000 - 0x00007fffe031a000 	C:\Windows\SYSTEM32\DBGHELP.DLL
0x00007fffdfdb0000 - 0x00007fffdfdd5000 	C:\Windows\SYSTEM32\dbgcore.DLL
0x00007fffda9b0000 - 0x00007fffda9d5000 	C:\Program Files\Java\jdk-15\bin\java.dll
0x00007fffea880000 - 0x00007fffebda2000 	C:\Windows\system32\SHELL32.dll
0x00007fffe8c60000 - 0x00007fffe9289000 	C:\Windows\system32\windows.storage.dll
0x00007fffea600000 - 0x00007fffea87c000 	C:\Windows\system32\combase.dll
0x00007fffea290000 - 0x00007fffea2e1000 	C:\Windows\system32\shlwapi.dll
0x00007fffe9470000 - 0x00007fffe9523000 	C:\Windows\system32\shcore.dll
0x00007fffe88e0000 - 0x00007fffe892a000 	C:\Windows\system32\powrprof.dll
0x00007fffe88b0000 - 0x00007fffe88c3000 	C:\Windows\system32\profapi.dll
0x00007fffda940000 - 0x00007fffda959000 	C:\Program Files\Java\jdk-15\bin\net.dll
0x00007fffe0980000 - 0x00007fffe0a56000 	C:\Windows\SYSTEM32\WINHTTP.dll
0x00007fffe7db0000 - 0x00007fffe7e0d000 	C:\Windows\system32\mswsock.dll
0x00007fffda920000 - 0x00007fffda932000 	C:\Program Files\Java\jdk-15\bin\nio.dll
0x00007fffd5cc0000 - 0x00007fffd5cd8000 	C:\Program Files\Java\jdk-15\bin\zip.dll
0x00007fffda910000 - 0x00007fffda920000 	C:\Program Files\Java\jdk-15\bin\verify.dll
0x00007fffd5c90000 - 0x00007fffd5cb6000 	C:\Users\inspiration\.gradle\native\fdc75f09e3144964f2cf3f50f0aa648679c211496f362492102eb8c894070792\windows-amd64\native-platform.dll
0x00007fffc48d0000 - 0x00007fffc4a61000 	C:\Users\inspiration\.gradle\native\12488b8bf47d2d4c9fbf2f6322a914ad602e24e48041cd04a747c6da556b65c4\windows-amd64\native-platform-file-events.dll
0x00007fffd4490000 - 0x00007fffd4499000 	C:\Program Files\Java\jdk-15\bin\management.dll
0x00007fffd43c0000 - 0x00007fffd43cb000 	C:\Program Files\Java\jdk-15\bin\management_ext.dll
0x00007fffe7cd0000 - 0x00007fffe7ce7000 	C:\Windows\SYSTEM32\CRYPTSP.dll
0x00007fffe87c0000 - 0x00007fffe87e8000 	C:\Windows\SYSTEM32\bcrypt.dll
0x00007fffe7a10000 - 0x00007fffe7a43000 	C:\Windows\system32\rsaenh.dll
0x00007fffe7d80000 - 0x00007fffe7d9f000 	C:\Windows\SYSTEM32\USERENV.dll
0x00007fffe8650000 - 0x00007fffe86bb000 	C:\Windows\system32\bcryptprimitives.dll
0x00007fffe7f60000 - 0x00007fffe7f6b000 	C:\Windows\SYSTEM32\CRYPTBASE.dll
0x00007fffe3060000 - 0x00007fffe3098000 	C:\Windows\SYSTEM32\IPHLPAPI.DLL
0x00007fffe3420000 - 0x00007fffe342b000 	C:\Windows\SYSTEM32\WINNSI.DLL
0x00007fffe2a60000 - 0x00007fffe2a76000 	C:\Windows\SYSTEM32\dhcpcsvc6.DLL
0x00007fffe2a40000 - 0x00007fffe2a5a000 	C:\Windows\SYSTEM32\dhcpcsvc.DLL
0x00007fffe7ae0000 - 0x00007fffe7b88000 	C:\Windows\SYSTEM32\DNSAPI.dll
0x00007fffe04e0000 - 0x00007fffe04ea000 	C:\Windows\System32\rasadhlp.dll
0x00007fffe2e00000 - 0x00007fffe2e68000 	C:\Windows\System32\fwpuclnt.dll
0x00007fffcbc40000 - 0x00007fffcbc4d000 	C:\Program Files\Java\jdk-15\bin\sunmscapi.dll
0x00007fffe8990000 - 0x00007fffe8b51000 	C:\Windows\system32\CRYPT32.dll
0x00007fffe8890000 - 0x00007fffe88a1000 	C:\Windows\system32\MSASN1.dll
0x00007fffe7ff0000 - 0x00007fffe8016000 	C:\Windows\SYSTEM32\ncrypt.dll
0x00007fffe8020000 - 0x00007fffe8056000 	C:\Windows\SYSTEM32\NTASN1.dll

dbghelp: loaded successfully - version: 4.0.5 - missing functions: none
symbol engine: initialized successfully - sym options: 0x614 - pdb path: .;C:\Program Files\Java\jdk-15\bin;C:\Windows\SYSTEM32;C:\Windows\WinSxS\amd64_microsoft.windows.common-controls_6595b64144ccf1df_6.0.10240.16384_none_f41f7b285750ef43;C:\Program Files\Java\jdk-15\bin\server;C:\Users\inspiration\.gradle\native\fdc75f09e3144964f2cf3f50f0aa648679c211496f362492102eb8c894070792\windows-amd64;C:\Users\inspiration\.gradle\native\12488b8bf47d2d4c9fbf2f6322a914ad602e24e48041cd04a747c6da556b65c4\windows-amd64

VM Arguments:
jvm_args: --add-opens=java.base/java.util=ALL-UNNAMED --add-opens=java.base/java.lang=ALL-UNNAMED --add-opens=java.base/java.lang.invoke=ALL-UNNAMED --add-opens=java.prefs/java.util.prefs=ALL-UNNAMED -XX:MaxMetaspaceSize=256m -XX:+HeapDumpOnOutOfMemoryError -Xms256m -Xmx512m -Dfile.encoding=windows-1256 -Duser.country=US -Duser.language=en -Duser.variant 
java_command: org.gradle.launcher.daemon.bootstrap.GradleDaemon 6.7
java_class_path (initial): C:\Users\inspiration\.gradle\wrapper\dists\gradle-6.7-all\cuy9mc7upwgwgeb72wkcrupxe\gradle-6.7\lib\gradle-launcher-6.7.jar
Launcher Type: SUN_STANDARD

[Global flags]
     intx CICompilerCount                          = 3                                         {product} {ergonomic}
   size_t CompressedClassSpaceSize                 = 260046848                                 {product} {ergonomic}
     uint ConcGCThreads                            = 1                                         {product} {ergonomic}
     uint G1ConcRefinementThreads                  = 4                                         {product} {ergonomic}
   size_t G1HeapRegionSize                         = 1048576                                   {product} {ergonomic}
    uintx GCDrainStackTargetSize                   = 64                                        {product} {ergonomic}
     bool HeapDumpOnOutOfMemoryError               = true                                   {manageable} {command line}
   size_t InitialHeapSize                          = 268435456                                 {product} {command line}
   size_t MarkStackSize                            = 4194304                                   {product} {ergonomic}
   size_t MaxHeapSize                              = 536870912                                 {product} {command line}
   size_t MaxMetaspaceSize                         = 268435456                                 {product} {command line}
   size_t MaxNewSize                               = 321912832                                 {product} {ergonomic}
   size_t MinHeapDeltaBytes                        = 1048576                                   {product} {ergonomic}
   size_t MinHeapSize                              = 268435456                                 {product} {command line}
    uintx NonNMethodCodeHeapSize                   = 5832780                                {pd product} {ergonomic}
    uintx NonProfiledCodeHeapSize                  = 122912730                              {pd product} {ergonomic}
    uintx ProfiledCodeHeapSize                     = 122912730                              {pd product} {ergonomic}
    uintx ReservedCodeCacheSize                    = 251658240                              {pd product} {ergonomic}
     bool SegmentedCodeCache                       = true                                      {product} {ergonomic}
   size_t SoftMaxHeapSize                          = 536870912                              {manageable} {ergonomic}
     bool UseCompressedClassPointers               = true                                 {lp64_product} {ergonomic}
     bool UseCompressedOops                        = true                                 {lp64_product} {ergonomic}
     bool UseG1GC                                  = true                                      {product} {ergonomic}
     bool UseLargePagesIndividualAllocation        = false                                  {pd product} {ergonomic}

Logging:
Log output configuration:
 #0: stdout all=warning uptime,level,tags
 #1: stderr all=off uptime,level,tags

Environment Variables:
JAVA_HOME=C:\Program Files\Java\jdk-15
CLASSPATH=D:\DEVELOP\APP\pethos\android\\gradle\wrapper\gradle-wrapper.jar
PATH=D:\DEVELOP\APP\pethos\android\node_modules\.bin;D:\DEVELOP\APP\pethos\node_modules\.bin;D:\DEVELOP\APP\node_modules\.bin;D:\DEVELOP\node_modules\.bin;D:\node_modules\.bin;C:\Program Files\nodejs;D:\DEVELOP\APP\pethos\node_modules\.bin;C:\Windows\system32;C:\Windows;C:\Windows\System32\Wbem;C:\Windows\System32\WindowsPowerShell\v1.0\;C:\Program Files\Git\cmd;C:\Program Files\nodejs\;C:\Program Files\MongoDB\Server\4.2\bin;C:\Program Files\TortoiseGit\bin;C:\Program Files\Java\jdk-15\bin;C:\Users\inspiration\AppData\Local\Android\Sdk\platform-tools;C:\Users\inspiration\AppData\Roaming\npm;C:\Users\inspiration\AppData\Local\Programs\Microsoft VS Code\bin
USERNAME=inspiration
OS=Windows_NT
PROCESSOR_IDENTIFIER=Intel64 Family 6 Model 61 Stepping 4, GenuineIntel



---------------  S Y S T E M  ---------------

OS:
 Windows 10 , 64 bit Build 10240 (10.0.10240.16384)
OS uptime: 1 days 22:01 hours

CPU: total 4 (initial active 4) (2 cores per cpu, 2 threads per core) family 6 model 61 stepping 4, cmov, cx8, fxsr, mmx, sse, sse2, sse3, ssse3, sse4.1, sse4.2, popcnt, vzeroupper, avx, avx2, aes, clmul, erms, 3dnowpref, lzcnt, ht, tsc, tscinvbit, bmi1, bmi2, adx, fma, clflush

Memory: 4k page, system-wide physical 12207M (6585M free)
TotalPageFile size 14639M (AvailPageFile size 8263M)
current process WorkingSet (physical memory assigned to process): 539M, peak: 559M
current process commit charge ("private bytes"): 578M, peak: 600M

vm_info: Java HotSpot(TM) 64-Bit Server VM (15+36-1562) for windows-amd64 JRE (15+36-1562), built on Aug 11 2020 22:38:02 by "mach5one" with unknown MS VC++:1925

END.
