#
# A fatal error has been detected by the Java Runtime Environment:
#
#  EXCEPTION_ACCESS_VIOLATION (0xc0000005) at pc=0x0000000064c726ff, pid=8060, tid=0x0000000000001a40
#
# JRE version: Java(TM) SE Runtime Environment (8.0_221-b11) (build 1.8.0_221-b11)
# Java VM: Java HotSpot(TM) 64-Bit Server VM (25.221-b11 mixed mode windows-amd64 compressed oops)
# Problematic frame:
# V  [jvm.dll+0x5126ff]
#
# Failed to write core dump. Minidumps are not enabled by default on client versions of Windows
#
# If you would like to submit a bug report, please visit:
#   http://bugreport.java.com/bugreport/crash.jsp
#

---------------  T H R E A D  ---------------

Current thread (0x00000000140d9800):  JavaThread "C2 CompilerThread0" daemon [_thread_in_native, id=6720, stack(0x0000000015730000,0x0000000015830000)]

siginfo: ExceptionCode=0xc0000005, reading address 0x000000001b75db88

Registers:
RAX=0x00000000176fb780, RBX=0x000000000000054b, RCX=0x000000000080c481, RDX=0x0000000000000400
RSP=0x000000001582bc30, RBP=0x0000000004000000, RSI=0x000000001582bce0, RDI=0x000000001582df20
R8 =0x000000000000006f, R9 =0x0000000000000000, R10=0x0000000000000001, R11=0x0000000000000001
R12=0x0000000000002a58, R13=0x000000001582bda0, R14=0x0000000016dd3cd0, R15=0x0000000000000800
RIP=0x0000000064c726ff, EFLAGS=0x0000000000010287

Top of Stack: (sp=0x000000001582bc30)
0x000000001582bc30:   0000000000000400 00000000187c2828
0x000000001582bc40:   000000001582bce0 000000001582df20
0x000000001582bc50:   000000001582de30 000000001582ea70
0x000000001582bc60:   0000000000000800 0000000016dd3cd0
0x000000001582bc70:   000000001582e980 000000001bc7ed28
0x000000001582bc80:   0000000064d47878 000000001bc76d40
0x000000001582bc90:   000000001bc7c300 0000000014097500
0x000000001582bca0:   0000000014097500 0000000064bd8e2b
0x000000001582bcb0:   0000000000000c2f 000000001582df20
0x000000001582bcc0:   000000001582de10 000000001582bdb0
0x000000001582bcd0:   0000000000000003 00000000187be8a8
0x000000001582bce0:   000000001582ea70 0000000000000004
0x000000001582bcf0:   0000000016dd3890 0000000000000000
0x000000001582bd00:   0000000064ddeee8 000000001582ea70
0x000000001582bd10:   0000000000000002 0000000016dd38b0
0x000000001582bd20:   0000000000000000 0000000016bac000 

Instructions: (pc=0x0000000064c726ff)
0x0000000064c726df:   00 00 4c 89 64 24 40 45 8d 5f 01 45 33 e4 0f 1f
0x0000000064c726ef:   00 49 8b 45 20 49 8b 2c 04 48 8b 47 50 8b 4d 28
0x0000000064c726ff:   48 8b 3c c8 41 3b df 72 1c 48 8d 4c 24 28 8b d3
0x0000000064c7270f:   e8 bc 83 fe ff 4c 8b 74 24 38 44 8b 7c 24 30 41 


Register to memory mapping:

RAX=0x00000000176fb780 is an unknown value
RBX=0x000000000000054b is an unknown value
RCX=0x000000000080c481 is an unknown value
RDX=0x0000000000000400 is an unknown value
RSP=0x000000001582bc30 is pointing into the stack for thread: 0x00000000140d9800
RBP=0x0000000004000000 is at entry_point+1728 in (nmethod*)0x0000000003fff750
RSI=0x000000001582bce0 is pointing into the stack for thread: 0x00000000140d9800
RDI=0x000000001582df20 is pointing into the stack for thread: 0x00000000140d9800
R8 =0x000000000000006f is an unknown value
R9 =0x0000000000000000 is an unknown value
R10=0x0000000000000001 is an unknown value
R11=0x0000000000000001 is an unknown value
R12=0x0000000000002a58 is an unknown value
R13=0x000000001582bda0 is pointing into the stack for thread: 0x00000000140d9800
R14=0x0000000016dd3cd0 is an unknown value
R15=0x0000000000000800 is an unknown value


Stack: [0x0000000015730000,0x0000000015830000],  sp=0x000000001582bc30,  free space=1007k
Native frames: (J=compiled Java code, j=interpreted, Vv=VM code, C=native code)
V  [jvm.dll+0x5126ff]
V  [jvm.dll+0x478e2b]
V  [jvm.dll+0x47a6c3]
V  [jvm.dll+0x45cfd2]
V  [jvm.dll+0xa6a62]
V  [jvm.dll+0xa73af]
V  [jvm.dll+0x24666f]
V  [jvm.dll+0x29fb8a]
C  [msvcr100.dll+0x21d9f]
C  [msvcr100.dll+0x21e3b]
C  [KERNEL32.DLL+0x12d92]
C  [ntdll.dll+0x9f64]


Current CompileTask:
C2:  66124 6836       4       java.lang.String::replaceAll (13 bytes)


---------------  P R O C E S S  ---------------

Java Threads: ( => current thread )
  0x0000000016e8b000 JavaThread "Build operations Thread 4" [_thread_in_native, id=4708, stack(0x000000001fee0000,0x000000001ffe0000)]
  0x0000000016e86000 JavaThread "Build operations Thread 3" [_thread_blocked, id=2348, stack(0x000000001fde0000,0x000000001fee0000)]
  0x0000000016e8a800 JavaThread "Build operations Thread 2" [_thread_in_native, id=2704, stack(0x000000001fce0000,0x000000001fde0000)]
  0x0000000016e89800 JavaThread "Build operations" [_thread_in_native, id=4316, stack(0x000000001fbe0000,0x000000001fce0000)]
  0x0000000016e8c800 JavaThread "Cache worker for Build Output Cleanup Cache (D:\DEVELOP\APP\pethos\android\.gradle\buildOutputCleanup)" [_thread_blocked, id=8072, stack(0x000000001efc0000,0x000000001f0c0000)]
  0x0000000016e88000 JavaThread "Cache worker for file content cache (C:\Users\inspiration\.gradle\caches\6.7\fileContent)" [_thread_blocked, id=3260, stack(0x000000001e8c0000,0x000000001e9c0000)]
  0x0000000017c8e000 JavaThread "jar transforms" [_thread_blocked, id=392, stack(0x000000001e3c0000,0x000000001e4c0000)]
  0x0000000017c8c800 JavaThread "Cache worker for execution history cache (C:\Users\inspiration\.gradle\caches\6.7\executionHistory)" [_thread_blocked, id=584, stack(0x000000001dcc0000,0x000000001ddc0000)]
  0x0000000017c8b000 JavaThread "Cache worker for cache directory md-rule (C:\Users\inspiration\.gradle\caches\6.7\md-rule)" [_thread_blocked, id=7548, stack(0x000000001cb30000,0x000000001cc30000)]
  0x0000000017c8a000 JavaThread "Cache worker for cache directory md-supplier (C:\Users\inspiration\.gradle\caches\6.7\md-supplier)" [_thread_blocked, id=1760, stack(0x000000001c490000,0x000000001c590000)]
  0x0000000017c89800 JavaThread "Cache worker for checksums cache (D:\DEVELOP\APP\pethos\android\.gradle\checksums)" [_thread_blocked, id=7068, stack(0x000000001c390000,0x000000001c490000)]
  0x0000000017c88800 JavaThread "Cache worker for file hash cache (D:\DEVELOP\APP\pethos\android\.gradle\6.7\fileHashes)" [_thread_blocked, id=6508, stack(0x000000001c630000,0x000000001c730000)]
  0x0000000017c8d000 JavaThread "Cache worker for journal cache (C:\Users\inspiration\.gradle\caches\journal-1)" [_thread_blocked, id=7436, stack(0x000000001a0f0000,0x000000001a1f0000)]
  0x0000000017c87000 JavaThread "File lock request listener" [_thread_in_native, id=5572, stack(0x0000000019ff0000,0x000000001a0f0000)]
  0x0000000017c88000 JavaThread "Cache worker for file hash cache (C:\Users\inspiration\.gradle\caches\6.7\fileHashes)" [_thread_blocked, id=7188, stack(0x0000000019df0000,0x0000000019ef0000)]
  0x0000000017c4a000 JavaThread "Thread-9" [_thread_blocked, id=6532, stack(0x0000000019af0000,0x0000000019bf0000)]
  0x0000000017c5c800 JavaThread "Stdin handler" [_thread_blocked, id=7216, stack(0x00000000199f0000,0x0000000019af0000)]
  0x0000000017c1f800 JavaThread "Asynchronous log dispatcher for DefaultDaemonConnection: socket connection from /127.0.0.1:51398 to /127.0.0.1:51399" [_thread_blocked, id=7556, stack(0x00000000198f0000,0x00000000199f0000)]
  0x00000000177fe000 JavaThread "Daemon worker" [_thread_in_native, id=7276, stack(0x00000000197f0000,0x00000000198f0000)]
  0x00000000177fd800 JavaThread "Cancel handler" [_thread_blocked, id=7420, stack(0x00000000196f0000,0x00000000197f0000)]
  0x00000000177fc800 JavaThread "Handler for socket connection from /127.0.0.1:51398 to /127.0.0.1:51399" [_thread_in_native, id=6616, stack(0x00000000195f0000,0x00000000196f0000)]
  0x0000000017bfb800 JavaThread "Daemon" [_thread_blocked, id=2740, stack(0x00000000192f0000,0x00000000193f0000)]
  0x0000000017b95000 JavaThread "Daemon periodic checks" [_thread_blocked, id=8012, stack(0x00000000191f0000,0x00000000192f0000)]
  0x0000000017b92800 JavaThread "Incoming local TCP Connector on port 51398" [_thread_in_native, id=6620, stack(0x0000000019010000,0x0000000019110000)]
  0x0000000017ad0000 JavaThread "Daemon health stats" [_thread_blocked, id=4588, stack(0x00000000187d0000,0x00000000188d0000)]
  0x000000001412e800 JavaThread "Service Thread" daemon [_thread_blocked, id=3192, stack(0x0000000015e30000,0x0000000015f30000)]
  0x0000000014127000 JavaThread "C1 CompilerThread2" daemon [_thread_blocked, id=1000, stack(0x0000000015930000,0x0000000015a30000)]
  0x00000000140dc800 JavaThread "C2 CompilerThread1" daemon [_thread_in_native, id=4472, stack(0x0000000015830000,0x0000000015930000)]
=>0x00000000140d9800 JavaThread "C2 CompilerThread0" daemon [_thread_in_native, id=6720, stack(0x0000000015730000,0x0000000015830000)]
  0x00000000140d7800 JavaThread "Attach Listener" daemon [_thread_blocked, id=5592, stack(0x0000000015630000,0x0000000015730000)]
  0x0000000014125000 JavaThread "Signal Dispatcher" daemon [_thread_blocked, id=5372, stack(0x0000000015530000,0x0000000015630000)]
  0x0000000002cac000 JavaThread "Finalizer" daemon [_thread_blocked, id=7120, stack(0x0000000015320000,0x0000000015420000)]
  0x00000000140ba000 JavaThread "Reference Handler" daemon [_thread_blocked, id=2264, stack(0x0000000015220000,0x0000000015320000)]
  0x0000000002bae800 JavaThread "main" [_thread_blocked, id=7172, stack(0x0000000002a80000,0x0000000002b80000)]

Other Threads:
  0x0000000014098000 VMThread [stack: 0x0000000015120000,0x0000000015220000] [id=4000]
  0x0000000015ae3000 WatcherThread [stack: 0x0000000015f30000,0x0000000016030000] [id=2356]

VM state:not at safepoint (normal execution)

VM Mutex/Monitor currently owned by a thread: None

heap address: 0x00000000e0000000, size: 512 MB, Compressed Oops mode: 32-bit
Narrow klass base: 0x0000000000000000, Narrow klass shift: 3
Compressed class space size: 1073741824 Address: 0x0000000100000000

Heap:
 PSYoungGen      total 156672K, used 17296K [0x00000000f5580000, 0x0000000100000000, 0x0000000100000000)
  eden space 140800K, 2% used [0x00000000f5580000,0x00000000f5962720,0x00000000fdf00000)
  from space 15872K, 83% used [0x00000000ff080000,0x00000000ffd81940,0x0000000100000000)
  to   space 16896K, 0% used [0x00000000fdf00000,0x00000000fdf00000,0x00000000fef80000)
 ParOldGen       total 175104K, used 20915K [0x00000000e0000000, 0x00000000eab00000, 0x00000000f5580000)
  object space 175104K, 11% used [0x00000000e0000000,0x00000000e146cc58,0x00000000eab00000)
 Metaspace       used 48293K, capacity 49792K, committed 49920K, reserved 1093632K
  class space    used 6277K, capacity 6625K, committed 6656K, reserved 1048576K

Card table byte_map: [0x0000000012070000,0x0000000012180000] byte_map_base: 0x0000000011970000

Marking Bits: (ParMarkBitMap*) 0x0000000064f85ce0
 Begin Bits: [0x0000000012630000, 0x0000000012e30000)
 End Bits:   [0x0000000012e30000, 0x0000000013630000)

Polling page: 0x00000000012b0000

CodeCache: size=245760Kb used=21766Kb max_used=21972Kb free=223993Kb
 bounds [0x0000000002cb0000, 0x0000000004250000, 0x0000000011cb0000]
 total_blobs=6848 nmethods=6049 adapters=710
 compilation: enabled

Compilation events (10 events):
Event: 66.027 Thread 0x0000000014127000 6838       3       org.gradle.internal.resource.local.DefaultPathKeyFileStore::doAdd (25 bytes)
Event: 66.028 Thread 0x0000000014127000 nmethod 6838 0x000000000423dc10 code [0x000000000423de20, 0x000000000423eae8]
Event: 66.072 Thread 0x0000000014127000 6841       3       java.io.FileInputStream::finalize (22 bytes)
Event: 66.072 Thread 0x0000000014127000 nmethod 6841 0x00000000030bd590 code [0x00000000030bd700, 0x00000000030bd988]
Event: 66.073 Thread 0x0000000014127000 6842       3       java.io.FileOutputStream::finalize (39 bytes)
Event: 66.073 Thread 0x0000000014127000 nmethod 6842 0x0000000004239890 code [0x0000000004239a00, 0x0000000004239dc8]
Event: 66.076 Thread 0x0000000014127000 6843       3       com.sun.org.apache.xerces.internal.impl.XMLDocumentScannerImpl::scanDoctypeDecl (330 bytes)
Event: 66.078 Thread 0x0000000014127000 nmethod 6843 0x000000000423f210 code [0x000000000423f500, 0x0000000004240b58]
Event: 66.079 Thread 0x0000000014127000 6846       3       org.gradle.cache.internal.CrossProcessSynchronizingCache$1::create (17 bytes)
Event: 66.079 Thread 0x0000000014127000 nmethod 6846 0x0000000002e8a250 code [0x0000000002e8a3c0, 0x0000000002e8a608]

GC Heap History (10 events):
Event: 17.698 GC heap before
{Heap before GC invocations=6 (full 1):
 PSYoungGen      total 141824K, used 131072K [0x00000000f5580000, 0x00000000fea80000, 0x0000000100000000)
  eden space 131072K, 100% used [0x00000000f5580000,0x00000000fd580000,0x00000000fd580000)
  from space 10752K, 0% used [0x00000000fe000000,0x00000000fe000000,0x00000000fea80000)
  to   space 10752K, 0% used [0x00000000fd580000,0x00000000fd580000,0x00000000fe000000)
 ParOldGen       total 175104K, used 7987K [0x00000000e0000000, 0x00000000eab00000, 0x00000000f5580000)
  object space 175104K, 4% used [0x00000000e0000000,0x00000000e07ccee0,0x00000000eab00000)
 Metaspace       used 34449K, capacity 35386K, committed 35416K, reserved 1079296K
  class space    used 4637K, capacity 4860K, committed 4864K, reserved 1048576K
Event: 17.725 GC heap after
Heap after GC invocations=6 (full 1):
 PSYoungGen      total 141824K, used 10743K [0x00000000f5580000, 0x0000000100000000, 0x0000000100000000)
  eden space 131072K, 0% used [0x00000000f5580000,0x00000000f5580000,0x00000000fd580000)
  from space 10752K, 99% used [0x00000000fd580000,0x00000000fdffde98,0x00000000fe000000)
  to   space 15872K, 0% used [0x00000000ff080000,0x00000000ff080000,0x0000000100000000)
 ParOldGen       total 175104K, used 11705K [0x00000000e0000000, 0x00000000eab00000, 0x00000000f5580000)
  object space 175104K, 6% used [0x00000000e0000000,0x00000000e0b6e748,0x00000000eab00000)
 Metaspace       used 34449K, capacity 35386K, committed 35416K, reserved 1079296K
  class space    used 4637K, capacity 4860K, committed 4864K, reserved 1048576K
}
Event: 17.726 GC heap before
{Heap before GC invocations=7 (full 1):
 PSYoungGen      total 141824K, used 11399K [0x00000000f5580000, 0x0000000100000000, 0x0000000100000000)
  eden space 131072K, 0% used [0x00000000f5580000,0x00000000f5623dc8,0x00000000fd580000)
  from space 10752K, 99% used [0x00000000fd580000,0x00000000fdffde98,0x00000000fe000000)
  to   space 15872K, 0% used [0x00000000ff080000,0x00000000ff080000,0x0000000100000000)
 ParOldGen       total 175104K, used 11705K [0x00000000e0000000, 0x00000000eab00000, 0x00000000f5580000)
  object space 175104K, 6% used [0x00000000e0000000,0x00000000e0b6e748,0x00000000eab00000)
 Metaspace       used 34449K, capacity 35386K, committed 35416K, reserved 1079296K
  class space    used 4637K, capacity 4860K, committed 4864K, reserved 1048576K
Event: 17.741 GC heap after
Heap after GC invocations=7 (full 1):
 PSYoungGen      total 159232K, used 10775K [0x00000000f5580000, 0x0000000100000000, 0x0000000100000000)
  eden space 143360K, 0% used [0x00000000f5580000,0x00000000f5580000,0x00000000fe180000)
  from space 15872K, 67% used [0x00000000ff080000,0x00000000ffb05cc0,0x0000000100000000)
  to   space 15360K, 0% used [0x00000000fe180000,0x00000000fe180000,0x00000000ff080000)
 ParOldGen       total 175104K, used 11705K [0x00000000e0000000, 0x00000000eab00000, 0x00000000f5580000)
  object space 175104K, 6% used [0x00000000e0000000,0x00000000e0b6e748,0x00000000eab00000)
 Metaspace       used 34449K, capacity 35386K, committed 35416K, reserved 1079296K
  class space    used 4637K, capacity 4860K, committed 4864K, reserved 1048576K
}
Event: 17.741 GC heap before
{Heap before GC invocations=8 (full 2):
 PSYoungGen      total 159232K, used 10775K [0x00000000f5580000, 0x0000000100000000, 0x0000000100000000)
  eden space 143360K, 0% used [0x00000000f5580000,0x00000000f5580000,0x00000000fe180000)
  from space 15872K, 67% used [0x00000000ff080000,0x00000000ffb05cc0,0x0000000100000000)
  to   space 15360K, 0% used [0x00000000fe180000,0x00000000fe180000,0x00000000ff080000)
 ParOldGen       total 175104K, used 11705K [0x00000000e0000000, 0x00000000eab00000, 0x00000000f5580000)
  object space 175104K, 6% used [0x00000000e0000000,0x00000000e0b6e748,0x00000000eab00000)
 Metaspace       used 34449K, capacity 35386K, committed 35416K, reserved 1079296K
  class space    used 4637K, capacity 4860K, committed 4864K, reserved 1048576K
Event: 17.838 GC heap after
Heap after GC invocations=8 (full 2):
 PSYoungGen      total 159232K, used 0K [0x00000000f5580000, 0x0000000100000000, 0x0000000100000000)
  eden space 143360K, 0% used [0x00000000f5580000,0x00000000f5580000,0x00000000fe180000)
  from space 15872K, 0% used [0x00000000ff080000,0x00000000ff080000,0x0000000100000000)
  to   space 15360K, 0% used [0x00000000fe180000,0x00000000fe180000,0x00000000ff080000)
 ParOldGen       total 175104K, used 20827K [0x00000000e0000000, 0x00000000eab00000, 0x00000000f5580000)
  object space 175104K, 11% used [0x00000000e0000000,0x00000000e1456c48,0x00000000eab00000)
 Metaspace       used 34344K, capacity 35196K, committed 35416K, reserved 1079296K
  class space    used 4616K, capacity 4818K, committed 4864K, reserved 1048576K
}
Event: 22.015 GC heap before
{Heap before GC invocations=9 (full 2):
 PSYoungGen      total 159232K, used 143360K [0x00000000f5580000, 0x0000000100000000, 0x0000000100000000)
  eden space 143360K, 100% used [0x00000000f5580000,0x00000000fe180000,0x00000000fe180000)
  from space 15872K, 0% used [0x00000000ff080000,0x00000000ff080000,0x0000000100000000)
  to   space 15360K, 0% used [0x00000000fe180000,0x00000000fe180000,0x00000000ff080000)
 ParOldGen       total 175104K, used 20827K [0x00000000e0000000, 0x00000000eab00000, 0x00000000f5580000)
  object space 175104K, 11% used [0x00000000e0000000,0x00000000e1456c48,0x00000000eab00000)
 Metaspace       used 42597K, capacity 44078K, committed 44288K, reserved 1087488K
  class space    used 5762K, capacity 6142K, committed 6144K, reserved 1048576K
Event: 22.044 GC heap after
Heap after GC invocations=9 (full 2):
 PSYoungGen      total 158720K, used 12815K [0x00000000f5580000, 0x0000000100000000, 0x0000000100000000)
  eden space 143360K, 0% used [0x00000000f5580000,0x00000000f5580000,0x00000000fe180000)
  from space 15360K, 83% used [0x00000000fe180000,0x00000000fee03c40,0x00000000ff080000)
  to   space 15872K, 0% used [0x00000000ff080000,0x00000000ff080000,0x0000000100000000)
 ParOldGen       total 175104K, used 20835K [0x00000000e0000000, 0x00000000eab00000, 0x00000000f5580000)
  object space 175104K, 11% used [0x00000000e0000000,0x00000000e1458c48,0x00000000eab00000)
 Metaspace       used 42597K, capacity 44078K, committed 44288K, reserved 1087488K
  class space    used 5762K, capacity 6142K, committed 6144K, reserved 1048576K
}
Event: 66.046 GC heap before
{Heap before GC invocations=10 (full 2):
 PSYoungGen      total 158720K, used 156175K [0x00000000f5580000, 0x0000000100000000, 0x0000000100000000)
  eden space 143360K, 100% used [0x00000000f5580000,0x00000000fe180000,0x00000000fe180000)
  from space 15360K, 83% used [0x00000000fe180000,0x00000000fee03c40,0x00000000ff080000)
  to   space 15872K, 0% used [0x00000000ff080000,0x00000000ff080000,0x0000000100000000)
 ParOldGen       total 175104K, used 20835K [0x00000000e0000000, 0x00000000eab00000, 0x00000000f5580000)
  object space 175104K, 11% used [0x00000000e0000000,0x00000000e1458c48,0x00000000eab00000)
 Metaspace       used 48289K, capacity 49792K, committed 49920K, reserved 1093632K
  class space    used 6277K, capacity 6625K, committed 6656K, reserved 1048576K
Event: 66.068 GC heap after
Heap after GC invocations=10 (full 2):
 PSYoungGen      total 156672K, used 13318K [0x00000000f5580000, 0x0000000100000000, 0x0000000100000000)
  eden space 140800K, 0% used [0x00000000f5580000,0x00000000f5580000,0x00000000fdf00000)
  from space 15872K, 83% used [0x00000000ff080000,0x00000000ffd81940,0x0000000100000000)
  to   space 16896K, 0% used [0x00000000fdf00000,0x00000000fdf00000,0x00000000fef80000)
 ParOldGen       total 175104K, used 20915K [0x00000000e0000000, 0x00000000eab00000, 0x00000000f5580000)
  object space 175104K, 11% used [0x00000000e0000000,0x00000000e146cc58,0x00000000eab00000)
 Metaspace       used 48289K, capacity 49792K, committed 49920K, reserved 1093632K
  class space    used 6277K, capacity 6625K, committed 6656K, reserved 1048576K
}

Deoptimization events (10 events):
Event: 40.939 Thread 0x0000000016e8b000 Uncommon trap: reason=unstable_if action=reinterpret pc=0x0000000003f4ec6c method=com.sun.org.apache.xerces.internal.impl.XMLEntityScanner.peekChar()I @ 51
Event: 40.940 Thread 0x0000000016e8b000 Uncommon trap: reason=unstable_if action=reinterpret pc=0x0000000003ee240c method=com.sun.org.apache.xerces.internal.impl.XMLEntityScanner.scanContent(Lcom/sun/org/apache/xerces/internal/xni/XMLString;)I @ 127
Event: 40.940 Thread 0x0000000016e8b000 Uncommon trap: reason=unstable_if action=reinterpret pc=0x0000000003b381ac method=com.sun.org.apache.xerces.internal.impl.XMLEntityScanner.peekChar()I @ 51
Event: 40.942 Thread 0x0000000016e8b000 Uncommon trap: reason=unstable_if action=reinterpret pc=0x0000000003ae1728 method=java.io.BufferedInputStream.read1([BII)I @ 29
Event: 41.025 Thread 0x0000000016e8a800 Uncommon trap: reason=unstable_if action=reinterpret pc=0x0000000003dde1e4 method=com.sun.org.apache.xerces.internal.impl.XMLEntityScanner.scanData(Ljava/lang/String;Lcom/sun/org/apache/xerces/internal/util/XMLStringBuffer;)Z @ 346
Event: 41.025 Thread 0x0000000016e8a800 Uncommon trap: reason=unstable_if action=reinterpret pc=0x0000000003d8aa18 method=com.sun.org.apache.xerces.internal.impl.XMLEntityScanner.scanData(Ljava/lang/String;Lcom/sun/org/apache/xerces/internal/util/XMLStringBuffer;)Z @ 923
Event: 41.027 Thread 0x0000000016e8a800 Uncommon trap: reason=unstable_if action=reinterpret pc=0x0000000003cb4694 method=com.sun.org.apache.xerces.internal.dom.DeferredDocumentImpl.getPrevSibling(IZ)I @ 86
Event: 54.186 Thread 0x00000000177fe000 Uncommon trap: reason=class_check action=maybe_recompile pc=0x0000000003fa8ec4 method=org.gradle.api.internal.artifacts.ivyservice.ivyresolve.parser.PomDomParser.getTextContent(Lorg/w3c/dom/Element;)Ljava/lang/String; @ 38
Event: 55.359 Thread 0x0000000016e8a800 Uncommon trap: reason=unstable_if action=reinterpret pc=0x0000000003f650c4 method=com.sun.org.apache.xerces.internal.impl.XMLEntityScanner.scanName(Lcom/sun/org/apache/xerces/internal/impl/XMLScanner$NameType;)Ljava/lang/String; @ 69
Event: 65.761 Thread 0x00000000177fe000 Uncommon trap: reason=unstable_if action=reinterpret pc=0x0000000004033694 method=com.sun.org.apache.xerces.internal.impl.XMLDocumentFragmentScannerImpl$FragmentContentDriver.next()I @ 1140

Classes redefined (0 events):
No events

Internal exceptions (10 events):
Event: 60.399 Thread 0x0000000016e86000 Exception <a 'java/net/SocketTimeoutException': Read timed out> (0x00000000fb52cea8) thrown at [C:\re\workspace\8-2-build-windows-amd64-cygwin\jdk8u221\13320\hotspot\src\share\vm\prims\jni.cpp, line 736]
Event: 60.403 Thread 0x0000000016e8b000 Exception <a 'java/net/SocketTimeoutException': Read timed out> (0x00000000fc9c7e40) thrown at [C:\re\workspace\8-2-build-windows-amd64-cygwin\jdk8u221\13320\hotspot\src\share\vm\prims\jni.cpp, line 736]
Event: 60.403 Thread 0x00000000177fe000 Exception <a 'java/net/SocketTimeoutException': Read timed out> (0x00000000fced7df8) thrown at [C:\re\workspace\8-2-build-windows-amd64-cygwin\jdk8u221\13320\hotspot\src\share\vm\prims\jni.cpp, line 736]
Event: 60.589 Thread 0x00000000177fe000 Exception <a 'java/net/SocketTimeoutException': Read timed out> (0x00000000fcee8888) thrown at [C:\re\workspace\8-2-build-windows-amd64-cygwin\jdk8u221\13320\hotspot\src\share\vm\prims\jni.cpp, line 736]
Event: 60.720 Thread 0x0000000016e86000 Exception <a 'java/net/SocketTimeoutException': Read timed out> (0x00000000fb53d5e0) thrown at [C:\re\workspace\8-2-build-windows-amd64-cygwin\jdk8u221\13320\hotspot\src\share\vm\prims\jni.cpp, line 736]
Event: 60.720 Thread 0x0000000016e8a800 Exception <a 'java/net/SocketTimeoutException': Read timed out> (0x00000000fcc9b0f0) thrown at [C:\re\workspace\8-2-build-windows-amd64-cygwin\jdk8u221\13320\hotspot\src\share\vm\prims\jni.cpp, line 736]
Event: 65.066 Thread 0x0000000016e8b000 Exception <a 'java/net/SocketTimeoutException': Read timed out> (0x00000000fd5580e0) thrown at [C:\re\workspace\8-2-build-windows-amd64-cygwin\jdk8u221\13320\hotspot\src\share\vm\prims\jni.cpp, line 736]
Event: 65.066 Thread 0x0000000016e89800 Exception <a 'java/net/SocketTimeoutException': Read timed out> (0x00000000fdd49090) thrown at [C:\re\workspace\8-2-build-windows-amd64-cygwin\jdk8u221\13320\hotspot\src\share\vm\prims\jni.cpp, line 736]
Event: 65.253 Thread 0x0000000016e8a800 Exception <a 'java/net/SocketTimeoutException': Read timed out> (0x00000000fd117460) thrown at [C:\re\workspace\8-2-build-windows-amd64-cygwin\jdk8u221\13320\hotspot\src\share\vm\prims\jni.cpp, line 736]
Event: 65.379 Thread 0x0000000016e89800 Exception <a 'java/net/SocketTimeoutException': Read timed out> (0x00000000fdd58bd8) thrown at [C:\re\workspace\8-2-build-windows-amd64-cygwin\jdk8u221\13320\hotspot\src\share\vm\prims\jni.cpp, line 736]

Events (10 events):
Event: 66.068 Executing VM operation: ParallelGCFailedAllocation done
Event: 66.069 Executing VM operation: RevokeBias
Event: 66.070 Executing VM operation: RevokeBias done
Event: 66.070 Executing VM operation: RevokeBias
Event: 66.071 Executing VM operation: RevokeBias done
Event: 66.072 Thread 0x0000000014127000 flushing nmethod 0x00000000031d1f10
Event: 66.072 Thread 0x0000000014127000 flushing nmethod 0x000000000324a990
Event: 66.073 Thread 0x0000000014127000 flushing nmethod 0x0000000003306590
Event: 66.073 Thread 0x0000000014127000 flushing nmethod 0x000000000330f190
Event: 66.078 Thread 0x0000000014127000 flushing nmethod 0x00000000033d2e10


Dynamic libraries:
0x00007ff7e5880000 - 0x00007ff7e58b7000 	C:\Program Files\Java\jdk1.8.0_221\bin\java.exe
0x00007ff8cfb20000 - 0x00007ff8cfce1000 	C:\Windows\SYSTEM32\ntdll.dll
0x00007ff8ce8c0000 - 0x00007ff8ce96d000 	C:\Windows\system32\KERNEL32.DLL
0x00007ff8cd010000 - 0x00007ff8cd1ed000 	C:\Windows\system32\KERNELBASE.dll
0x00007ff8cf0b0000 - 0x00007ff8cf156000 	C:\Windows\system32\ADVAPI32.dll
0x00007ff8cf440000 - 0x00007ff8cf4dd000 	C:\Windows\system32\msvcrt.dll
0x00007ff8cf3e0000 - 0x00007ff8cf43b000 	C:\Windows\system32\sechost.dll
0x00007ff8cf720000 - 0x00007ff8cf846000 	C:\Windows\system32\RPCRT4.dll
0x00007ff8ce770000 - 0x00007ff8ce8be000 	C:\Windows\system32\USER32.dll
0x00007ff8cf590000 - 0x00007ff8cf716000 	C:\Windows\system32\GDI32.dll
0x00007ff8baa40000 - 0x00007ff8bacb4000 	C:\Windows\WinSxS\amd64_microsoft.windows.common-controls_6595b64144ccf1df_6.0.10240.16384_none_f41f7b285750ef43\COMCTL32.dll
0x00007ff8cd200000 - 0x00007ff8cd236000 	C:\Windows\system32\IMM32.DLL
0x00007ff8ceef0000 - 0x00007ff8cf04c000 	C:\Windows\system32\MSCTF.dll
0x0000000065010000 - 0x00000000650e2000 	C:\Program Files\Java\jdk1.8.0_221\jre\bin\msvcr100.dll
0x0000000064760000 - 0x0000000065005000 	C:\Program Files\Java\jdk1.8.0_221\jre\bin\server\jvm.dll
0x00007ff8cec30000 - 0x00007ff8cec38000 	C:\Windows\system32\PSAPI.DLL
0x00007ff8cab50000 - 0x00007ff8cab5a000 	C:\Windows\SYSTEM32\VERSION.dll
0x00007ff8ca1d0000 - 0x00007ff8ca1f3000 	C:\Windows\SYSTEM32\WINMM.dll
0x00007ff8bbc30000 - 0x00007ff8bbc39000 	C:\Windows\SYSTEM32\WSOCK32.dll
0x00007ff8cec40000 - 0x00007ff8ceca9000 	C:\Windows\system32\WS2_32.dll
0x00007ff8ceab0000 - 0x00007ff8ceab8000 	C:\Windows\system32\NSI.dll
0x0000000002a30000 - 0x0000000002a5c000 	C:\Windows\SYSTEM32\WINMMBASE.dll
0x00007ff8ccfc0000 - 0x00007ff8cd004000 	C:\Windows\system32\cfgmgr32.dll
0x00007ff8cc240000 - 0x00007ff8cc267000 	C:\Windows\SYSTEM32\DEVOBJ.dll
0x00007ff8c6b80000 - 0x00007ff8c6b8f000 	C:\Program Files\Java\jdk1.8.0_221\jre\bin\verify.dll
0x00007ff8b4240000 - 0x00007ff8b4269000 	C:\Program Files\Java\jdk1.8.0_221\jre\bin\java.dll
0x00007ff8b4170000 - 0x00007ff8b4186000 	C:\Program Files\Java\jdk1.8.0_221\jre\bin\zip.dll
0x00007ff8cd240000 - 0x00007ff8ce762000 	C:\Windows\system32\SHELL32.dll
0x00007ff8cc6a0000 - 0x00007ff8cccc9000 	C:\Windows\system32\windows.storage.dll
0x00007ff8cf160000 - 0x00007ff8cf3dc000 	C:\Windows\system32\combase.dll
0x00007ff8cf050000 - 0x00007ff8cf0a1000 	C:\Windows\system32\shlwapi.dll
0x00007ff8cc5c0000 - 0x00007ff8cc5cf000 	C:\Windows\system32\kernel.appcore.dll
0x00007ff8ccea0000 - 0x00007ff8ccf53000 	C:\Windows\system32\shcore.dll
0x00007ff8cc570000 - 0x00007ff8cc5ba000 	C:\Windows\system32\powrprof.dll
0x00007ff8cc550000 - 0x00007ff8cc563000 	C:\Windows\system32\profapi.dll
0x00007ff8b20a0000 - 0x00007ff8b20ba000 	C:\Program Files\Java\jdk1.8.0_221\jre\bin\net.dll
0x00007ff8c4be0000 - 0x00007ff8c4d76000 	C:\Windows\SYSTEM32\urlmon.dll
0x00007ff8c4790000 - 0x00007ff8c4b06000 	C:\Windows\SYSTEM32\iertutil.dll
0x00007ff8cbc20000 - 0x00007ff8cbc2b000 	C:\Windows\SYSTEM32\CRYPTBASE.dll
0x00007ff8cc370000 - 0x00007ff8cc3db000 	C:\Windows\SYSTEM32\bcryptPrimitives.dll
0x00007ff8cba50000 - 0x00007ff8cbaad000 	C:\Windows\system32\mswsock.dll
0x00007ff8b2080000 - 0x00007ff8b2092000 	C:\Program Files\Java\jdk1.8.0_221\jre\bin\nio.dll
0x00007ff8c6bd0000 - 0x00007ff8c6bf6000 	C:\Users\inspiration\.gradle\native\fdc75f09e3144964f2cf3f50f0aa648679c211496f362492102eb8c894070792\windows-amd64\native-platform.dll
0x00007ff890d90000 - 0x00007ff890f21000 	C:\Users\inspiration\.gradle\native\12488b8bf47d2d4c9fbf2f6322a914ad602e24e48041cd04a747c6da556b65c4\windows-amd64\native-platform-file-events.dll
0x00007ff8c9d10000 - 0x00007ff8c9d1d000 	C:\Program Files\Java\jdk1.8.0_221\jre\bin\management.dll
0x00007ff8cbab0000 - 0x00007ff8cbac7000 	C:\Windows\SYSTEM32\CRYPTSP.dll
0x00007ff8cc480000 - 0x00007ff8cc4a8000 	C:\Windows\SYSTEM32\bcrypt.dll
0x00007ff8cb700000 - 0x00007ff8cb733000 	C:\Windows\system32\rsaenh.dll
0x00007ff8cb830000 - 0x00007ff8cb84f000 	C:\Windows\SYSTEM32\USERENV.dll
0x00007ff8cae10000 - 0x00007ff8cae48000 	C:\Windows\SYSTEM32\IPHLPAPI.DLL
0x00007ff8cb050000 - 0x00007ff8cb05b000 	C:\Windows\SYSTEM32\WINNSI.DLL
0x00007ff8c8370000 - 0x00007ff8c8386000 	C:\Windows\SYSTEM32\dhcpcsvc6.DLL
0x00007ff8cabc0000 - 0x00007ff8cabda000 	C:\Windows\SYSTEM32\dhcpcsvc.DLL
0x00007ff8b0370000 - 0x00007ff8b0394000 	C:\Program Files\Java\jdk1.8.0_221\jre\bin\sunec.dll
0x00007ff8cb850000 - 0x00007ff8cb8f8000 	C:\Windows\SYSTEM32\DNSAPI.dll
0x00007ff8c6150000 - 0x00007ff8c615a000 	C:\Windows\System32\rasadhlp.dll
0x00007ff8c8000000 - 0x00007ff8c8068000 	C:\Windows\System32\fwpuclnt.dll
0x00007ff8b4230000 - 0x00007ff8b423b000 	C:\Program Files\Java\jdk1.8.0_221\jre\bin\sunmscapi.dll
0x00007ff8cccd0000 - 0x00007ff8cce91000 	C:\Windows\system32\CRYPT32.dll
0x00007ff8cc5d0000 - 0x00007ff8cc5e1000 	C:\Windows\system32\MSASN1.dll
0x00007ff8cbee0000 - 0x00007ff8cc06a000 	C:\Windows\SYSTEM32\dbghelp.dll

VM Arguments:
jvm_args: -XX:MaxMetaspaceSize=256m -XX:+HeapDumpOnOutOfMemoryError -Xms256m -Xmx512m -Dfile.encoding=windows-1256 -Duser.country=US -Duser.language=en -Duser.variant 
java_command: org.gradle.launcher.daemon.bootstrap.GradleDaemon 6.7
java_class_path (initial): C:\Users\inspiration\.gradle\wrapper\dists\gradle-6.7-all\cuy9mc7upwgwgeb72wkcrupxe\gradle-6.7\lib\gradle-launcher-6.7.jar
Launcher Type: SUN_STANDARD

Environment Variables:
JAVA_HOME=C:\Program Files\Java\jdk1.8.0_221
CLASSPATH=D:\DEVELOP\APP\pethos\android\\gradle\wrapper\gradle-wrapper.jar
PATH=D:\DEVELOP\APP\pethos\android\node_modules\.bin;D:\DEVELOP\APP\pethos\node_modules\.bin;D:\DEVELOP\APP\node_modules\.bin;D:\DEVELOP\node_modules\.bin;D:\node_modules\.bin;C:\Program Files\nodejs;D:\DEVELOP\APP\pethos\node_modules\.bin;C:\Program Files (x86)\Common Files\Oracle\Java\javapath;C:\Windows\system32;C:\Windows;C:\Windows\System32\Wbem;C:\Windows\System32\WindowsPowerShell\v1.0\;C:\Program Files\Git\cmd;C:\Program Files\nodejs\;C:\Program Files\Java\jdk1.8.0_221\bin;C:\Program Files\MongoDB\Server\4.2\bin;C:\Program Files\TortoiseGit\bin;C:\Users\inspiration\AppData\Roaming\npm;C:\Users\inspiration\AppData\Local\Programs\Microsoft VS Code\bin
USERNAME=inspiration
OS=Windows_NT
PROCESSOR_IDENTIFIER=Intel64 Family 6 Model 61 Stepping 4, GenuineIntel



---------------  S Y S T E M  ---------------

OS: Windows 10.0 , 64 bit Build 10240 (10.0.10240.16384)

CPU:total 4 (initial active 4) (2 cores per cpu, 2 threads per core) family 6 model 61 stepping 4, cmov, cx8, fxsr, mmx, sse, sse2, sse3, ssse3, sse4.1, sse4.2, popcnt, avx, avx2, aes, clmul, erms, 3dnowpref, lzcnt, ht, tsc, tscinvbit, bmi1, bmi2, adx

Memory: 4k page, physical 12500528k(6107772k free), swap 14990896k(7832608k free)

vm_info: Java HotSpot(TM) 64-Bit Server VM (25.221-b11) for windows-amd64 JRE (1.8.0_221-b11), built on Jul  4 2019 04:39:29 by "java_re" with MS VC++ 10.0 (VS2010)

time: Tue Jul 20 04:19:43 2021
timezone: Iran Daylight Time
elapsed time: 66 seconds (0d 0h 1m 6s)

