#
# A fatal error has been detected by the Java Runtime Environment:
#
#  EXCEPTION_ACCESS_VIOLATION (0xc0000005) at pc=0x00007ff9f0e72ae3, pid=3064, tid=5676
#
# JRE version: Java(TM) SE Runtime Environment (15.0+36) (build 15+36-1562)
# Java VM: Java HotSpot(TM) 64-Bit Server VM (15+36-1562, mixed mode, sharing, tiered, compressed oops, g1 gc, windows-amd64)
# Problematic frame:
# V  [jvm.dll+0x332ae3]
#
# No core dump will be written. Minidumps are not enabled by default on client versions of Windows
#
# If you would like to submit a bug report, please visit:
#   https://bugreport.java.com/bugreport/crash.jsp
#

---------------  S U M M A R Y ------------

Command Line: --add-opens=java.base/java.util=ALL-UNNAMED --add-opens=java.base/java.lang=ALL-UNNAMED --add-opens=java.base/java.lang.invoke=ALL-UNNAMED --add-opens=java.prefs/java.util.prefs=ALL-UNNAMED -XX:MaxMetaspaceSize=256m -XX:+HeapDumpOnOutOfMemoryError -Xms256m -Xmx512m -Dfile.encoding=windows-1256 -Duser.country=US -Duser.language=en -Duser.variant org.gradle.launcher.daemon.bootstrap.GradleDaemon 6.7

Host: Intel(R) Core(TM) i3-5005U CPU @ 2.00GHz, 4 cores, 11G,  Windows 10 , 64 bit Build 10240 (10.0.10240.16384)
Time: Fri Jul 23 03:10:00 2021 Iran Daylight Time elapsed time: 47061.885443 seconds (0d 13h 4m 21s)

---------------  T H R E A D  ---------------

Current thread (0x000000b9dd1459a0):  JavaThread "C2 CompilerThread1" daemon [_thread_in_native, id=5676, stack(0x000000b9e2a20000,0x000000b9e2b20000)]


Current CompileTask:
C2:47061885 34200 %     4       org.objectweb.asm.ClassReader::readCode @ 2015 (5089 bytes)

Stack: [0x000000b9e2a20000,0x000000b9e2b20000],  sp=0x000000b9e2b1bd80,  free space=1007k
Native frames: (J=compiled Java code, j=interpreted, Vv=VM code, C=native code)
V  [jvm.dll+0x332ae3]
V  [jvm.dll+0x190e2d]
V  [jvm.dll+0x18d829]
V  [jvm.dll+0x1e9ef2]
V  [jvm.dll+0x1e903e]
V  [jvm.dll+0x177f17]
V  [jvm.dll+0x1f88f5]
V  [jvm.dll+0x1f699c]
V  [jvm.dll+0x74384d]
V  [jvm.dll+0x73c64a]
V  [jvm.dll+0x628d16]
C  [ucrtbase.dll+0x682dd]
C  [KERNEL32.DLL+0x12d92]
C  [ntdll.dll+0x9f64]


siginfo: EXCEPTION_ACCESS_VIOLATION (0xc0000005), reading address 0x00007ff9715c1a20


Register to memory mapping:

RIP=0x00007ff9f0e72ae3 jvm.dll
RAX=0x000000b9ea54a620 points into unknown readable memory: 0x000000b9ea54a600 | 00 a6 54 ea b9 00 00 00
RBX=0x000000b9e2b1be40 is pointing into the stack for thread: 0x000000b9dd1459a0
RCX=0x000000b9ea54a5e0 points into unknown readable memory: 0x0000000000000000 | 00 00 00 00 00 00 00 00
RDX=0x0000000000000040 is an unknown value
RSP=0x000000b9e2b1bd80 is pointing into the stack for thread: 0x000000b9dd1459a0
RBP=0x000000b9e2b1e890 is pointing into the stack for thread: 0x000000b9dd1459a0
RSI=0x0000000000000050 is an unknown value
RDI=0x000000000000000a is an unknown value
R8 =0x000000000000000d is an unknown value
R9 =0x0000000000000003 is an unknown value
R10=0x000000000000000a is an unknown value
R11=0x000000b9ea54a5c0 points into unknown readable memory: 0x8421080207f7c00a | 0a c0 f7 07 02 08 21 84
R12=0x000000b9eda25200 points into unknown readable memory: 0x000000b9eda259e0 | e0 59 a2 ed b9 00 00 00
R13=0x00007ff9f15c1a20 jvm.dll
R14=0x00007ff9715c1a20 is an unknown value
R15=0x000000b9efc556e0 points into unknown readable memory: 0x000000010000001c | 1c 00 00 00 01 00 00 00


Registers:
RAX=0x000000b9ea54a620, RBX=0x000000b9e2b1be40, RCX=0x000000b9ea54a5e0, RDX=0x0000000000000040
RSP=0x000000b9e2b1bd80, RBP=0x000000b9e2b1e890, RSI=0x0000000000000050, RDI=0x000000000000000a
R8 =0x000000000000000d, R9 =0x0000000000000003, R10=0x000000000000000a, R11=0x000000b9ea54a5c0
R12=0x000000b9eda25200, R13=0x00007ff9f15c1a20, R14=0x00007ff9715c1a20, R15=0x000000b9efc556e0
RIP=0x00007ff9f0e72ae3, EFLAGS=0x0000000000010202

Top of Stack: (sp=0x000000b9e2b1bd80)
0x000000b9e2b1bd80:   000000b9ea567550 000000b9ea54bdb0
0x000000b9e2b1bd90:   0000000000000001 00007ff9f10943af
0x000000b9e2b1bda0:   000000b9e2b1c390 0000000000000000
0x000000b9e2b1bdb0:   00007ff9f15c1a20 000000b9e2b1bed0
0x000000b9e2b1bdc0:   0000000000000001 00007ff9f0cd0e2d
0x000000b9e2b1bdd0:   0000000000000001 000000b9ece90e98
0x000000b9e2b1bde0:   000000000000003b 000000b9ed6cf580
0x000000b9e2b1bdf0:   000000b9ea5676a0 000000b9ea567690
0x000000b9e2b1be00:   000000b9ea674d10 0000000100000000
0x000000b9e2b1be10:   0000000100000001 00007ff900000001
0x000000b9e2b1be20:   000000b9ea54a5c0 000000b9e2b1be50
0x000000b9e2b1be30:   000000b9e2b1be40 000000b9ece90e98
0x000000b9e2b1be40:   000000010000001c 000000b9e2b1be50
0x000000b9e2b1be50:   000000b9ea54a5c0 00007ff9f15c1a20
0x000000b9e2b1be60:   00007ff9f15c1a20 00007ff9f15c1a20
0x000000b9e2b1be70:   00007ff9f15c1a20 00007ff9f15c1a20 

Instructions: (pc=0x00007ff9f0e72ae3)
0x00007ff9f0e729e3:   48 f7 d0 48 8b b9 28 08 00 00 48 8b 4f 18 48 3b
0x00007ff9f0e729f3:   c1 73 16 4c 8d 05 23 26 51 00 48 8b d6 48 8b cf
0x00007ff9f0e72a03:   e8 98 59 d6 ff 48 8b 4f 18 48 8d 04 31 48 3b 47
0x00007ff9f0e72a13:   20 76 13 45 33 c0 48 8b d6 48 8b cf e8 cc 55 d6
0x00007ff9f0e72a23:   ff 48 8b c8 eb 04 48 89 47 18 ba 40 00 00 00 33
0x00007ff9f0e72a33:   ff 48 89 4b 08 39 bb 90 00 00 00 0f 86 d9 00 00
0x00007ff9f0e72a43:   00 65 48 8b 04 25 58 00 00 00 4c 89 64 24 50 4c
0x00007ff9f0e72a53:   89 6c 24 58 4c 8d 2d c2 ef 74 00 4c 89 74 24 60
0x00007ff9f0e72a63:   4c 8d 24 e8 66 0f 1f 84 00 00 00 00 00 49 8b 47
0x00007ff9f0e72a73:   08 48 8d 34 fd 00 00 00 00 4c 8b 34 06 4d 3b f5
0x00007ff9f0e72a83:   75 0a 48 8b 43 08 4c 89 2c 06 eb 6c 49 8b 2c 24
0x00007ff9f0e72a93:   8b c2 80 3c 28 00 75 05 e8 fc 48 4a 00 b8 08 00
0x00007ff9f0e72aa3:   00 00 48 8b 0c 28 48 8b 81 d0 04 00 00 48 8b a8
0x00007ff9f0e72ab3:   80 00 00 00 48 8b 8d 30 08 00 00 48 85 c9 75 0c
0x00007ff9f0e72ac3:   e8 08 0c 00 00 48 8b 8d 30 08 00 00 48 8b 01 0f
0x00007ff9f0e72ad3:   57 c0 48 89 85 30 08 00 00 0f 11 01 0f 11 41 10
0x00007ff9f0e72ae3:   41 0f 10 06 0f 11 01 41 0f 10 4e 10 0f 11 49 10
0x00007ff9f0e72af3:   48 8b 43 08 48 89 0c 06 ff c7 ba 40 00 00 00 3b
0x00007ff9f0e72b03:   bb 90 00 00 00 0f 82 62 ff ff ff 4c 8b 74 24 60
0x00007ff9f0e72b13:   4c 8b 6c 24 58 4c 8b 64 24 50 48 8b c3 48 83 c4
0x00007ff9f0e72b23:   20 41 5f 5f 5e 5d 5b c3 cc cc cc cc cc 40 53 48
0x00007ff9f0e72b33:   83 ec 20 8b 51 08 48 8b d9 83 fa 08 73 2a 4c 8b
0x00007ff9f0e72b43:   59 18 66 66 66 0f 1f 84 00 00 00 00 00 44 8b c2
0x00007ff9f0e72b53:   44 8d 52 01 43 83 3c 83 00 0f 85 8c 00 00 00 41
0x00007ff9f0e72b63:   8b d2 41 83 fa 08 72 e5 48 89 74 24 30 48 89 7c
0x00007ff9f0e72b73:   24 38 8b 79 0c 3b 79 10 73 5f 48 8d 35 9c ee 74
0x00007ff9f0e72b83:   00 0f 1f 40 00 0f 1f 84 00 00 00 00 00 48 8b 43
0x00007ff9f0e72b93:   20 8b cf 4c 8b 04 c8 4c 3b c6 74 36 33 c0 4c 89
0x00007ff9f0e72ba3:   43 18 33 c9 66 0f 1f 84 00 00 00 00 00 42 83 3c
0x00007ff9f0e72bb3:   01 00 8d 50 01 75 6e 48 83 c1 04 8b c2 83 fa 08
0x00007ff9f0e72bc3:   72 eb 48 8b 4b 28 48 85 c9 74 07 8b d7 e8 5b 01
0x00007ff9f0e72bd3:   00 00 ff c7 3b 7b 10 72 b4 48 8b 74 24 30 33 c0 


Stack slot to memory mapping:
stack at sp + 0 slots: 0x000000b9ea567550 points into unknown readable memory: 0x000000b9e9a378f0 | f0 78 a3 e9 b9 00 00 00
stack at sp + 1 slots: 0x000000b9ea54bdb0 points into unknown readable memory: 0x0000000000000000 | 00 00 00 00 00 00 00 00
stack at sp + 2 slots: 0x0000000000000001 is an unknown value
stack at sp + 3 slots: 0x00007ff9f10943af jvm.dll
stack at sp + 4 slots: 0x000000b9e2b1c390 is pointing into the stack for thread: 0x000000b9dd1459a0
stack at sp + 5 slots: 0x0 is NULL
stack at sp + 6 slots: 0x00007ff9f15c1a20 jvm.dll
stack at sp + 7 slots: 0x000000b9e2b1bed0 is pointing into the stack for thread: 0x000000b9dd1459a0


---------------  P R O C E S S  ---------------

Threads class SMR info:
_java_thread_list=0x000000b9db7baff0, length=50, elements={
0x000000b9bcc7d1a0, 0x000000b9d7974db0, 0x000000b9d7976780, 0x000000b9d7992440,
0x000000b9d7992d00, 0x000000b9d79956d0, 0x000000b9d79973d0, 0x000000b9d799fde0,
0x000000b9d79b4a80, 0x000000b9d8ebb250, 0x000000b9d8ed8940, 0x000000b9db5dce40,
0x000000b9dbaa72e0, 0x000000b9dbd12010, 0x000000b9dbcf3a40, 0x000000b9dbcf3f10,
0x000000b9dbcf4d80, 0x000000b9dfc56fd0, 0x000000b9dfc587e0, 0x000000b9dd05b060,
0x000000b9df5ffc70, 0x000000b9df5fc780, 0x000000b9df5fdac0, 0x000000b9d9c77d80,
0x000000b9dd05eef0, 0x000000b9dfc574a0, 0x000000b9dfc5a4c0, 0x000000b9dfc53610,
0x000000b9dfc53ae0, 0x000000b9dfc552f0, 0x000000b9dfc55c90, 0x000000b9dfc56630,
0x000000b9dfc56b00, 0x000000b9df178b30, 0x000000b9df17b680, 0x000000b9df17ce90,
0x000000b9df17a340, 0x000000b9df177cc0, 0x000000b9df17dd00, 0x000000b9df17d360,
0x000000b9df178190, 0x000000b9e070bad0, 0x000000b9e0706dd0, 0x000000b9e0708ab0,
0x000000b9e070c470, 0x000000b9dd1459a0, 0x000000b9dca52c80, 0x000000b9dca53af0,
0x000000b9dca56b10, 0x000000b9dca527b0
}

Java Threads: ( => current thread )
  0x000000b9bcc7d1a0 JavaThread "main" [_thread_blocked, id=9724, stack(0x000000b9bc360000,0x000000b9bc460000)]
  0x000000b9d7974db0 JavaThread "Reference Handler" daemon [_thread_blocked, id=4940, stack(0x000000b9d8500000,0x000000b9d8600000)]
  0x000000b9d7976780 JavaThread "Finalizer" daemon [_thread_blocked, id=3396, stack(0x000000b9d8600000,0x000000b9d8700000)]
  0x000000b9d7992440 JavaThread "Signal Dispatcher" daemon [_thread_blocked, id=8516, stack(0x000000b9d87e0000,0x000000b9d88e0000)]
  0x000000b9d7992d00 JavaThread "Attach Listener" daemon [_thread_blocked, id=5544, stack(0x000000b9d88e0000,0x000000b9d89e0000)]
  0x000000b9d79956d0 JavaThread "Service Thread" daemon [_thread_blocked, id=2216, stack(0x000000b9d89e0000,0x000000b9d8ae0000)]
  0x000000b9d79973d0 JavaThread "C2 CompilerThread0" daemon [_thread_in_native, id=4324, stack(0x000000b9d8ae0000,0x000000b9d8be0000)]
  0x000000b9d799fde0 JavaThread "C1 CompilerThread0" daemon [_thread_blocked, id=2108, stack(0x000000b9d8be0000,0x000000b9d8ce0000)]
  0x000000b9d79b4a80 JavaThread "Sweeper thread" daemon [_thread_blocked, id=6972, stack(0x000000b9d8ce0000,0x000000b9d8de0000)]
  0x000000b9d8ebb250 JavaThread "Common-Cleaner" daemon [_thread_blocked, id=10280, stack(0x000000b9d91e0000,0x000000b9d92e0000)]
  0x000000b9d8ed8940 JavaThread "Notification Thread" daemon [_thread_blocked, id=9360, stack(0x000000b9d92e0000,0x000000b9d93e0000)]
  0x000000b9db5dce40 JavaThread "Daemon health stats" [_thread_blocked, id=8332, stack(0x000000b9dc180000,0x000000b9dc280000)]
  0x000000b9dbaa72e0 JavaThread "Incoming local TCP Connector on port 49558" [_thread_in_native, id=4544, stack(0x000000b9ddbb0000,0x000000b9ddcb0000)]
  0x000000b9dbd12010 JavaThread "Daemon periodic checks" [_thread_blocked, id=8340, stack(0x000000b9dc360000,0x000000b9dc460000)]
  0x000000b9dbcf3a40 JavaThread "Cache worker for file hash cache (C:\Users\inspiration\.gradle\caches\6.7\fileHashes)" [_thread_blocked, id=8084, stack(0x000000b9de4b0000,0x000000b9de5b0000)]
  0x000000b9dbcf3f10 JavaThread "File lock request listener" [_thread_in_native, id=8132, stack(0x000000b9de5b0000,0x000000b9de6b0000)]
  0x000000b9dbcf4d80 JavaThread "Cache worker for journal cache (C:\Users\inspiration\.gradle\caches\journal-1)" [_thread_blocked, id=10008, stack(0x000000b9de8b0000,0x000000b9de9b0000)]
  0x000000b9dfc56fd0 JavaThread "Cache worker for execution history cache (C:\Users\inspiration\.gradle\caches\6.7\executionHistory)" [_thread_blocked, id=11224, stack(0x000000b9e01a0000,0x000000b9e02a0000)]
  0x000000b9dfc587e0 JavaThread "Cache worker for file content cache (C:\Users\inspiration\.gradle\caches\6.7\fileContent)" [_thread_blocked, id=9288, stack(0x000000b9e02a0000,0x000000b9e03a0000)]
  0x000000b9dd05b060 JavaThread "Memory manager" [_thread_blocked, id=580, stack(0x000000b9e9020000,0x000000b9e9120000)]
  0x000000b9df5ffc70 JavaThread "Monitor" [_thread_in_native, id=5340, stack(0x000000b9eb820000,0x000000b9eb920000)]
  0x000000b9df5fc780 JavaThread "JdwpProxyConnection" [_thread_in_native, id=1140, stack(0x000000b9ebf30000,0x000000b9ec030000)]
  0x000000b9df5fdac0 JavaThread "Device List Monitor" [_thread_in_native, id=1232, stack(0x000000b9ec030000,0x000000b9ec130000)]
  0x000000b9d9c77d80 JavaThread "Cache worker for Java compile cache (C:\Users\inspiration\.gradle\caches\6.7\javaCompile)" [_thread_blocked, id=9472, stack(0x000000b9ee070000,0x000000b9ee170000)]
  0x000000b9dd05eef0 JavaThread "ForkJoinPool.commonPool-worker-7" daemon [_thread_blocked, id=8324, stack(0x000000b9ef020000,0x000000b9ef120000)]
  0x000000b9dfc574a0 JavaThread "Daemon Thread 37" [_thread_blocked, id=2152, stack(0x000000b9ba940000,0x000000b9baa40000)]
  0x000000b9dfc5a4c0 JavaThread "Handler for socket connection from /127.0.0.1:49558 to /127.0.0.1:65423" [_thread_in_native, id=2088, stack(0x000000b9baa40000,0x000000b9bab40000)]
  0x000000b9dfc53610 JavaThread "Cancel handler" [_thread_blocked, id=5856, stack(0x000000b9bab40000,0x000000b9bac40000)]
  0x000000b9dfc53ae0 JavaThread "Daemon worker Thread 37" [_thread_blocked, id=5156, stack(0x000000b9d94e0000,0x000000b9d95e0000)]
  0x000000b9dfc552f0 JavaThread "Asynchronous log dispatcher for DefaultDaemonConnection: socket connection from /127.0.0.1:49558 to /127.0.0.1:65423" [_thread_blocked, id=3456, stack(0x000000b9dc560000,0x000000b9dc660000)]
  0x000000b9dfc55c90 JavaThread "Stdin handler" [_thread_blocked, id=1560, stack(0x000000b9dd9b0000,0x000000b9ddab0000)]
  0x000000b9dfc56630 JavaThread "Thread-4292" [_thread_blocked, id=5004, stack(0x000000b9ddab0000,0x000000b9ddbb0000)]
  0x000000b9dfc56b00 JavaThread "Cache worker for file hash cache (D:\DEVELOP\APP\pethos\android\.gradle\6.7\fileHashes)" [_thread_blocked, id=10448, stack(0x000000b9ddcb0000,0x000000b9dddb0000)]
  0x000000b9df178b30 JavaThread "Cache worker for checksums cache (D:\DEVELOP\APP\pethos\android\.gradle\checksums)" [_thread_blocked, id=1132, stack(0x000000b9dddb0000,0x000000b9ddeb0000)]
  0x000000b9df17b680 JavaThread "Cache worker for cache directory md-supplier (C:\Users\inspiration\.gradle\caches\6.7\md-supplier)" [_thread_blocked, id=11228, stack(0x000000b9ddeb0000,0x000000b9ddfb0000)]
  0x000000b9df17ce90 JavaThread "Cache worker for cache directory md-rule (C:\Users\inspiration\.gradle\caches\6.7\md-rule)" [_thread_blocked, id=4580, stack(0x000000b9de1b0000,0x000000b9de2b0000)]
  0x000000b9df17a340 JavaThread "Cache worker for Build Output Cleanup Cache (D:\DEVELOP\APP\pethos\android\.gradle\buildOutputCleanup)" [_thread_blocked, id=2816, stack(0x000000b9dedb0000,0x000000b9deeb0000)]
  0x000000b9df177cc0 JavaThread "Build operations" [_thread_blocked, id=1352, stack(0x000000b9deeb0000,0x000000b9defb0000)]
  0x000000b9df17dd00 JavaThread "Build operations Thread 2" [_thread_blocked, id=6600, stack(0x000000b9e1bc0000,0x000000b9e1cc0000)]
  0x000000b9df17d360 JavaThread "Build operations Thread 3" [_thread_blocked, id=7288, stack(0x000000b9e22c0000,0x000000b9e23c0000)]
  0x000000b9df178190 JavaThread "Build operations Thread 4" [_thread_blocked, id=8028, stack(0x000000b9e23c0000,0x000000b9e24c0000)]
  0x000000b9e070bad0 JavaThread "pool-42-thread-1" [_thread_blocked, id=12048, stack(0x000000b9e8320000,0x000000b9e8420000)]
  0x000000b9e0706dd0 JavaThread "jar transforms Thread 3589" [_thread_blocked, id=11256, stack(0x000000b9e2720000,0x000000b9e2820000)]
  0x000000b9e0708ab0 JavaThread "jar transforms Thread 3590" [_thread_blocked, id=7628, stack(0x000000b9e2820000,0x000000b9e2920000)]
  0x000000b9e070c470 JavaThread "jar transforms Thread 3591" [_thread_blocked, id=13144, stack(0x000000b9e2920000,0x000000b9e2a20000)]
=>0x000000b9dd1459a0 JavaThread "C2 CompilerThread1" daemon [_thread_in_native, id=5676, stack(0x000000b9e2a20000,0x000000b9e2b20000)]
  0x000000b9dca52c80 JavaThread "jar transforms Thread 3592" [_thread_in_native, id=12112, stack(0x000000b9e2b20000,0x000000b9e2c20000)]
  0x000000b9dca53af0 JavaThread "jar transforms Thread 3593" [_thread_in_native, id=11188, stack(0x000000b9e2c20000,0x000000b9e2d20000)]
  0x000000b9dca56b10 JavaThread "jar transforms Thread 3594" [_thread_blocked, id=12424, stack(0x000000b9e2d20000,0x000000b9e2e20000)]
  0x000000b9dca527b0 JavaThread "jar transforms Thread 3595" [_thread_blocked, id=7560, stack(0x000000b9e2e20000,0x000000b9e2f20000)]

Other Threads:
  0x000000b9d7973980 VMThread "VM Thread" [stack: 0x000000b9d8400000,0x000000b9d8500000] [id=1460]
  0x000000b9d8edae20 WatcherThread [stack: 0x000000b9d93e0000,0x000000b9d94e0000] [id=8880]
  0x000000b9bcca5140 GCTaskThread "GC Thread#0" [stack: 0x000000b9d50c0000,0x000000b9d51c0000] [id=10784]
  0x000000b9d8eaba00 GCTaskThread "GC Thread#1" [stack: 0x000000b9d9de0000,0x000000b9d9ee0000] [id=8904]
  0x000000b9d8ea9d50 GCTaskThread "GC Thread#2" [stack: 0x000000b9d9ee0000,0x000000b9d9fe0000] [id=3484]
  0x000000b9d8eac060 GCTaskThread "GC Thread#3" [stack: 0x000000b9d9fe0000,0x000000b9da0e0000] [id=9256]
  0x000000b9bccaa320 ConcurrentGCThread "G1 Main Marker" [stack: 0x000000b9d51c0000,0x000000b9d52c0000] [id=3932]
  0x000000b9bccaba60 ConcurrentGCThread "G1 Conc#0" [stack: 0x000000b9d52c0000,0x000000b9d53c0000] [id=4432]
  0x000000b9d78200a0 ConcurrentGCThread "G1 Refine#0" [stack: 0x000000b9d7a00000,0x000000b9d7b00000] [id=7176]
  0x000000b9d9c4d850 ConcurrentGCThread "G1 Refine#1" [stack: 0x000000b9da0e0000,0x000000b9da1e0000] [id=9664]
  0x000000b9dcb14f60 ConcurrentGCThread "G1 Refine#2" [stack: 0x000000b9e8e90000,0x000000b9e8f90000] [id=4604]
  0x000000b9dcb12a40 ConcurrentGCThread "G1 Refine#3" [stack: 0x000000b9ea8f0000,0x000000b9ea9f0000] [id=6648]
  0x000000b9d7820c30 ConcurrentGCThread "G1 Young RemSet Sampling" [stack: 0x000000b9d7b00000,0x000000b9d7c00000] [id=2148]

Threads with active compile tasks:
C2 CompilerThread0  47061971 34356       4       org.objectweb.asm.MethodVisitor::visitMethodInsn (80 bytes)
C2 CompilerThread1  47061971 34200 %     4       org.objectweb.asm.ClassReader::readCode @ 2015 (5089 bytes)

VM state: not at safepoint (normal execution)

VM Mutex/Monitor currently owned by a thread: None

Heap address: 0x00000000e0000000, size: 512 MB, Compressed Oops mode: 32-bit
CDS archive(s) mapped at: [0x0000000800000000-0x0000000800b50000-0x0000000800b50000), size 11862016, SharedBaseAddress: 0x0000000800000000, ArchiveRelocationMode: 0.
Compressed class space mapped at: 0x0000000800b50000-0x0000000810350000, size: 260046848
Narrow klass base: 0x0000000800000000, Narrow klass shift: 3, Narrow klass range: 0x100000000

GC Precious Log:
 CPUs: 4 total, 4 available
 Memory: 12207M
 Large Page Support: Disabled
 NUMA Support: Disabled
 Compressed Oops: Enabled (32-bit)
 Heap Region Size: 1M
 Heap Min Capacity: 256M
 Heap Initial Capacity: 256M
 Heap Max Capacity: 512M
 Pre-touch: Disabled
 Parallel Workers: 4
 Concurrent Workers: 1
 Concurrent Refinement Workers: 4
 Periodic GC: Disabled

Heap:
 garbage-first heap   total 348160K, used 118396K [0x00000000e0000000, 0x0000000100000000)
  region size 1024K, 7 young (7168K), 3 survivors (3072K)
 Metaspace       used 123577K, capacity 126788K, committed 127440K, reserved 366592K
  class space    used 14875K, capacity 15818K, committed 16000K, reserved 253952K

Heap Regions: E=young(eden), S=young(survivor), O=old, HS=humongous(starts), HC=humongous(continues), CS=collection set, F=free, OA=open archive, CA=closed archive, TAMS=top-at-mark-start (previous, next)
|   0|0x00000000e0000000, 0x00000000e0100000, 0x00000000e0100000|100%| O|  |TAMS 0x00000000e0100000, 0x00000000e0100000| Untracked 
|   1|0x00000000e0100000, 0x00000000e0200000, 0x00000000e0200000|100%| O|  |TAMS 0x00000000e0200000, 0x00000000e0200000| Untracked 
|   2|0x00000000e0200000, 0x00000000e0300000, 0x00000000e0300000|100%| O|  |TAMS 0x00000000e0300000, 0x00000000e0300000| Untracked 
|   3|0x00000000e0300000, 0x00000000e0400000, 0x00000000e0400000|100%|HS|  |TAMS 0x00000000e0400000, 0x00000000e0400000| Complete 
|   4|0x00000000e0400000, 0x00000000e0500000, 0x00000000e0500000|100%|HC|  |TAMS 0x00000000e0500000, 0x00000000e0500000| Complete 
|   5|0x00000000e0500000, 0x00000000e0600000, 0x00000000e0600000|100%|HC|  |TAMS 0x00000000e0600000, 0x00000000e0600000| Complete 
|   6|0x00000000e0600000, 0x00000000e0700000, 0x00000000e0700000|100%| O|  |TAMS 0x00000000e0700000, 0x00000000e0700000| Untracked 
|   7|0x00000000e0700000, 0x00000000e0800000, 0x00000000e0800000|100%| O|  |TAMS 0x00000000e0800000, 0x00000000e0800000| Untracked 
|   8|0x00000000e0800000, 0x00000000e0900000, 0x00000000e0900000|100%| O|  |TAMS 0x00000000e0900000, 0x00000000e0900000| Untracked 
|   9|0x00000000e0900000, 0x00000000e0a00000, 0x00000000e0a00000|100%|HS|  |TAMS 0x00000000e0a00000, 0x00000000e0a00000| Complete 
|  10|0x00000000e0a00000, 0x00000000e0b00000, 0x00000000e0b00000|100%|HS|  |TAMS 0x00000000e0b00000, 0x00000000e0b00000| Complete 
|  11|0x00000000e0b00000, 0x00000000e0c00000, 0x00000000e0c00000|100%|HC|  |TAMS 0x00000000e0c00000, 0x00000000e0c00000| Complete 
|  12|0x00000000e0c00000, 0x00000000e0d00000, 0x00000000e0d00000|100%| O|  |TAMS 0x00000000e0d00000, 0x00000000e0d00000| Untracked 
|  13|0x00000000e0d00000, 0x00000000e0e00000, 0x00000000e0e00000|100%| O|  |TAMS 0x00000000e0e00000, 0x00000000e0e00000| Untracked 
|  14|0x00000000e0e00000, 0x00000000e0f00000, 0x00000000e0f00000|100%| O|  |TAMS 0x00000000e0f00000, 0x00000000e0f00000| Untracked 
|  15|0x00000000e0f00000, 0x00000000e1000000, 0x00000000e1000000|100%| O|  |TAMS 0x00000000e1000000, 0x00000000e1000000| Untracked 
|  16|0x00000000e1000000, 0x00000000e1100000, 0x00000000e1100000|100%| O|  |TAMS 0x00000000e1100000, 0x00000000e1100000| Untracked 
|  17|0x00000000e1100000, 0x00000000e1200000, 0x00000000e1200000|100%| O|  |TAMS 0x00000000e1200000, 0x00000000e1200000| Untracked 
|  18|0x00000000e1200000, 0x00000000e1300000, 0x00000000e1300000|100%| O|  |TAMS 0x00000000e1300000, 0x00000000e1300000| Untracked 
|  19|0x00000000e1300000, 0x00000000e1400000, 0x00000000e1400000|100%| O|  |TAMS 0x00000000e1400000, 0x00000000e1400000| Untracked 
|  20|0x00000000e1400000, 0x00000000e1500000, 0x00000000e1500000|100%| O|  |TAMS 0x00000000e1500000, 0x00000000e1500000| Untracked 
|  21|0x00000000e1500000, 0x00000000e1600000, 0x00000000e1600000|100%| O|  |TAMS 0x00000000e1600000, 0x00000000e1600000| Untracked 
|  22|0x00000000e1600000, 0x00000000e1700000, 0x00000000e1700000|100%| O|  |TAMS 0x00000000e1700000, 0x00000000e1700000| Untracked 
|  23|0x00000000e1700000, 0x00000000e1800000, 0x00000000e1800000|100%| O|  |TAMS 0x00000000e1800000, 0x00000000e1800000| Untracked 
|  24|0x00000000e1800000, 0x00000000e1900000, 0x00000000e1900000|100%| O|  |TAMS 0x00000000e1900000, 0x00000000e1900000| Untracked 
|  25|0x00000000e1900000, 0x00000000e1a00000, 0x00000000e1a00000|100%| O|  |TAMS 0x00000000e1a00000, 0x00000000e1a00000| Untracked 
|  26|0x00000000e1a00000, 0x00000000e1b00000, 0x00000000e1b00000|100%| O|  |TAMS 0x00000000e1b00000, 0x00000000e1b00000| Untracked 
|  27|0x00000000e1b00000, 0x00000000e1c00000, 0x00000000e1c00000|100%| O|  |TAMS 0x00000000e1c00000, 0x00000000e1c00000| Untracked 
|  28|0x00000000e1c00000, 0x00000000e1d00000, 0x00000000e1d00000|100%| O|  |TAMS 0x00000000e1d00000, 0x00000000e1d00000| Untracked 
|  29|0x00000000e1d00000, 0x00000000e1e00000, 0x00000000e1e00000|100%| O|  |TAMS 0x00000000e1e00000, 0x00000000e1e00000| Untracked 
|  30|0x00000000e1e00000, 0x00000000e1f00000, 0x00000000e1f00000|100%| O|  |TAMS 0x00000000e1f00000, 0x00000000e1f00000| Untracked 
|  31|0x00000000e1f00000, 0x00000000e2000000, 0x00000000e2000000|100%| O|  |TAMS 0x00000000e2000000, 0x00000000e2000000| Untracked 
|  32|0x00000000e2000000, 0x00000000e2000000, 0x00000000e2100000|  0%| F|  |TAMS 0x00000000e2000000, 0x00000000e2000000| Untracked 
|  33|0x00000000e2100000, 0x00000000e2100000, 0x00000000e2200000|  0%| F|  |TAMS 0x00000000e2100000, 0x00000000e2100000| Untracked 
|  34|0x00000000e2200000, 0x00000000e2300000, 0x00000000e2300000|100%| O|  |TAMS 0x00000000e2300000, 0x00000000e2300000| Untracked 
|  35|0x00000000e2300000, 0x00000000e2300000, 0x00000000e2400000|  0%| F|  |TAMS 0x00000000e2300000, 0x00000000e2300000| Untracked 
|  36|0x00000000e2400000, 0x00000000e2500000, 0x00000000e2500000|100%| O|  |TAMS 0x00000000e248e200, 0x00000000e2500000| Untracked 
|  37|0x00000000e2500000, 0x00000000e2600000, 0x00000000e2600000|100%| O|  |TAMS 0x00000000e2500000, 0x00000000e2600000| Untracked 
|  38|0x00000000e2600000, 0x00000000e2700000, 0x00000000e2700000|100%| O|  |TAMS 0x00000000e2600000, 0x00000000e2700000| Untracked 
|  39|0x00000000e2700000, 0x00000000e2800000, 0x00000000e2800000|100%| O|  |TAMS 0x00000000e2700000, 0x00000000e2800000| Untracked 
|  40|0x00000000e2800000, 0x00000000e2900000, 0x00000000e2900000|100%| O|  |TAMS 0x00000000e2800000, 0x00000000e2900000| Untracked 
|  41|0x00000000e2900000, 0x00000000e2a00000, 0x00000000e2a00000|100%| O|  |TAMS 0x00000000e2a00000, 0x00000000e2a00000| Untracked 
|  42|0x00000000e2a00000, 0x00000000e2b00000, 0x00000000e2b00000|100%| O|  |TAMS 0x00000000e2b00000, 0x00000000e2b00000| Untracked 
|  43|0x00000000e2b00000, 0x00000000e2c00000, 0x00000000e2c00000|100%| O|  |TAMS 0x00000000e2b00000, 0x00000000e2c00000| Untracked 
|  44|0x00000000e2c00000, 0x00000000e2c00000, 0x00000000e2d00000|  0%| F|  |TAMS 0x00000000e2c00000, 0x00000000e2c00000| Untracked 
|  45|0x00000000e2d00000, 0x00000000e2d00000, 0x00000000e2e00000|  0%| F|  |TAMS 0x00000000e2d00000, 0x00000000e2d00000| Untracked 
|  46|0x00000000e2e00000, 0x00000000e2f00000, 0x00000000e2f00000|100%| O|  |TAMS 0x00000000e2e00000, 0x00000000e2f00000| Untracked 
|  47|0x00000000e2f00000, 0x00000000e3000000, 0x00000000e3000000|100%| O|  |TAMS 0x00000000e2f00000, 0x00000000e3000000| Untracked 
|  48|0x00000000e3000000, 0x00000000e3100000, 0x00000000e3100000|100%| O|  |TAMS 0x00000000e3000000, 0x00000000e3100000| Untracked 
|  49|0x00000000e3100000, 0x00000000e3200000, 0x00000000e3200000|100%| O|  |TAMS 0x00000000e3100000, 0x00000000e3200000| Untracked 
|  50|0x00000000e3200000, 0x00000000e3300000, 0x00000000e3300000|100%| O|  |TAMS 0x00000000e3200000, 0x00000000e3300000| Untracked 
|  51|0x00000000e3300000, 0x00000000e3400000, 0x00000000e3400000|100%| O|  |TAMS 0x00000000e3300000, 0x00000000e3400000| Untracked 
|  52|0x00000000e3400000, 0x00000000e3500000, 0x00000000e3500000|100%| O|  |TAMS 0x00000000e3400000, 0x00000000e3500000| Untracked 
|  53|0x00000000e3500000, 0x00000000e3600000, 0x00000000e3600000|100%| O|  |TAMS 0x00000000e3500000, 0x00000000e3600000| Untracked 
|  54|0x00000000e3600000, 0x00000000e3700000, 0x00000000e3700000|100%| O|  |TAMS 0x00000000e3700000, 0x00000000e3700000| Untracked 
|  55|0x00000000e3700000, 0x00000000e3800000, 0x00000000e3800000|100%| O|  |TAMS 0x00000000e3700000, 0x00000000e3800000| Untracked 
|  56|0x00000000e3800000, 0x00000000e3900000, 0x00000000e3900000|100%| O|  |TAMS 0x00000000e3800000, 0x00000000e3900000| Untracked 
|  57|0x00000000e3900000, 0x00000000e3a00000, 0x00000000e3a00000|100%| O|  |TAMS 0x00000000e3a00000, 0x00000000e3a00000| Untracked 
|  58|0x00000000e3a00000, 0x00000000e3b00000, 0x00000000e3b00000|100%| O|  |TAMS 0x00000000e3b00000, 0x00000000e3b00000| Untracked 
|  59|0x00000000e3b00000, 0x00000000e3c00000, 0x00000000e3c00000|100%| O|  |TAMS 0x00000000e3b00000, 0x00000000e3c00000| Untracked 
|  60|0x00000000e3c00000, 0x00000000e3d00000, 0x00000000e3d00000|100%| O|  |TAMS 0x00000000e3c00000, 0x00000000e3d00000| Untracked 
|  61|0x00000000e3d00000, 0x00000000e3e00000, 0x00000000e3e00000|100%| O|  |TAMS 0x00000000e3e00000, 0x00000000e3e00000| Untracked 
|  62|0x00000000e3e00000, 0x00000000e3f00000, 0x00000000e3f00000|100%| O|  |TAMS 0x00000000e3e00000, 0x00000000e3f00000| Untracked 
|  63|0x00000000e3f00000, 0x00000000e4000000, 0x00000000e4000000|100%| O|  |TAMS 0x00000000e4000000, 0x00000000e4000000| Untracked 
|  64|0x00000000e4000000, 0x00000000e4100000, 0x00000000e4100000|100%| O|  |TAMS 0x00000000e4100000, 0x00000000e4100000| Untracked 
|  65|0x00000000e4100000, 0x00000000e4200000, 0x00000000e4200000|100%| O|  |TAMS 0x00000000e4200000, 0x00000000e4200000| Untracked 
|  66|0x00000000e4200000, 0x00000000e4300000, 0x00000000e4300000|100%| O|  |TAMS 0x00000000e4300000, 0x00000000e4300000| Untracked 
|  67|0x00000000e4300000, 0x00000000e4400000, 0x00000000e4400000|100%| O|  |TAMS 0x00000000e4400000, 0x00000000e4400000| Untracked 
|  68|0x00000000e4400000, 0x00000000e4500000, 0x00000000e4500000|100%| O|  |TAMS 0x00000000e4500000, 0x00000000e4500000| Untracked 
|  69|0x00000000e4500000, 0x00000000e4600000, 0x00000000e4600000|100%| O|  |TAMS 0x00000000e4500000, 0x00000000e4600000| Untracked 
|  70|0x00000000e4600000, 0x00000000e4700000, 0x00000000e4700000|100%| O|  |TAMS 0x00000000e4700000, 0x00000000e4700000| Untracked 
|  71|0x00000000e4700000, 0x00000000e4800000, 0x00000000e4800000|100%| O|  |TAMS 0x00000000e4800000, 0x00000000e4800000| Untracked 
|  72|0x00000000e4800000, 0x00000000e4900000, 0x00000000e4900000|100%|HS|  |TAMS 0x00000000e4900000, 0x00000000e4900000| Complete 
|  73|0x00000000e4900000, 0x00000000e4a00000, 0x00000000e4a00000|100%|HC|  |TAMS 0x00000000e4a00000, 0x00000000e4a00000| Complete 
|  74|0x00000000e4a00000, 0x00000000e4b00000, 0x00000000e4b00000|100%| O|  |TAMS 0x00000000e4b00000, 0x00000000e4b00000| Untracked 
|  75|0x00000000e4b00000, 0x00000000e4c00000, 0x00000000e4c00000|100%| O|  |TAMS 0x00000000e4b00000, 0x00000000e4c00000| Untracked 
|  76|0x00000000e4c00000, 0x00000000e4d00000, 0x00000000e4d00000|100%| O|  |TAMS 0x00000000e4d00000, 0x00000000e4d00000| Untracked 
|  77|0x00000000e4d00000, 0x00000000e4e00000, 0x00000000e4e00000|100%| O|  |TAMS 0x00000000e4e00000, 0x00000000e4e00000| Untracked 
|  78|0x00000000e4e00000, 0x00000000e4f00000, 0x00000000e4f00000|100%| O|  |TAMS 0x00000000e4f00000, 0x00000000e4f00000| Untracked 
|  79|0x00000000e4f00000, 0x00000000e5000000, 0x00000000e5000000|100%| O|  |TAMS 0x00000000e5000000, 0x00000000e5000000| Untracked 
|  80|0x00000000e5000000, 0x00000000e5000000, 0x00000000e5100000|  0%| F|  |TAMS 0x00000000e5000000, 0x00000000e5000000| Untracked 
|  81|0x00000000e5100000, 0x00000000e5200000, 0x00000000e5200000|100%| O|  |TAMS 0x00000000e5200000, 0x00000000e5200000| Untracked 
|  82|0x00000000e5200000, 0x00000000e5300000, 0x00000000e5300000|100%| O|  |TAMS 0x00000000e5200000, 0x00000000e5300000| Untracked 
|  83|0x00000000e5300000, 0x00000000e5400000, 0x00000000e5400000|100%| O|  |TAMS 0x00000000e5300000, 0x00000000e5400000| Untracked 
|  84|0x00000000e5400000, 0x00000000e54aac00, 0x00000000e5500000| 66%| O|  |TAMS 0x00000000e5400000, 0x00000000e54aac00| Untracked 
|  85|0x00000000e5500000, 0x00000000e5500000, 0x00000000e5600000|  0%| F|  |TAMS 0x00000000e5500000, 0x00000000e5500000| Untracked 
|  86|0x00000000e5600000, 0x00000000e5600000, 0x00000000e5700000|  0%| F|  |TAMS 0x00000000e5600000, 0x00000000e5600000| Untracked 
|  87|0x00000000e5700000, 0x00000000e5800000, 0x00000000e5800000|100%| O|  |TAMS 0x00000000e5800000, 0x00000000e5800000| Untracked 
|  88|0x00000000e5800000, 0x00000000e5900000, 0x00000000e5900000|100%|HS|  |TAMS 0x00000000e5800000, 0x00000000e5800000| Complete 
|  89|0x00000000e5900000, 0x00000000e5a00000, 0x00000000e5a00000|100%|HC|  |TAMS 0x00000000e5900000, 0x00000000e5900000| Complete 
|  90|0x00000000e5a00000, 0x00000000e5b00000, 0x00000000e5b00000|100%|HC|  |TAMS 0x00000000e5a00000, 0x00000000e5a00000| Complete 
|  91|0x00000000e5b00000, 0x00000000e5c00000, 0x00000000e5c00000|100%| O|  |TAMS 0x00000000e5c00000, 0x00000000e5c00000| Untracked 
|  92|0x00000000e5c00000, 0x00000000e5c00000, 0x00000000e5d00000|  0%| F|  |TAMS 0x00000000e5c00000, 0x00000000e5c00000| Untracked 
|  93|0x00000000e5d00000, 0x00000000e5e00000, 0x00000000e5e00000|100%| O|  |TAMS 0x00000000e5e00000, 0x00000000e5e00000| Untracked 
|  94|0x00000000e5e00000, 0x00000000e5e00000, 0x00000000e5f00000|  0%| F|  |TAMS 0x00000000e5e00000, 0x00000000e5e00000| Untracked 
|  95|0x00000000e5f00000, 0x00000000e5f00000, 0x00000000e6000000|  0%| F|  |TAMS 0x00000000e5f00000, 0x00000000e5f00000| Untracked 
|  96|0x00000000e6000000, 0x00000000e6100000, 0x00000000e6100000|100%| O|  |TAMS 0x00000000e6100000, 0x00000000e6100000| Untracked 
|  97|0x00000000e6100000, 0x00000000e6100000, 0x00000000e6200000|  0%| F|  |TAMS 0x00000000e6100000, 0x00000000e6100000| Untracked 
|  98|0x00000000e6200000, 0x00000000e6200000, 0x00000000e6300000|  0%| F|  |TAMS 0x00000000e6200000, 0x00000000e6200000| Untracked 
|  99|0x00000000e6300000, 0x00000000e6300000, 0x00000000e6400000|  0%| F|  |TAMS 0x00000000e6300000, 0x00000000e6300000| Untracked 
| 100|0x00000000e6400000, 0x00000000e6400000, 0x00000000e6500000|  0%| F|  |TAMS 0x00000000e6400000, 0x00000000e6400000| Untracked 
| 101|0x00000000e6500000, 0x00000000e6500000, 0x00000000e6600000|  0%| F|  |TAMS 0x00000000e6500000, 0x00000000e6500000| Untracked 
| 102|0x00000000e6600000, 0x00000000e6600000, 0x00000000e6700000|  0%| F|  |TAMS 0x00000000e6600000, 0x00000000e6600000| Untracked 
| 103|0x00000000e6700000, 0x00000000e6700000, 0x00000000e6800000|  0%| F|  |TAMS 0x00000000e6700000, 0x00000000e6700000| Untracked 
| 104|0x00000000e6800000, 0x00000000e6800000, 0x00000000e6900000|  0%| F|  |TAMS 0x00000000e6800000, 0x00000000e6800000| Untracked 
| 105|0x00000000e6900000, 0x00000000e6900000, 0x00000000e6a00000|  0%| F|  |TAMS 0x00000000e6900000, 0x00000000e6900000| Untracked 
| 106|0x00000000e6a00000, 0x00000000e6b00000, 0x00000000e6b00000|100%| O|  |TAMS 0x00000000e6b00000, 0x00000000e6b00000| Untracked 
| 107|0x00000000e6b00000, 0x00000000e6c00000, 0x00000000e6c00000|100%| O|  |TAMS 0x00000000e6c00000, 0x00000000e6c00000| Untracked 
| 108|0x00000000e6c00000, 0x00000000e6c00000, 0x00000000e6d00000|  0%| F|  |TAMS 0x00000000e6c00000, 0x00000000e6c00000| Untracked 
| 109|0x00000000e6d00000, 0x00000000e6d00000, 0x00000000e6e00000|  0%| F|  |TAMS 0x00000000e6d00000, 0x00000000e6d00000| Untracked 
| 110|0x00000000e6e00000, 0x00000000e6e00000, 0x00000000e6f00000|  0%| F|  |TAMS 0x00000000e6e00000, 0x00000000e6e00000| Untracked 
| 111|0x00000000e6f00000, 0x00000000e7000000, 0x00000000e7000000|100%| O|  |TAMS 0x00000000e7000000, 0x00000000e7000000| Untracked 
| 112|0x00000000e7000000, 0x00000000e7100000, 0x00000000e7100000|100%| O|  |TAMS 0x00000000e7100000, 0x00000000e7100000| Untracked 
| 113|0x00000000e7100000, 0x00000000e7200000, 0x00000000e7200000|100%| O|  |TAMS 0x00000000e7200000, 0x00000000e7200000| Untracked 
| 114|0x00000000e7200000, 0x00000000e7300000, 0x00000000e7300000|100%| O|  |TAMS 0x00000000e7300000, 0x00000000e7300000| Untracked 
| 115|0x00000000e7300000, 0x00000000e7300000, 0x00000000e7400000|  0%| F|  |TAMS 0x00000000e7300000, 0x00000000e7300000| Untracked 
| 116|0x00000000e7400000, 0x00000000e7500000, 0x00000000e7500000|100%| O|  |TAMS 0x00000000e7500000, 0x00000000e7500000| Untracked 
| 117|0x00000000e7500000, 0x00000000e7600000, 0x00000000e7600000|100%| O|  |TAMS 0x00000000e7600000, 0x00000000e7600000| Untracked 
| 118|0x00000000e7600000, 0x00000000e7600000, 0x00000000e7700000|  0%| F|  |TAMS 0x00000000e7600000, 0x00000000e7600000| Untracked 
| 119|0x00000000e7700000, 0x00000000e7800000, 0x00000000e7800000|100%| O|  |TAMS 0x00000000e7800000, 0x00000000e7800000| Untracked 
| 120|0x00000000e7800000, 0x00000000e7800000, 0x00000000e7900000|  0%| F|  |TAMS 0x00000000e7800000, 0x00000000e7800000| Untracked 
| 121|0x00000000e7900000, 0x00000000e7900000, 0x00000000e7a00000|  0%| F|  |TAMS 0x00000000e7900000, 0x00000000e7900000| Untracked 
| 122|0x00000000e7a00000, 0x00000000e7a00000, 0x00000000e7b00000|  0%| F|  |TAMS 0x00000000e7a00000, 0x00000000e7a00000| Untracked 
| 123|0x00000000e7b00000, 0x00000000e7c00000, 0x00000000e7c00000|100%| O|  |TAMS 0x00000000e7c00000, 0x00000000e7c00000| Untracked 
| 124|0x00000000e7c00000, 0x00000000e7c00000, 0x00000000e7d00000|  0%| F|  |TAMS 0x00000000e7c00000, 0x00000000e7c00000| Untracked 
| 125|0x00000000e7d00000, 0x00000000e7d00000, 0x00000000e7e00000|  0%| F|  |TAMS 0x00000000e7d00000, 0x00000000e7d00000| Untracked 
| 126|0x00000000e7e00000, 0x00000000e7e00000, 0x00000000e7f00000|  0%| F|  |TAMS 0x00000000e7e00000, 0x00000000e7e00000| Untracked 
| 127|0x00000000e7f00000, 0x00000000e8000000, 0x00000000e8000000|100%| O|  |TAMS 0x00000000e8000000, 0x00000000e8000000| Untracked 
| 128|0x00000000e8000000, 0x00000000e8100000, 0x00000000e8100000|100%| O|  |TAMS 0x00000000e8100000, 0x00000000e8100000| Untracked 
| 129|0x00000000e8100000, 0x00000000e8200000, 0x00000000e8200000|100%| O|  |TAMS 0x00000000e8200000, 0x00000000e8200000| Untracked 
| 130|0x00000000e8200000, 0x00000000e8300000, 0x00000000e8300000|100%| O|  |TAMS 0x00000000e8300000, 0x00000000e8300000| Untracked 
| 131|0x00000000e8300000, 0x00000000e8400000, 0x00000000e8400000|100%| O|  |TAMS 0x00000000e8400000, 0x00000000e8400000| Untracked 
| 132|0x00000000e8400000, 0x00000000e8500000, 0x00000000e8500000|100%| O|  |TAMS 0x00000000e8500000, 0x00000000e8500000| Untracked 
| 133|0x00000000e8500000, 0x00000000e8500000, 0x00000000e8600000|  0%| F|  |TAMS 0x00000000e8500000, 0x00000000e8500000| Untracked 
| 134|0x00000000e8600000, 0x00000000e8600000, 0x00000000e8700000|  0%| F|  |TAMS 0x00000000e8600000, 0x00000000e8600000| Untracked 
| 135|0x00000000e8700000, 0x00000000e8700000, 0x00000000e8800000|  0%| F|  |TAMS 0x00000000e8700000, 0x00000000e8700000| Untracked 
| 136|0x00000000e8800000, 0x00000000e8800000, 0x00000000e8900000|  0%| F|  |TAMS 0x00000000e8800000, 0x00000000e8800000| Untracked 
| 137|0x00000000e8900000, 0x00000000e8900000, 0x00000000e8a00000|  0%| F|  |TAMS 0x00000000e8900000, 0x00000000e8900000| Untracked 
| 138|0x00000000e8a00000, 0x00000000e8b00000, 0x00000000e8b00000|100%| O|  |TAMS 0x00000000e8b00000, 0x00000000e8b00000| Untracked 
| 139|0x00000000e8b00000, 0x00000000e8c00000, 0x00000000e8c00000|100%| O|  |TAMS 0x00000000e8c00000, 0x00000000e8c00000| Untracked 
| 140|0x00000000e8c00000, 0x00000000e8d00000, 0x00000000e8d00000|100%| O|  |TAMS 0x00000000e8d00000, 0x00000000e8d00000| Untracked 
| 141|0x00000000e8d00000, 0x00000000e8d00000, 0x00000000e8e00000|  0%| F|  |TAMS 0x00000000e8d00000, 0x00000000e8d00000| Untracked 
| 142|0x00000000e8e00000, 0x00000000e8e00000, 0x00000000e8f00000|  0%| F|  |TAMS 0x00000000e8e00000, 0x00000000e8e00000| Untracked 
| 143|0x00000000e8f00000, 0x00000000e8f00000, 0x00000000e9000000|  0%| F|  |TAMS 0x00000000e8f00000, 0x00000000e8f00000| Untracked 
| 144|0x00000000e9000000, 0x00000000e9100000, 0x00000000e9100000|100%| O|  |TAMS 0x00000000e9100000, 0x00000000e9100000| Untracked 
| 145|0x00000000e9100000, 0x00000000e9100000, 0x00000000e9200000|  0%| F|  |TAMS 0x00000000e9100000, 0x00000000e9100000| Untracked 
| 146|0x00000000e9200000, 0x00000000e9200000, 0x00000000e9300000|  0%| F|  |TAMS 0x00000000e9200000, 0x00000000e9200000| Untracked 
| 147|0x00000000e9300000, 0x00000000e9300000, 0x00000000e9400000|  0%| F|  |TAMS 0x00000000e9300000, 0x00000000e9300000| Untracked 
| 148|0x00000000e9400000, 0x00000000e9500000, 0x00000000e9500000|100%| O|  |TAMS 0x00000000e9500000, 0x00000000e9500000| Untracked 
| 149|0x00000000e9500000, 0x00000000e9500000, 0x00000000e9600000|  0%| F|  |TAMS 0x00000000e9500000, 0x00000000e9500000| Untracked 
| 150|0x00000000e9600000, 0x00000000e9600000, 0x00000000e9700000|  0%| F|  |TAMS 0x00000000e9600000, 0x00000000e9600000| Untracked 
| 151|0x00000000e9700000, 0x00000000e9800000, 0x00000000e9800000|100%| O|  |TAMS 0x00000000e9800000, 0x00000000e9800000| Untracked 
| 152|0x00000000e9800000, 0x00000000e9800000, 0x00000000e9900000|  0%| F|  |TAMS 0x00000000e9800000, 0x00000000e9800000| Untracked 
| 153|0x00000000e9900000, 0x00000000e9900000, 0x00000000e9a00000|  0%| F|  |TAMS 0x00000000e9900000, 0x00000000e9900000| Untracked 
| 154|0x00000000e9a00000, 0x00000000e9a00000, 0x00000000e9b00000|  0%| F|  |TAMS 0x00000000e9a00000, 0x00000000e9a00000| Untracked 
| 155|0x00000000e9b00000, 0x00000000e9c00000, 0x00000000e9c00000|100%| O|  |TAMS 0x00000000e9c00000, 0x00000000e9c00000| Untracked 
| 156|0x00000000e9c00000, 0x00000000e9c00000, 0x00000000e9d00000|  0%| F|  |TAMS 0x00000000e9c00000, 0x00000000e9c00000| Untracked 
| 157|0x00000000e9d00000, 0x00000000e9e00000, 0x00000000e9e00000|100%| O|  |TAMS 0x00000000e9e00000, 0x00000000e9e00000| Untracked 
| 158|0x00000000e9e00000, 0x00000000e9e00000, 0x00000000e9f00000|  0%| F|  |TAMS 0x00000000e9e00000, 0x00000000e9e00000| Untracked 
| 159|0x00000000e9f00000, 0x00000000e9f00000, 0x00000000ea000000|  0%| F|  |TAMS 0x00000000e9f00000, 0x00000000e9f00000| Untracked 
| 160|0x00000000ea000000, 0x00000000ea000000, 0x00000000ea100000|  0%| F|  |TAMS 0x00000000ea000000, 0x00000000ea000000| Untracked 
| 161|0x00000000ea100000, 0x00000000ea100000, 0x00000000ea200000|  0%| F|  |TAMS 0x00000000ea100000, 0x00000000ea100000| Untracked 
| 162|0x00000000ea200000, 0x00000000ea200000, 0x00000000ea300000|  0%| F|  |TAMS 0x00000000ea200000, 0x00000000ea200000| Untracked 
| 163|0x00000000ea300000, 0x00000000ea300000, 0x00000000ea400000|  0%| F|  |TAMS 0x00000000ea300000, 0x00000000ea300000| Untracked 
| 164|0x00000000ea400000, 0x00000000ea400000, 0x00000000ea500000|  0%| F|  |TAMS 0x00000000ea400000, 0x00000000ea400000| Untracked 
| 165|0x00000000ea500000, 0x00000000ea500000, 0x00000000ea600000|  0%| F|  |TAMS 0x00000000ea500000, 0x00000000ea500000| Untracked 
| 166|0x00000000ea600000, 0x00000000ea600000, 0x00000000ea700000|  0%| F|  |TAMS 0x00000000ea600000, 0x00000000ea600000| Untracked 
| 167|0x00000000ea700000, 0x00000000ea700000, 0x00000000ea800000|  0%| F|  |TAMS 0x00000000ea700000, 0x00000000ea700000| Untracked 
| 168|0x00000000ea800000, 0x00000000ea800000, 0x00000000ea900000|  0%| F|  |TAMS 0x00000000ea800000, 0x00000000ea800000| Untracked 
| 169|0x00000000ea900000, 0x00000000ea900000, 0x00000000eaa00000|  0%| F|  |TAMS 0x00000000ea900000, 0x00000000ea900000| Untracked 
| 170|0x00000000eaa00000, 0x00000000eaa00000, 0x00000000eab00000|  0%| F|  |TAMS 0x00000000eaa00000, 0x00000000eaa00000| Untracked 
| 171|0x00000000eab00000, 0x00000000eab00000, 0x00000000eac00000|  0%| F|  |TAMS 0x00000000eab00000, 0x00000000eab00000| Untracked 
| 172|0x00000000eac00000, 0x00000000eac00000, 0x00000000ead00000|  0%| F|  |TAMS 0x00000000eac00000, 0x00000000eac00000| Untracked 
| 173|0x00000000ead00000, 0x00000000ead00000, 0x00000000eae00000|  0%| F|  |TAMS 0x00000000ead00000, 0x00000000ead00000| Untracked 
| 174|0x00000000eae00000, 0x00000000eae00000, 0x00000000eaf00000|  0%| F|  |TAMS 0x00000000eae00000, 0x00000000eae00000| Untracked 
| 175|0x00000000eaf00000, 0x00000000eaf00000, 0x00000000eb000000|  0%| F|  |TAMS 0x00000000eaf00000, 0x00000000eaf00000| Untracked 
| 176|0x00000000eb000000, 0x00000000eb000000, 0x00000000eb100000|  0%| F|  |TAMS 0x00000000eb000000, 0x00000000eb000000| Untracked 
| 177|0x00000000eb100000, 0x00000000eb100000, 0x00000000eb200000|  0%| F|  |TAMS 0x00000000eb100000, 0x00000000eb100000| Untracked 
| 178|0x00000000eb200000, 0x00000000eb200000, 0x00000000eb300000|  0%| F|  |TAMS 0x00000000eb200000, 0x00000000eb200000| Untracked 
| 179|0x00000000eb300000, 0x00000000eb300000, 0x00000000eb400000|  0%| F|  |TAMS 0x00000000eb300000, 0x00000000eb300000| Untracked 
| 180|0x00000000eb400000, 0x00000000eb400000, 0x00000000eb500000|  0%| F|  |TAMS 0x00000000eb400000, 0x00000000eb400000| Untracked 
| 181|0x00000000eb500000, 0x00000000eb500000, 0x00000000eb600000|  0%| F|  |TAMS 0x00000000eb500000, 0x00000000eb500000| Untracked 
| 182|0x00000000eb600000, 0x00000000eb600000, 0x00000000eb700000|  0%| F|  |TAMS 0x00000000eb600000, 0x00000000eb600000| Untracked 
| 183|0x00000000eb700000, 0x00000000eb700000, 0x00000000eb800000|  0%| F|  |TAMS 0x00000000eb700000, 0x00000000eb700000| Untracked 
| 184|0x00000000eb800000, 0x00000000eb800000, 0x00000000eb900000|  0%| F|  |TAMS 0x00000000eb800000, 0x00000000eb800000| Untracked 
| 185|0x00000000eb900000, 0x00000000eb900000, 0x00000000eba00000|  0%| F|  |TAMS 0x00000000eb900000, 0x00000000eb900000| Untracked 
| 186|0x00000000eba00000, 0x00000000eba00000, 0x00000000ebb00000|  0%| F|  |TAMS 0x00000000eba00000, 0x00000000eba00000| Untracked 
| 187|0x00000000ebb00000, 0x00000000ebb00000, 0x00000000ebc00000|  0%| F|  |TAMS 0x00000000ebb00000, 0x00000000ebb00000| Untracked 
| 188|0x00000000ebc00000, 0x00000000ebc00000, 0x00000000ebd00000|  0%| F|  |TAMS 0x00000000ebc00000, 0x00000000ebc00000| Untracked 
| 189|0x00000000ebd00000, 0x00000000ebd00000, 0x00000000ebe00000|  0%| F|  |TAMS 0x00000000ebd00000, 0x00000000ebd00000| Untracked 
| 190|0x00000000ebe00000, 0x00000000ebe00000, 0x00000000ebf00000|  0%| F|  |TAMS 0x00000000ebe00000, 0x00000000ebe00000| Untracked 
| 191|0x00000000ebf00000, 0x00000000ebf00000, 0x00000000ec000000|  0%| F|  |TAMS 0x00000000ebf00000, 0x00000000ebf00000| Untracked 
| 192|0x00000000ec000000, 0x00000000ec000000, 0x00000000ec100000|  0%| F|  |TAMS 0x00000000ec000000, 0x00000000ec000000| Untracked 
| 193|0x00000000ec100000, 0x00000000ec100000, 0x00000000ec200000|  0%| F|  |TAMS 0x00000000ec100000, 0x00000000ec100000| Untracked 
| 194|0x00000000ec200000, 0x00000000ec200000, 0x00000000ec300000|  0%| F|  |TAMS 0x00000000ec200000, 0x00000000ec200000| Untracked 
| 195|0x00000000ec300000, 0x00000000ec300000, 0x00000000ec400000|  0%| F|  |TAMS 0x00000000ec300000, 0x00000000ec300000| Untracked 
| 196|0x00000000ec400000, 0x00000000ec400000, 0x00000000ec500000|  0%| F|  |TAMS 0x00000000ec400000, 0x00000000ec400000| Untracked 
| 197|0x00000000ec500000, 0x00000000ec500000, 0x00000000ec600000|  0%| F|  |TAMS 0x00000000ec500000, 0x00000000ec500000| Untracked 
| 198|0x00000000ec600000, 0x00000000ec600000, 0x00000000ec700000|  0%| F|  |TAMS 0x00000000ec600000, 0x00000000ec600000| Untracked 
| 199|0x00000000ec700000, 0x00000000ec700000, 0x00000000ec800000|  0%| F|  |TAMS 0x00000000ec700000, 0x00000000ec700000| Untracked 
| 200|0x00000000ec800000, 0x00000000ec800000, 0x00000000ec900000|  0%| F|  |TAMS 0x00000000ec800000, 0x00000000ec800000| Untracked 
| 201|0x00000000ec900000, 0x00000000ec900000, 0x00000000eca00000|  0%| F|  |TAMS 0x00000000ec900000, 0x00000000ec900000| Untracked 
| 202|0x00000000eca00000, 0x00000000eca00000, 0x00000000ecb00000|  0%| F|  |TAMS 0x00000000eca00000, 0x00000000eca00000| Untracked 
| 203|0x00000000ecb00000, 0x00000000ecb00000, 0x00000000ecc00000|  0%| F|  |TAMS 0x00000000ecb00000, 0x00000000ecb00000| Untracked 
| 204|0x00000000ecc00000, 0x00000000ecc00000, 0x00000000ecd00000|  0%| F|  |TAMS 0x00000000ecc00000, 0x00000000ecc00000| Untracked 
| 205|0x00000000ecd00000, 0x00000000ecd00000, 0x00000000ece00000|  0%| F|  |TAMS 0x00000000ecd00000, 0x00000000ecd00000| Untracked 
| 206|0x00000000ece00000, 0x00000000ece00000, 0x00000000ecf00000|  0%| F|  |TAMS 0x00000000ece00000, 0x00000000ece00000| Untracked 
| 207|0x00000000ecf00000, 0x00000000ecf00000, 0x00000000ed000000|  0%| F|  |TAMS 0x00000000ecf00000, 0x00000000ecf00000| Untracked 
| 208|0x00000000ed000000, 0x00000000ed000000, 0x00000000ed100000|  0%| F|  |TAMS 0x00000000ed000000, 0x00000000ed000000| Untracked 
| 209|0x00000000ed100000, 0x00000000ed100000, 0x00000000ed200000|  0%| F|  |TAMS 0x00000000ed100000, 0x00000000ed100000| Untracked 
| 210|0x00000000ed200000, 0x00000000ed200000, 0x00000000ed300000|  0%| F|  |TAMS 0x00000000ed200000, 0x00000000ed200000| Untracked 
| 211|0x00000000ed300000, 0x00000000ed300000, 0x00000000ed400000|  0%| F|  |TAMS 0x00000000ed300000, 0x00000000ed300000| Untracked 
| 212|0x00000000ed400000, 0x00000000ed400000, 0x00000000ed500000|  0%| F|  |TAMS 0x00000000ed400000, 0x00000000ed400000| Untracked 
| 213|0x00000000ed500000, 0x00000000ed500000, 0x00000000ed600000|  0%| F|  |TAMS 0x00000000ed500000, 0x00000000ed500000| Untracked 
| 214|0x00000000ed600000, 0x00000000ed600000, 0x00000000ed700000|  0%| F|  |TAMS 0x00000000ed600000, 0x00000000ed600000| Untracked 
| 215|0x00000000ed700000, 0x00000000ed700000, 0x00000000ed800000|  0%| F|  |TAMS 0x00000000ed700000, 0x00000000ed700000| Untracked 
| 216|0x00000000ed800000, 0x00000000ed800000, 0x00000000ed900000|  0%| F|  |TAMS 0x00000000ed800000, 0x00000000ed800000| Untracked 
| 217|0x00000000ed900000, 0x00000000ed900000, 0x00000000eda00000|  0%| F|  |TAMS 0x00000000ed900000, 0x00000000ed900000| Untracked 
| 218|0x00000000eda00000, 0x00000000eda00000, 0x00000000edb00000|  0%| F|  |TAMS 0x00000000eda00000, 0x00000000eda00000| Untracked 
| 219|0x00000000edb00000, 0x00000000edb00000, 0x00000000edc00000|  0%| F|  |TAMS 0x00000000edb00000, 0x00000000edb00000| Untracked 
| 220|0x00000000edc00000, 0x00000000edc00000, 0x00000000edd00000|  0%| F|  |TAMS 0x00000000edc00000, 0x00000000edc00000| Untracked 
| 221|0x00000000edd00000, 0x00000000edd00000, 0x00000000ede00000|  0%| F|  |TAMS 0x00000000edd00000, 0x00000000edd00000| Untracked 
| 222|0x00000000ede00000, 0x00000000ede00000, 0x00000000edf00000|  0%| F|  |TAMS 0x00000000ede00000, 0x00000000ede00000| Untracked 
| 223|0x00000000edf00000, 0x00000000edf00000, 0x00000000ee000000|  0%| F|  |TAMS 0x00000000edf00000, 0x00000000edf00000| Untracked 
| 224|0x00000000ee000000, 0x00000000ee000000, 0x00000000ee100000|  0%| F|  |TAMS 0x00000000ee000000, 0x00000000ee000000| Untracked 
| 225|0x00000000ee100000, 0x00000000ee100000, 0x00000000ee200000|  0%| F|  |TAMS 0x00000000ee100000, 0x00000000ee100000| Untracked 
| 226|0x00000000ee200000, 0x00000000ee200000, 0x00000000ee300000|  0%| F|  |TAMS 0x00000000ee200000, 0x00000000ee200000| Untracked 
| 227|0x00000000ee300000, 0x00000000ee300000, 0x00000000ee400000|  0%| F|  |TAMS 0x00000000ee300000, 0x00000000ee300000| Untracked 
| 228|0x00000000ee400000, 0x00000000ee400000, 0x00000000ee500000|  0%| F|  |TAMS 0x00000000ee400000, 0x00000000ee400000| Untracked 
| 229|0x00000000ee500000, 0x00000000ee500000, 0x00000000ee600000|  0%| F|  |TAMS 0x00000000ee500000, 0x00000000ee500000| Untracked 
| 230|0x00000000ee600000, 0x00000000ee600000, 0x00000000ee700000|  0%| F|  |TAMS 0x00000000ee600000, 0x00000000ee600000| Untracked 
| 231|0x00000000ee700000, 0x00000000ee700000, 0x00000000ee800000|  0%| F|  |TAMS 0x00000000ee700000, 0x00000000ee700000| Untracked 
| 232|0x00000000ee800000, 0x00000000ee800000, 0x00000000ee900000|  0%| F|  |TAMS 0x00000000ee800000, 0x00000000ee800000| Untracked 
| 233|0x00000000ee900000, 0x00000000ee900000, 0x00000000eea00000|  0%| F|  |TAMS 0x00000000ee900000, 0x00000000ee900000| Untracked 
| 234|0x00000000eea00000, 0x00000000eea00000, 0x00000000eeb00000|  0%| F|  |TAMS 0x00000000eea00000, 0x00000000eea00000| Untracked 
| 235|0x00000000eeb00000, 0x00000000eeb00000, 0x00000000eec00000|  0%| F|  |TAMS 0x00000000eeb00000, 0x00000000eeb00000| Untracked 
| 236|0x00000000eec00000, 0x00000000eec00000, 0x00000000eed00000|  0%| F|  |TAMS 0x00000000eec00000, 0x00000000eec00000| Untracked 
| 237|0x00000000eed00000, 0x00000000eed00000, 0x00000000eee00000|  0%| F|  |TAMS 0x00000000eed00000, 0x00000000eed00000| Untracked 
| 238|0x00000000eee00000, 0x00000000eee00000, 0x00000000eef00000|  0%| F|  |TAMS 0x00000000eee00000, 0x00000000eee00000| Untracked 
| 239|0x00000000eef00000, 0x00000000eef00000, 0x00000000ef000000|  0%| F|  |TAMS 0x00000000eef00000, 0x00000000eef00000| Untracked 
| 240|0x00000000ef000000, 0x00000000ef000000, 0x00000000ef100000|  0%| F|  |TAMS 0x00000000ef000000, 0x00000000ef000000| Untracked 
| 241|0x00000000ef100000, 0x00000000ef100000, 0x00000000ef200000|  0%| F|  |TAMS 0x00000000ef100000, 0x00000000ef100000| Untracked 
| 242|0x00000000ef200000, 0x00000000ef200000, 0x00000000ef300000|  0%| F|  |TAMS 0x00000000ef200000, 0x00000000ef200000| Untracked 
| 243|0x00000000ef300000, 0x00000000ef300000, 0x00000000ef400000|  0%| F|  |TAMS 0x00000000ef300000, 0x00000000ef300000| Untracked 
| 244|0x00000000ef400000, 0x00000000ef400000, 0x00000000ef500000|  0%| F|  |TAMS 0x00000000ef400000, 0x00000000ef400000| Untracked 
| 245|0x00000000ef500000, 0x00000000ef500000, 0x00000000ef600000|  0%| F|  |TAMS 0x00000000ef500000, 0x00000000ef500000| Untracked 
| 246|0x00000000ef600000, 0x00000000ef600000, 0x00000000ef700000|  0%| F|  |TAMS 0x00000000ef600000, 0x00000000ef600000| Untracked 
| 247|0x00000000ef700000, 0x00000000ef700000, 0x00000000ef800000|  0%| F|  |TAMS 0x00000000ef700000, 0x00000000ef700000| Untracked 
| 248|0x00000000ef800000, 0x00000000ef800000, 0x00000000ef900000|  0%| F|  |TAMS 0x00000000ef800000, 0x00000000ef800000| Untracked 
| 249|0x00000000ef900000, 0x00000000ef900000, 0x00000000efa00000|  0%| F|  |TAMS 0x00000000ef900000, 0x00000000ef900000| Untracked 
| 250|0x00000000efa00000, 0x00000000efa00000, 0x00000000efb00000|  0%| F|  |TAMS 0x00000000efa00000, 0x00000000efa00000| Untracked 
| 251|0x00000000efb00000, 0x00000000efb00000, 0x00000000efc00000|  0%| F|  |TAMS 0x00000000efb00000, 0x00000000efb00000| Untracked 
| 252|0x00000000efc00000, 0x00000000efc00000, 0x00000000efd00000|  0%| F|  |TAMS 0x00000000efc00000, 0x00000000efc00000| Untracked 
| 253|0x00000000efd00000, 0x00000000efd00000, 0x00000000efe00000|  0%| F|  |TAMS 0x00000000efd00000, 0x00000000efd00000| Untracked 
| 254|0x00000000efe00000, 0x00000000efe00000, 0x00000000eff00000|  0%| F|  |TAMS 0x00000000efe00000, 0x00000000efe00000| Untracked 
| 255|0x00000000eff00000, 0x00000000eff00000, 0x00000000f0000000|  0%| F|  |TAMS 0x00000000eff00000, 0x00000000eff00000| Untracked 
| 256|0x00000000f0000000, 0x00000000f0000000, 0x00000000f0100000|  0%| F|  |TAMS 0x00000000f0000000, 0x00000000f0000000| Untracked 
| 257|0x00000000f0100000, 0x00000000f0100000, 0x00000000f0200000|  0%| F|  |TAMS 0x00000000f0100000, 0x00000000f0100000| Untracked 
| 258|0x00000000f0200000, 0x00000000f0200000, 0x00000000f0300000|  0%| F|  |TAMS 0x00000000f0200000, 0x00000000f0200000| Untracked 
| 259|0x00000000f0300000, 0x00000000f0300000, 0x00000000f0400000|  0%| F|  |TAMS 0x00000000f0300000, 0x00000000f0300000| Untracked 
| 260|0x00000000f0400000, 0x00000000f0400000, 0x00000000f0500000|  0%| F|  |TAMS 0x00000000f0400000, 0x00000000f0400000| Untracked 
| 261|0x00000000f0500000, 0x00000000f0500000, 0x00000000f0600000|  0%| F|  |TAMS 0x00000000f0500000, 0x00000000f0500000| Untracked 
| 262|0x00000000f0600000, 0x00000000f0600000, 0x00000000f0700000|  0%| F|  |TAMS 0x00000000f0600000, 0x00000000f0600000| Untracked 
| 263|0x00000000f0700000, 0x00000000f0700000, 0x00000000f0800000|  0%| F|  |TAMS 0x00000000f0700000, 0x00000000f0700000| Untracked 
| 264|0x00000000f0800000, 0x00000000f0800000, 0x00000000f0900000|  0%| F|  |TAMS 0x00000000f0800000, 0x00000000f0800000| Untracked 
| 265|0x00000000f0900000, 0x00000000f0900000, 0x00000000f0a00000|  0%| F|  |TAMS 0x00000000f0900000, 0x00000000f0900000| Untracked 
| 266|0x00000000f0a00000, 0x00000000f0a00000, 0x00000000f0b00000|  0%| F|  |TAMS 0x00000000f0a00000, 0x00000000f0a00000| Untracked 
| 267|0x00000000f0b00000, 0x00000000f0b00000, 0x00000000f0c00000|  0%| F|  |TAMS 0x00000000f0b00000, 0x00000000f0b00000| Untracked 
| 268|0x00000000f0c00000, 0x00000000f0c00000, 0x00000000f0d00000|  0%| F|  |TAMS 0x00000000f0c00000, 0x00000000f0c00000| Untracked 
| 269|0x00000000f0d00000, 0x00000000f0d00000, 0x00000000f0e00000|  0%| F|  |TAMS 0x00000000f0d00000, 0x00000000f0d00000| Untracked 
| 270|0x00000000f0e00000, 0x00000000f0e00000, 0x00000000f0f00000|  0%| F|  |TAMS 0x00000000f0e00000, 0x00000000f0e00000| Untracked 
| 271|0x00000000f0f00000, 0x00000000f0f00000, 0x00000000f1000000|  0%| F|  |TAMS 0x00000000f0f00000, 0x00000000f0f00000| Untracked 
| 272|0x00000000f1000000, 0x00000000f1000000, 0x00000000f1100000|  0%| F|  |TAMS 0x00000000f1000000, 0x00000000f1000000| Untracked 
| 273|0x00000000f1100000, 0x00000000f1100000, 0x00000000f1200000|  0%| F|  |TAMS 0x00000000f1100000, 0x00000000f1100000| Untracked 
| 274|0x00000000f1200000, 0x00000000f1200000, 0x00000000f1300000|  0%| F|  |TAMS 0x00000000f1200000, 0x00000000f1200000| Untracked 
| 275|0x00000000f1300000, 0x00000000f1300000, 0x00000000f1400000|  0%| F|  |TAMS 0x00000000f1300000, 0x00000000f1300000| Untracked 
| 276|0x00000000f1400000, 0x00000000f1400000, 0x00000000f1500000|  0%| F|  |TAMS 0x00000000f1400000, 0x00000000f1400000| Untracked 
| 277|0x00000000f1500000, 0x00000000f1500000, 0x00000000f1600000|  0%| F|  |TAMS 0x00000000f1500000, 0x00000000f1500000| Untracked 
| 278|0x00000000f1600000, 0x00000000f1600000, 0x00000000f1700000|  0%| F|  |TAMS 0x00000000f1600000, 0x00000000f1600000| Untracked 
| 279|0x00000000f1700000, 0x00000000f17f45b8, 0x00000000f1800000| 95%| S|CS|TAMS 0x00000000f1700000, 0x00000000f1700000| Complete 
| 280|0x00000000f1800000, 0x00000000f1900000, 0x00000000f1900000|100%| S|CS|TAMS 0x00000000f1800000, 0x00000000f1800000| Complete 
| 281|0x00000000f1900000, 0x00000000f1a00000, 0x00000000f1a00000|100%| S|CS|TAMS 0x00000000f1900000, 0x00000000f1900000| Complete 
| 282|0x00000000f1a00000, 0x00000000f1a00000, 0x00000000f1b00000|  0%| F|  |TAMS 0x00000000f1a00000, 0x00000000f1a00000| Untracked 
| 283|0x00000000f1b00000, 0x00000000f1b00000, 0x00000000f1c00000|  0%| F|  |TAMS 0x00000000f1b00000, 0x00000000f1b00000| Untracked 
| 284|0x00000000f1c00000, 0x00000000f1c00000, 0x00000000f1d00000|  0%| F|  |TAMS 0x00000000f1c00000, 0x00000000f1c00000| Untracked 
| 285|0x00000000f1d00000, 0x00000000f1d00000, 0x00000000f1e00000|  0%| F|  |TAMS 0x00000000f1d00000, 0x00000000f1d00000| Untracked 
| 286|0x00000000f1e00000, 0x00000000f1e00000, 0x00000000f1f00000|  0%| F|  |TAMS 0x00000000f1e00000, 0x00000000f1e00000| Untracked 
| 287|0x00000000f1f00000, 0x00000000f1f00000, 0x00000000f2000000|  0%| F|  |TAMS 0x00000000f1f00000, 0x00000000f1f00000| Untracked 
| 288|0x00000000f2000000, 0x00000000f2000000, 0x00000000f2100000|  0%| F|  |TAMS 0x00000000f2000000, 0x00000000f2000000| Untracked 
| 289|0x00000000f2100000, 0x00000000f2100000, 0x00000000f2200000|  0%| F|  |TAMS 0x00000000f2100000, 0x00000000f2100000| Untracked 
| 290|0x00000000f2200000, 0x00000000f2200000, 0x00000000f2300000|  0%| F|  |TAMS 0x00000000f2200000, 0x00000000f2200000| Untracked 
| 291|0x00000000f2300000, 0x00000000f2300000, 0x00000000f2400000|  0%| F|  |TAMS 0x00000000f2300000, 0x00000000f2300000| Untracked 
| 292|0x00000000f2400000, 0x00000000f2400000, 0x00000000f2500000|  0%| F|  |TAMS 0x00000000f2400000, 0x00000000f2400000| Untracked 
| 293|0x00000000f2500000, 0x00000000f2500000, 0x00000000f2600000|  0%| F|  |TAMS 0x00000000f2500000, 0x00000000f2500000| Untracked 
| 294|0x00000000f2600000, 0x00000000f2600000, 0x00000000f2700000|  0%| F|  |TAMS 0x00000000f2600000, 0x00000000f2600000| Untracked 
| 295|0x00000000f2700000, 0x00000000f2700000, 0x00000000f2800000|  0%| F|  |TAMS 0x00000000f2700000, 0x00000000f2700000| Untracked 
| 296|0x00000000f2800000, 0x00000000f2800000, 0x00000000f2900000|  0%| F|  |TAMS 0x00000000f2800000, 0x00000000f2800000| Untracked 
| 297|0x00000000f2900000, 0x00000000f2900000, 0x00000000f2a00000|  0%| F|  |TAMS 0x00000000f2900000, 0x00000000f2900000| Untracked 
| 298|0x00000000f2a00000, 0x00000000f2a00000, 0x00000000f2b00000|  0%| F|  |TAMS 0x00000000f2a00000, 0x00000000f2a00000| Untracked 
| 299|0x00000000f2b00000, 0x00000000f2b00000, 0x00000000f2c00000|  0%| F|  |TAMS 0x00000000f2b00000, 0x00000000f2b00000| Untracked 
| 300|0x00000000f2c00000, 0x00000000f2c00000, 0x00000000f2d00000|  0%| F|  |TAMS 0x00000000f2c00000, 0x00000000f2c00000| Untracked 
| 301|0x00000000f2d00000, 0x00000000f2d00000, 0x00000000f2e00000|  0%| F|  |TAMS 0x00000000f2d00000, 0x00000000f2d00000| Untracked 
| 302|0x00000000f2e00000, 0x00000000f2e00000, 0x00000000f2f00000|  0%| F|  |TAMS 0x00000000f2e00000, 0x00000000f2e00000| Untracked 
| 303|0x00000000f2f00000, 0x00000000f2f00000, 0x00000000f3000000|  0%| F|  |TAMS 0x00000000f2f00000, 0x00000000f2f00000| Untracked 
| 304|0x00000000f3000000, 0x00000000f3000000, 0x00000000f3100000|  0%| F|  |TAMS 0x00000000f3000000, 0x00000000f3000000| Untracked 
| 305|0x00000000f3100000, 0x00000000f3100000, 0x00000000f3200000|  0%| F|  |TAMS 0x00000000f3100000, 0x00000000f3100000| Untracked 
| 306|0x00000000f3200000, 0x00000000f3200000, 0x00000000f3300000|  0%| F|  |TAMS 0x00000000f3200000, 0x00000000f3200000| Untracked 
| 307|0x00000000f3300000, 0x00000000f3300000, 0x00000000f3400000|  0%| F|  |TAMS 0x00000000f3300000, 0x00000000f3300000| Untracked 
| 308|0x00000000f3400000, 0x00000000f3400000, 0x00000000f3500000|  0%| F|  |TAMS 0x00000000f3400000, 0x00000000f3400000| Untracked 
| 309|0x00000000f3500000, 0x00000000f3500000, 0x00000000f3600000|  0%| F|  |TAMS 0x00000000f3500000, 0x00000000f3500000| Untracked 
| 310|0x00000000f3600000, 0x00000000f3600000, 0x00000000f3700000|  0%| F|  |TAMS 0x00000000f3600000, 0x00000000f3600000| Untracked 
| 311|0x00000000f3700000, 0x00000000f3700000, 0x00000000f3800000|  0%| F|  |TAMS 0x00000000f3700000, 0x00000000f3700000| Untracked 
| 312|0x00000000f3800000, 0x00000000f3800000, 0x00000000f3900000|  0%| F|  |TAMS 0x00000000f3800000, 0x00000000f3800000| Untracked 
| 313|0x00000000f3900000, 0x00000000f3900000, 0x00000000f3a00000|  0%| F|  |TAMS 0x00000000f3900000, 0x00000000f3900000| Untracked 
| 314|0x00000000f3a00000, 0x00000000f3a00000, 0x00000000f3b00000|  0%| F|  |TAMS 0x00000000f3a00000, 0x00000000f3a00000| Untracked 
| 315|0x00000000f3b00000, 0x00000000f3b00000, 0x00000000f3c00000|  0%| F|  |TAMS 0x00000000f3b00000, 0x00000000f3b00000| Untracked 
| 316|0x00000000f3c00000, 0x00000000f3c00000, 0x00000000f3d00000|  0%| F|  |TAMS 0x00000000f3c00000, 0x00000000f3c00000| Untracked 
| 317|0x00000000f3d00000, 0x00000000f3d00000, 0x00000000f3e00000|  0%| F|  |TAMS 0x00000000f3d00000, 0x00000000f3d00000| Untracked 
| 318|0x00000000f3e00000, 0x00000000f3e00000, 0x00000000f3f00000|  0%| F|  |TAMS 0x00000000f3e00000, 0x00000000f3e00000| Untracked 
| 319|0x00000000f3f00000, 0x00000000f3f00000, 0x00000000f4000000|  0%| F|  |TAMS 0x00000000f3f00000, 0x00000000f3f00000| Untracked 
| 320|0x00000000f4000000, 0x00000000f4000000, 0x00000000f4100000|  0%| F|  |TAMS 0x00000000f4000000, 0x00000000f4000000| Untracked 
| 321|0x00000000f4100000, 0x00000000f4100000, 0x00000000f4200000|  0%| F|  |TAMS 0x00000000f4100000, 0x00000000f4100000| Untracked 
| 322|0x00000000f4200000, 0x00000000f4200000, 0x00000000f4300000|  0%| F|  |TAMS 0x00000000f4200000, 0x00000000f4200000| Untracked 
| 323|0x00000000f4300000, 0x00000000f4300000, 0x00000000f4400000|  0%| F|  |TAMS 0x00000000f4300000, 0x00000000f4300000| Untracked 
| 324|0x00000000f4400000, 0x00000000f4400000, 0x00000000f4500000|  0%| F|  |TAMS 0x00000000f4400000, 0x00000000f4400000| Untracked 
| 325|0x00000000f4500000, 0x00000000f4500000, 0x00000000f4600000|  0%| F|  |TAMS 0x00000000f4500000, 0x00000000f4500000| Untracked 
| 326|0x00000000f4600000, 0x00000000f4600000, 0x00000000f4700000|  0%| F|  |TAMS 0x00000000f4600000, 0x00000000f4600000| Untracked 
| 327|0x00000000f4700000, 0x00000000f4700000, 0x00000000f4800000|  0%| F|  |TAMS 0x00000000f4700000, 0x00000000f4700000| Untracked 
| 328|0x00000000f4800000, 0x00000000f4800000, 0x00000000f4900000|  0%| F|  |TAMS 0x00000000f4800000, 0x00000000f4800000| Untracked 
| 329|0x00000000f4900000, 0x00000000f4900000, 0x00000000f4a00000|  0%| F|  |TAMS 0x00000000f4900000, 0x00000000f4900000| Untracked 
| 330|0x00000000f4a00000, 0x00000000f4a00000, 0x00000000f4b00000|  0%| F|  |TAMS 0x00000000f4a00000, 0x00000000f4a00000| Untracked 
| 331|0x00000000f4b00000, 0x00000000f4b00000, 0x00000000f4c00000|  0%| F|  |TAMS 0x00000000f4b00000, 0x00000000f4b00000| Untracked 
| 332|0x00000000f4c00000, 0x00000000f4c00000, 0x00000000f4d00000|  0%| F|  |TAMS 0x00000000f4c00000, 0x00000000f4c00000| Untracked 
| 333|0x00000000f4d00000, 0x00000000f4d00000, 0x00000000f4e00000|  0%| F|  |TAMS 0x00000000f4d00000, 0x00000000f4d00000| Untracked 
| 334|0x00000000f4e00000, 0x00000000f4e00000, 0x00000000f4f00000|  0%| F|  |TAMS 0x00000000f4e00000, 0x00000000f4e00000| Untracked 
| 335|0x00000000f4f00000, 0x00000000f4fab128, 0x00000000f5000000| 66%| E|  |TAMS 0x00000000f4f00000, 0x00000000f4f00000| Complete 
| 336|0x00000000f5000000, 0x00000000f5100000, 0x00000000f5100000|100%| E|CS|TAMS 0x00000000f5000000, 0x00000000f5000000| Complete 
| 337|0x00000000f5100000, 0x00000000f5200000, 0x00000000f5200000|100%| E|CS|TAMS 0x00000000f5100000, 0x00000000f5100000| Complete 
| 338|0x00000000f5200000, 0x00000000f5300000, 0x00000000f5300000|100%| E|CS|TAMS 0x00000000f5200000, 0x00000000f5200000| Complete 
| 399|0x00000000f8f00000, 0x00000000f9000000, 0x00000000f9000000|100%| E|CS|TAMS 0x00000000f8f00000, 0x00000000f8f00000| Complete 

Card table byte_map: [0x000000b9d3ec0000,0x000000b9d3fc0000] _byte_map_base: 0x000000b9d37c0000

Marking Bits (Prev, Next): (CMBitMap*) 0x000000b9bcca5900, (CMBitMap*) 0x000000b9bcca58c0
 Prev Bits: [0x000000b9d48c0000, 0x000000b9d50c0000)
 Next Bits: [0x000000b9d40c0000, 0x000000b9d48c0000)

Polling page: 0x000000b9ba7c0000

Metaspace:

Usage:
  Non-class:    108.37 MB capacity,   106.15 MB ( 98%) used,     1.92 MB (  2%) free+waste,   304.13 KB ( <1%) overhead. 
      Class:     15.45 MB capacity,    14.53 MB ( 94%) used,   817.19 KB (  5%) free+waste,   125.13 KB ( <1%) overhead. 
       Both:    123.82 MB capacity,   120.68 MB ( 97%) used,     2.72 MB (  2%) free+waste,   429.25 KB ( <1%) overhead. 

Virtual space:
  Non-class space:      110.00 MB reserved,     108.83 MB ( 99%) committed 
      Class space:      248.00 MB reserved,      15.63 MB (  6%) committed 
             Both:      358.00 MB reserved,     124.45 MB ( 35%) committed 

Chunk freelists:
   Non-Class:  278.00 KB
       Class:  118.00 KB
        Both:  396.00 KB

MaxMetaspaceSize: 256.00 MB
CompressedClassSpaceSize: 248.00 MB

CodeHeap 'non-profiled nmethods': size=120000Kb used=25739Kb max_used=26449Kb free=94260Kb
 bounds [0x000000b9cc990000, 0x000000b9ce370000, 0x000000b9d3ec0000]
CodeHeap 'profiled nmethods': size=120000Kb used=47623Kb max_used=47897Kb free=72376Kb
 bounds [0x000000b9c5460000, 0x000000b9c8340000, 0x000000b9cc990000]
CodeHeap 'non-nmethods': size=5760Kb used=2486Kb max_used=2530Kb free=3274Kb
 bounds [0x000000b9c4ec0000, 0x000000b9c5150000, 0x000000b9c5460000]
 total_blobs=27024 nmethods=26032 adapters=901
 compilation: enabled
              stopped_count=0, restarted_count=0
 full_count=0

Compilation events (20 events):
Event: 47061.817 Thread 0x000000b9d799fde0 34370       2       java.util.WeakHashMap$HashIterator::nextEntry (81 bytes)
Event: 47061.817 Thread 0x000000b9d799fde0 nmethod 34370 0x000000b9c6fab690 code [0x000000b9c6fab860, 0x000000b9c6fabc88]
Event: 47061.817 Thread 0x000000b9d799fde0 34371       2       java.util.WeakHashMap$Entry::getKey (8 bytes)
Event: 47061.817 Thread 0x000000b9d799fde0 nmethod 34371 0x000000b9c69b0f90 code [0x000000b9c69b1120, 0x000000b9c69b1258]
Event: 47061.817 Thread 0x000000b9d799fde0 34372       2       java.util.WeakHashMap::unmaskNull (13 bytes)
Event: 47061.818 Thread 0x000000b9d799fde0 nmethod 34372 0x000000b9c6848d10 code [0x000000b9c6848ea0, 0x000000b9c6848f98]
Event: 47061.818 Thread 0x000000b9d799fde0 34373       2       org.apache.tools.zip.ZipOutputStream::createCentralFileHeader (110 bytes)
Event: 47061.819 Thread 0x000000b9d799fde0 nmethod 34373 0x000000b9c6a63390 code [0x000000b9c6a635e0, 0x000000b9c6a63ba8]
Event: 47061.819 Thread 0x000000b9d799fde0 34374       2       org.apache.tools.zip.ZipEntry::getExtraFields (16 bytes)
Event: 47061.820 Thread 0x000000b9d799fde0 nmethod 34374 0x000000b9c69afe10 code [0x000000b9c69affe0, 0x000000b9c69b0388]
Event: 47061.820 Thread 0x000000b9d799fde0 34375       2       org.apache.tools.zip.ZipEntry::getCentralDirectoryExtra (9 bytes)
Event: 47061.821 Thread 0x000000b9d799fde0 nmethod 34375 0x000000b9c6a62d90 code [0x000000b9c6a62f40, 0x000000b9c6a630a8]
Event: 47061.821 Thread 0x000000b9d799fde0 34376       2       org.apache.tools.zip.ZipEntry::getUnparseableOnly (25 bytes)
Event: 47061.821 Thread 0x000000b9d799fde0 nmethod 34376 0x000000b9c69af910 code [0x000000b9c69afac0, 0x000000b9c69afd58]
Event: 47061.821 Thread 0x000000b9d799fde0 34377       2       org.apache.tools.zip.ExtraFieldUtils::mergeCentralDirectoryData (221 bytes)
Event: 47061.822 Thread 0x000000b9d799fde0 nmethod 34377 0x000000b9c6abcd90 code [0x000000b9c6abcfe0, 0x000000b9c6abd948]
Event: 47061.822 Thread 0x000000b9d799fde0 34378       2       org.apache.tools.zip.ZipEntry::getAllExtraFields (23 bytes)
Event: 47061.823 Thread 0x000000b9d799fde0 nmethod 34378 0x000000b9c80ec190 code [0x000000b9c80ec340, 0x000000b9c80ec678]
Event: 47061.823 Thread 0x000000b9d799fde0 34379       2       org.apache.tools.zip.ZipOutputStream::handleZip64Extra (107 bytes)
Event: 47061.824 Thread 0x000000b9d799fde0 nmethod 34379 0x000000b9c80eb590 code [0x000000b9c80eb7c0, 0x000000b9c80ebdf8]

GC Heap History (20 events):
Event: 36922.690 GC heap before
{Heap before GC invocations=133 (full 0):
 garbage-first heap   total 348160K, used 274725K [0x00000000e0000000, 0x0000000100000000)
  region size 1024K, 173 young (177152K), 23 survivors (23552K)
 Metaspace       used 119516K, capacity 122681K, committed 122960K, reserved 362496K
  class space    used 14592K, capacity 15580K, committed 15616K, reserved 253952K
}
Event: 36922.744 GC heap after
{Heap after GC invocations=134 (full 0):
 garbage-first heap   total 348160K, used 118914K [0x00000000e0000000, 0x0000000100000000)
  region size 1024K, 12 young (12288K), 12 survivors (12288K)
 Metaspace       used 119516K, capacity 122681K, committed 122960K, reserved 362496K
  class space    used 14592K, capacity 15580K, committed 15616K, reserved 253952K
}
Event: 36924.602 GC heap before
{Heap before GC invocations=135 (full 0):
 garbage-first heap   total 348160K, used 272514K [0x00000000e0000000, 0x0000000100000000)
  region size 1024K, 163 young (166912K), 12 survivors (12288K)
 Metaspace       used 119538K, capacity 122694K, committed 122960K, reserved 362496K
  class space    used 14593K, capacity 15582K, committed 15616K, reserved 253952K
}
Event: 36924.657 GC heap after
{Heap after GC invocations=136 (full 0):
 garbage-first heap   total 348160K, used 124612K [0x00000000e0000000, 0x0000000100000000)
  region size 1024K, 7 young (7168K), 7 survivors (7168K)
 Metaspace       used 119538K, capacity 122694K, committed 122960K, reserved 362496K
  class space    used 14593K, capacity 15582K, committed 15616K, reserved 253952K
}
Event: 41917.496 GC heap before
{Heap before GC invocations=136 (full 0):
 garbage-first heap   total 348160K, used 277188K [0x00000000e0000000, 0x0000000100000000)
  region size 1024K, 157 young (160768K), 7 survivors (7168K)
 Metaspace       used 119573K, capacity 122721K, committed 122960K, reserved 362496K
  class space    used 14597K, capacity 15590K, committed 15616K, reserved 253952K
}
Event: 41917.526 GC heap after
{Heap after GC invocations=137 (full 0):
 garbage-first heap   total 348160K, used 127545K [0x00000000e0000000, 0x0000000100000000)
  region size 1024K, 10 young (10240K), 10 survivors (10240K)
 Metaspace       used 119573K, capacity 122721K, committed 122960K, reserved 362496K
  class space    used 14597K, capacity 15590K, committed 15616K, reserved 253952K
}
Event: 41920.486 GC heap before
{Heap before GC invocations=138 (full 0):
 garbage-first heap   total 348160K, used 279097K [0x00000000e0000000, 0x0000000100000000)
  region size 1024K, 160 young (163840K), 10 survivors (10240K)
 Metaspace       used 119416K, capacity 122478K, committed 122960K, reserved 362496K
  class space    used 14554K, capacity 15516K, committed 15616K, reserved 253952K
}
Event: 41920.533 GC heap after
{Heap after GC invocations=139 (full 0):
 garbage-first heap   total 348160K, used 137752K [0x00000000e0000000, 0x0000000100000000)
  region size 1024K, 20 young (20480K), 20 survivors (20480K)
 Metaspace       used 119416K, capacity 122478K, committed 122960K, reserved 362496K
  class space    used 14554K, capacity 15516K, committed 15616K, reserved 253952K
}
Event: 41920.539 GC heap before
{Heap before GC invocations=139 (full 0):
 garbage-first heap   total 348160K, used 138776K [0x00000000e0000000, 0x0000000100000000)
  region size 1024K, 21 young (21504K), 20 survivors (20480K)
 Metaspace       used 119416K, capacity 122478K, committed 122960K, reserved 362496K
  class space    used 14554K, capacity 15516K, committed 15616K, reserved 253952K
}
Event: 41920.633 GC heap after
{Heap after GC invocations=140 (full 0):
 garbage-first heap   total 348160K, used 116109K [0x00000000e0000000, 0x0000000100000000)
  region size 1024K, 2 young (2048K), 2 survivors (2048K)
 Metaspace       used 119416K, capacity 122478K, committed 122960K, reserved 362496K
  class space    used 14554K, capacity 15516K, committed 15616K, reserved 253952K
}
Event: 43278.843 GC heap before
{Heap before GC invocations=140 (full 0):
 garbage-first heap   total 348160K, used 275853K [0x00000000e0000000, 0x0000000100000000)
  region size 1024K, 159 young (162816K), 2 survivors (2048K)
 Metaspace       used 119634K, capacity 122850K, committed 122960K, reserved 362496K
  class space    used 14601K, capacity 15589K, committed 15616K, reserved 253952K
}
Event: 43278.888 GC heap after
{Heap after GC invocations=141 (full 0):
 garbage-first heap   total 348160K, used 129052K [0x00000000e0000000, 0x0000000100000000)
  region size 1024K, 15 young (15360K), 15 survivors (15360K)
 Metaspace       used 119634K, capacity 122850K, committed 122960K, reserved 362496K
  class space    used 14601K, capacity 15589K, committed 15616K, reserved 253952K
}
Event: 43280.332 GC heap before
{Heap before GC invocations=142 (full 0):
 garbage-first heap   total 348160K, used 267292K [0x00000000e0000000, 0x0000000100000000)
  region size 1024K, 159 young (162816K), 15 survivors (15360K)
 Metaspace       used 119575K, capacity 122753K, committed 122960K, reserved 362496K
  class space    used 14585K, capacity 15561K, committed 15616K, reserved 253952K
}
Event: 43280.376 GC heap after
{Heap after GC invocations=143 (full 0):
 garbage-first heap   total 348160K, used 126520K [0x00000000e0000000, 0x0000000100000000)
  region size 1024K, 6 young (6144K), 6 survivors (6144K)
 Metaspace       used 119575K, capacity 122753K, committed 122960K, reserved 362496K
  class space    used 14585K, capacity 15561K, committed 15616K, reserved 253952K
}
Event: 46858.672 GC heap before
{Heap before GC invocations=143 (full 0):
 garbage-first heap   total 348160K, used 279096K [0x00000000e0000000, 0x0000000100000000)
  region size 1024K, 156 young (159744K), 6 survivors (6144K)
 Metaspace       used 122446K, capacity 125680K, committed 125776K, reserved 364544K
  class space    used 14848K, capacity 15844K, committed 15872K, reserved 253952K
}
Event: 46858.718 GC heap after
{Heap after GC invocations=144 (full 0):
 garbage-first heap   total 348160K, used 134712K [0x00000000e0000000, 0x0000000100000000)
  region size 1024K, 14 young (14336K), 14 survivors (14336K)
 Metaspace       used 122446K, capacity 125680K, committed 125776K, reserved 364544K
  class space    used 14848K, capacity 15844K, committed 15872K, reserved 253952K
}
Event: 47039.839 GC heap before
{Heap before GC invocations=145 (full 0):
 garbage-first heap   total 348160K, used 281144K [0x00000000e0000000, 0x0000000100000000)
  region size 1024K, 158 young (161792K), 14 survivors (14336K)
 Metaspace       used 123353K, capacity 126532K, committed 127184K, reserved 366592K
  class space    used 14871K, capacity 15818K, committed 16000K, reserved 253952K
}
Event: 47039.884 GC heap after
{Heap after GC invocations=146 (full 0):
 garbage-first heap   total 348160K, used 136487K [0x00000000e0000000, 0x0000000100000000)
  region size 1024K, 12 young (12288K), 12 survivors (12288K)
 Metaspace       used 123353K, capacity 126532K, committed 127184K, reserved 366592K
  class space    used 14871K, capacity 15818K, committed 16000K, reserved 253952K
}
Event: 47051.320 GC heap before
{Heap before GC invocations=146 (full 0):
 garbage-first heap   total 348160K, used 140583K [0x00000000e0000000, 0x0000000100000000)
  region size 1024K, 17 young (17408K), 12 survivors (12288K)
 Metaspace       used 123353K, capacity 126532K, committed 127184K, reserved 366592K
  class space    used 14871K, capacity 15818K, committed 16000K, reserved 253952K
}
Event: 47051.398 GC heap after
{Heap after GC invocations=147 (full 0):
 garbage-first heap   total 348160K, used 111275K [0x00000000e0000000, 0x0000000100000000)
  region size 1024K, 2 young (2048K), 2 survivors (2048K)
 Metaspace       used 123353K, capacity 126532K, committed 127184K, reserved 366592K
  class space    used 14871K, capacity 15818K, committed 16000K, reserved 253952K
}

Deoptimization events (20 events):
Event: 47061.608 Thread 0x000000b9e0708ab0 Uncommon trap: trap_request=0xffffff45 fr.pc=0x000000b9ccbd7ce4 relative=0x0000000000000724
Event: 47061.608 Thread 0x000000b9e0708ab0 Uncommon trap: reason=unstable_if action=reinterpret pc=0x000000b9ccbd7ce4 method=java.util.zip.ZipFile$CleanableResource.releaseInflater(Ljava/util/zip/Inflater;)V @ 6 c2
Event: 47061.608 Thread 0x000000b9e0708ab0 DEOPT PACKING pc=0x000000b9ccbd7ce4 sp=0x000000b9e291e6c0
Event: 47061.608 Thread 0x000000b9e0708ab0 DEOPT UNPACKING pc=0x000000b9c4f0e42f sp=0x000000b9e291e648 mode 2
Event: 47061.608 Thread 0x000000b9e0708ab0 Uncommon trap: trap_request=0xffffff45 fr.pc=0x000000b9ccbd8b00 relative=0x00000000000006c0
Event: 47061.608 Thread 0x000000b9e0708ab0 Uncommon trap: reason=unstable_if action=reinterpret pc=0x000000b9ccbd8b00 method=java.util.zip.ZipFile$CleanableResource.releaseInflater(Ljava/util/zip/Inflater;)V @ 6 c2
Event: 47061.608 Thread 0x000000b9e0708ab0 DEOPT PACKING pc=0x000000b9ccbd8b00 sp=0x000000b9e291e650
Event: 47061.608 Thread 0x000000b9e0708ab0 DEOPT UNPACKING pc=0x000000b9c4f0e42f sp=0x000000b9e291e638 mode 2
Event: 47061.625 Thread 0x000000b9e0706dd0 DEOPT PACKING pc=0x000000b9c5b3ad64 sp=0x000000b9e281e2b0
Event: 47061.625 Thread 0x000000b9e0706dd0 DEOPT UNPACKING pc=0x000000b9c4f0e23f sp=0x000000b9e281d7c8 mode 0
Event: 47061.661 Thread 0x000000b9e070c470 DEOPT PACKING pc=0x000000b9c5b3ad64 sp=0x000000b9e2a1e940
Event: 47061.661 Thread 0x000000b9e070c470 DEOPT UNPACKING pc=0x000000b9c4f0e23f sp=0x000000b9e2a1de58 mode 0
Event: 47061.689 Thread 0x000000b9e0706dd0 DEOPT PACKING pc=0x000000b9c5b3ad64 sp=0x000000b9e281dbb0
Event: 47061.689 Thread 0x000000b9e0706dd0 DEOPT UNPACKING pc=0x000000b9c4f0e23f sp=0x000000b9e281d0c8 mode 0
Event: 47061.718 Thread 0x000000b9e070c470 DEOPT PACKING pc=0x000000b9c5b3ad64 sp=0x000000b9e2a1e260
Event: 47061.718 Thread 0x000000b9e070c470 DEOPT UNPACKING pc=0x000000b9c4f0e23f sp=0x000000b9e2a1d778 mode 0
Event: 47061.816 Thread 0x000000b9e070c470 Uncommon trap: trap_request=0xffffffde fr.pc=0x000000b9cd20146c relative=0x00000000000004ac
Event: 47061.816 Thread 0x000000b9e070c470 Uncommon trap: reason=class_check action=maybe_recompile pc=0x000000b9cd20146c method=java.util.AbstractCollection.toArray([Ljava/lang/Object;)[Ljava/lang/Object; @ 26 c2
Event: 47061.816 Thread 0x000000b9e070c470 DEOPT PACKING pc=0x000000b9cd20146c sp=0x000000b9e2a1ec70
Event: 47061.816 Thread 0x000000b9e070c470 DEOPT UNPACKING pc=0x000000b9c4f0e42f sp=0x000000b9e2a1ec40 mode 2

Classes unloaded (20 events):
Event: 46859.211 Thread 0x000000b9d7973980 Unloading class 0x0000000800fcc440 'jdk/internal/reflect/GeneratedConstructorAccessor481'
Event: 46859.211 Thread 0x000000b9d7973980 Unloading class 0x0000000800fcc040 'jdk/internal/reflect/GeneratedConstructorAccessor480'
Event: 46859.211 Thread 0x000000b9d7973980 Unloading class 0x0000000800f25c40 'jdk/internal/reflect/GeneratedConstructorAccessor479'
Event: 46859.211 Thread 0x000000b9d7973980 Unloading class 0x0000000800f25840 'jdk/internal/reflect/GeneratedConstructorAccessor478'
Event: 46859.211 Thread 0x000000b9d7973980 Unloading class 0x0000000801975440 'jdk/internal/reflect/GeneratedConstructorAccessor477'
Event: 46859.211 Thread 0x000000b9d7973980 Unloading class 0x00000008019d7440 'jdk/internal/reflect/GeneratedConstructorAccessor475'
Event: 46859.211 Thread 0x000000b9d7973980 Unloading class 0x0000000801859840 'jdk/internal/reflect/GeneratedConstructorAccessor474'
Event: 46859.212 Thread 0x000000b9d7973980 Unloading class 0x0000000800fc9c40 'jdk/internal/reflect/GeneratedConstructorAccessor473'
Event: 46859.212 Thread 0x000000b9d7973980 Unloading class 0x0000000801302840 'jdk/internal/reflect/GeneratedConstructorAccessor472'
Event: 46859.212 Thread 0x000000b9d7973980 Unloading class 0x0000000800fcac40 'jdk/internal/reflect/GeneratedSerializationConstructorAccessor244'
Event: 46859.212 Thread 0x000000b9d7973980 Unloading class 0x00000008015ff040 'java_io_File$mkdirs$0'
Event: 46859.212 Thread 0x000000b9d7973980 Unloading class 0x0000000800fce040 'java_io_File$exists'
Event: 46859.212 Thread 0x000000b9d7973980 Unloading class 0x0000000801959840 'java_util_List$size$2'
Event: 46859.212 Thread 0x000000b9d7973980 Unloading class 0x0000000801a85840 'java_util_List$addAll$1'
Event: 46859.212 Thread 0x000000b9d7973980 Unloading class 0x0000000801a8a040 'java_util_List$add$0'
Event: 46859.212 Thread 0x000000b9d7973980 Unloading class 0x000000080158c040 'java_util_List$isEmpty'
Event: 46859.212 Thread 0x000000b9d7973980 Unloading class 0x0000000801a88840 'java_lang_String$contains$2'
Event: 46859.212 Thread 0x000000b9d7973980 Unloading class 0x0000000800fcc840 'java_lang_String$toLowerCase$1'
Event: 46859.212 Thread 0x000000b9d7973980 Unloading class 0x0000000801a87040 'java_lang_String$replace$0'
Event: 46859.212 Thread 0x000000b9d7973980 Unloading class 0x0000000801305840 'java_lang_String$replaceAll'

Classes redefined (0 events):
No events

Internal exceptions (20 events):
Event: 46859.011 Thread 0x000000b9e0708ab0 Exception <a 'sun/nio/fs/WindowsException'{0x00000000f4f27cf8}> (0x00000000f4f27cf8) 
thrown [./open/src/hotspot/share/prims/jni.cpp, line 578]
Event: 46859.023 Thread 0x000000b9dfc53ae0 Exception <a 'java/lang/ClassNotFoundException'{0x00000000f4fd54f8}: build_6yhrs0wkdq7bjleymniq9zd6gBeanInfo> (0x00000000f4fd54f8) 
thrown [./open/src/hotspot/share/classfile/systemDictionary.cpp, line 295]
Event: 46859.023 Thread 0x000000b9dfc53ae0 Exception <a 'java/lang/ClassNotFoundException'{0x00000000f4fdaa30}: build_6yhrs0wkdq7bjleymniq9zd6gCustomizer> (0x00000000f4fdaa30) 
thrown [./open/src/hotspot/share/classfile/systemDictionary.cpp, line 295]
Event: 46859.039 Thread 0x000000b9dfc53ae0 Exception <a 'java/lang/ClassNotFoundException'{0x00000000f4e34778}: build_6yhrs0wkdq7bjleymniq9zd6g$_run_closure1BeanInfo> (0x00000000f4e34778) 
thrown [./open/src/hotspot/share/classfile/systemDictionary.cpp, line 295]
Event: 46859.040 Thread 0x000000b9dfc53ae0 Exception <a 'java/lang/ClassNotFoundException'{0x00000000f4e3a9c8}: build_6yhrs0wkdq7bjleymniq9zd6g$_run_closure1Customizer> (0x00000000f4e3a9c8) 
thrown [./open/src/hotspot/share/classfile/systemDictionary.cpp, line 295]
Event: 46859.047 Thread 0x000000b9dfc53ae0 Implicit null exception at 0x000000b9cdd1e3c2 to 0x000000b9cdd1e466
Event: 46859.047 Thread 0x000000b9dfc53ae0 Implicit null exception at 0x000000b9cde1bddc to 0x000000b9cde237f8
Event: 46859.047 Thread 0x000000b9dfc53ae0 Implicit null exception at 0x000000b9cd1b684f to 0x000000b9cd1b7448
Event: 46859.047 Thread 0x000000b9dfc53ae0 Implicit null exception at 0x000000b9cd65190c to 0x000000b9cd658658
Event: 46859.048 Thread 0x000000b9dfc53ae0 Implicit null exception at 0x000000b9cde0d84c to 0x000000b9cde1529c
Event: 46859.049 Thread 0x000000b9dfc53ae0 Implicit null exception at 0x000000b9ce117bd5 to 0x000000b9ce118214
Event: 46859.915 Thread 0x000000b9dfc53ae0 Implicit null exception at 0x000000b9cceccf10 to 0x000000b9ccecfb34
Event: 46859.971 Thread 0x000000b9df17d360 Implicit null exception at 0x000000b9ce116cd1 to 0x000000b9ce117274
Event: 47061.388 Thread 0x000000b9e0706dd0 Implicit null exception at 0x000000b9cc9f2d66 to 0x000000b9cc9f2e30
Event: 47061.608 Thread 0x000000b9e0708ab0 Implicit null exception at 0x000000b9ccbd75fb to 0x000000b9ccbd7ccc
Event: 47061.608 Thread 0x000000b9e0708ab0 Implicit null exception at 0x000000b9ccbd847b to 0x000000b9ccbd8aec
Event: 47061.612 Thread 0x000000b9e0708ab0 Exception <a 'sun/nio/fs/WindowsException'{0x00000000f366b3c8}> (0x00000000f366b3c8) 
thrown [./open/src/hotspot/share/prims/jni.cpp, line 578]
Event: 47061.613 Thread 0x000000b9e0708ab0 Exception <a 'sun/nio/fs/WindowsException'{0x00000000f366b5e8}> (0x00000000f366b5e8) 
thrown [./open/src/hotspot/share/prims/jni.cpp, line 578]
Event: 47061.820 Thread 0x000000b9e070c470 Exception <a 'sun/nio/fs/WindowsException'{0x00000000f23b4950}> (0x00000000f23b4950) 
thrown [./open/src/hotspot/share/prims/jni.cpp, line 578]
Event: 47061.821 Thread 0x000000b9e070c470 Exception <a 'sun/nio/fs/WindowsException'{0x00000000f23b4b48}> (0x00000000f23b4b48) 
thrown [./open/src/hotspot/share/prims/jni.cpp, line 578]

Events (20 events):
Event: 46912.922 Thread 0x000000b9ecc854a0 Thread exited: 0x000000b9ecc854a0
Event: 46912.922 Thread 0x000000b9ed96e720 Thread exited: 0x000000b9ed96e720
Event: 46919.012 Thread 0x000000b9e0708ab0 Thread exited: 0x000000b9e0708ab0
Event: 46919.276 Executing VM operation: HandshakeAllThreads
Event: 46919.276 Executing VM operation: HandshakeAllThreads done
Event: 46945.287 Executing VM operation: HandshakeAllThreads
Event: 46945.287 Executing VM operation: HandshakeAllThreads done
Event: 47009.315 Executing VM operation: HandshakeAllThreads
Event: 47009.315 Executing VM operation: HandshakeAllThreads done
Event: 47039.838 Executing VM operation: G1CollectForAllocation
Event: 47039.884 Executing VM operation: G1CollectForAllocation done
Event: 47051.320 Executing VM operation: G1CollectForAllocation
Event: 47051.398 Executing VM operation: G1CollectForAllocation done
Event: 47061.321 Thread 0x000000b9e0706dd0 Thread added: 0x000000b9e0706dd0
Event: 47061.325 Thread 0x000000b9e0708ab0 Thread added: 0x000000b9e0708ab0
Event: 47061.329 Thread 0x000000b9e070c470 Thread added: 0x000000b9e070c470
Event: 47061.346 Thread 0x000000b9dd1459a0 Thread added: 0x000000b9dd1459a0
Event: 47061.508 Executing VM operation: HandshakeAllThreads
Event: 47061.513 Executing VM operation: HandshakeAllThreads done
Event: 47061.599 Loaded shared library C:\Program Files\Java\jdk-15\bin\zip.dll


Dynamic libraries:
0x00007ff667a40000 - 0x00007ff667a4f000 	C:\Program Files\Java\jdk-15\bin\java.exe
0x00007ffa2cbd0000 - 0x00007ffa2cd91000 	C:\Windows\SYSTEM32\ntdll.dll
0x00007ffa2cb20000 - 0x00007ffa2cbcd000 	C:\Windows\system32\KERNEL32.DLL
0x00007ffa298d0000 - 0x00007ffa29aad000 	C:\Windows\system32\KERNELBASE.dll
0x00007ffa0fa50000 - 0x00007ffa0fa69000 	C:\Program Files\Java\jdk-15\bin\VCRUNTIME140.dll
0x00007ffa0fa30000 - 0x00007ffa0fa48000 	C:\Program Files\Java\jdk-15\bin\jli.dll
0x00007ffa21d30000 - 0x00007ffa21e22000 	C:\Windows\SYSTEM32\ucrtbase.dll
0x00007ffa2bd70000 - 0x00007ffa2be16000 	C:\Windows\system32\ADVAPI32.dll
0x00007ffa2c330000 - 0x00007ffa2c3cd000 	C:\Windows\system32\msvcrt.dll
0x00007ffa2c970000 - 0x00007ffa2c9cb000 	C:\Windows\system32\sechost.dll
0x00007ffa2c9d0000 - 0x00007ffa2caf6000 	C:\Windows\system32\RPCRT4.dll
0x00007ffa2c820000 - 0x00007ffa2c96e000 	C:\Windows\system32\USER32.dll
0x00007ffa20920000 - 0x00007ffa20b94000 	C:\Windows\WinSxS\amd64_microsoft.windows.common-controls_6595b64144ccf1df_6.0.10240.16384_none_f41f7b285750ef43\COMCTL32.dll
0x00007ffa2be20000 - 0x00007ffa2bfa6000 	C:\Windows\system32\GDI32.dll
0x00007ffa27c00000 - 0x00007ffa27c0a000 	C:\Windows\SYSTEM32\VERSION.dll
0x00007ffa2c2f0000 - 0x00007ffa2c326000 	C:\Windows\system32\IMM32.DLL
0x00007ffa2c180000 - 0x00007ffa2c2dc000 	C:\Windows\system32\MSCTF.dll
0x00007ffa14e50000 - 0x00007ffa14e5c000 	C:\Program Files\Java\jdk-15\bin\vcruntime140_1.dll
0x00007ffa08f20000 - 0x00007ffa08fb1000 	C:\Program Files\Java\jdk-15\bin\msvcp140.dll
0x00007ff9f0b40000 - 0x00007ff9f169c000 	C:\Program Files\Java\jdk-15\bin\server\jvm.dll
0x00007ffa2c520000 - 0x00007ffa2c528000 	C:\Windows\system32\PSAPI.DLL
0x00007ffa223a0000 - 0x00007ffa223a9000 	C:\Windows\SYSTEM32\WSOCK32.dll
0x00007ffa27280000 - 0x00007ffa272a3000 	C:\Windows\SYSTEM32\WINMM.dll
0x00007ffa2a300000 - 0x00007ffa2a369000 	C:\Windows\system32\WS2_32.dll
0x00007ffa2a440000 - 0x00007ffa2a448000 	C:\Windows\system32\NSI.dll
0x00007ffa27220000 - 0x00007ffa2724c000 	C:\Windows\SYSTEM32\WINMMBASE.dll
0x00007ffa2a250000 - 0x00007ffa2a294000 	C:\Windows\system32\cfgmgr32.dll
0x00007ffa29160000 - 0x00007ffa29187000 	C:\Windows\SYSTEM32\DEVOBJ.dll
0x00007ffa29620000 - 0x00007ffa2962f000 	C:\Windows\system32\kernel.appcore.dll
0x00007ffa13b80000 - 0x00007ffa13b8a000 	C:\Program Files\Java\jdk-15\bin\jimage.dll
0x00007ffa291c0000 - 0x00007ffa2934a000 	C:\Windows\SYSTEM32\DBGHELP.DLL
0x00007ffa28f30000 - 0x00007ffa28f55000 	C:\Windows\SYSTEM32\dbgcore.DLL
0x00007ffa0f000000 - 0x00007ffa0f025000 	C:\Program Files\Java\jdk-15\bin\java.dll
0x00007ffa2a500000 - 0x00007ffa2ba22000 	C:\Windows\system32\SHELL32.dll
0x00007ffa29c20000 - 0x00007ffa2a249000 	C:\Windows\system32\windows.storage.dll
0x00007ffa2baf0000 - 0x00007ffa2bd6c000 	C:\Windows\system32\combase.dll
0x00007ffa2a2a0000 - 0x00007ffa2a2f1000 	C:\Windows\system32\shlwapi.dll
0x00007ffa29ab0000 - 0x00007ffa29b63000 	C:\Windows\system32\shcore.dll
0x00007ffa29650000 - 0x00007ffa2969a000 	C:\Windows\system32\powrprof.dll
0x00007ffa29600000 - 0x00007ffa29613000 	C:\Windows\system32\profapi.dll
0x00007ffa0efe0000 - 0x00007ffa0eff9000 	C:\Program Files\Java\jdk-15\bin\net.dll
0x00007ffa1fce0000 - 0x00007ffa1fdb6000 	C:\Windows\SYSTEM32\WINHTTP.dll
0x00007ffa28b60000 - 0x00007ffa28bbd000 	C:\Windows\system32\mswsock.dll
0x00007ffa0ef10000 - 0x00007ffa0ef22000 	C:\Program Files\Java\jdk-15\bin\nio.dll
0x00007ffa0d2d0000 - 0x00007ffa0d2e8000 	C:\Program Files\Java\jdk-15\bin\zip.dll
0x00007ffa13990000 - 0x00007ffa139a0000 	C:\Program Files\Java\jdk-15\bin\verify.dll
0x00007ffa0d2a0000 - 0x00007ffa0d2c6000 	C:\Users\inspiration\.gradle\native\fdc75f09e3144964f2cf3f50f0aa648679c211496f362492102eb8c894070792\windows-amd64\native-platform.dll
0x00007ffa03ee0000 - 0x00007ffa04071000 	C:\Users\inspiration\.gradle\native\12488b8bf47d2d4c9fbf2f6322a914ad602e24e48041cd04a747c6da556b65c4\windows-amd64\native-platform-file-events.dll
0x00007ffa13720000 - 0x00007ffa13729000 	C:\Program Files\Java\jdk-15\bin\management.dll
0x00007ffa134c0000 - 0x00007ffa134cb000 	C:\Program Files\Java\jdk-15\bin\management_ext.dll
0x00007ffa28bc0000 - 0x00007ffa28bd7000 	C:\Windows\SYSTEM32\CRYPTSP.dll
0x00007ffa29190000 - 0x00007ffa291b8000 	C:\Windows\SYSTEM32\bcrypt.dll
0x00007ffa28810000 - 0x00007ffa28843000 	C:\Windows\system32\rsaenh.dll
0x00007ffa28900000 - 0x00007ffa2891f000 	C:\Windows\SYSTEM32\USERENV.dll
0x00007ffa29450000 - 0x00007ffa294bb000 	C:\Windows\system32\bcryptprimitives.dll
0x00007ffa28d10000 - 0x00007ffa28d1b000 	C:\Windows\SYSTEM32\CRYPTBASE.dll
0x00007ffa23b60000 - 0x00007ffa23b98000 	C:\Windows\SYSTEM32\IPHLPAPI.DLL
0x00007ffa23a40000 - 0x00007ffa23a4b000 	C:\Windows\SYSTEM32\WINNSI.DLL
0x00007ffa23480000 - 0x00007ffa23496000 	C:\Windows\SYSTEM32\dhcpcsvc6.DLL
0x00007ffa232e0000 - 0x00007ffa232fa000 	C:\Windows\SYSTEM32\dhcpcsvc.DLL
0x00007ffa28960000 - 0x00007ffa28a08000 	C:\Windows\SYSTEM32\DNSAPI.dll
0x00007ffa1f1a0000 - 0x00007ffa1f1aa000 	C:\Windows\System32\rasadhlp.dll
0x00007ffa239d0000 - 0x00007ffa23a38000 	C:\Windows\System32\fwpuclnt.dll
0x00007ffa28690000 - 0x00007ffa286c2000 	C:\Windows\SYSTEM32\ntmarta.dll
0x00007ffa1e010000 - 0x00007ffa1e01d000 	C:\Program Files\Java\jdk-15\bin\sunmscapi.dll
0x00007ffa29700000 - 0x00007ffa298c1000 	C:\Windows\system32\CRYPT32.dll
0x00007ffa29630000 - 0x00007ffa29641000 	C:\Windows\system32\MSASN1.dll
0x00007ffa28e00000 - 0x00007ffa28e26000 	C:\Windows\SYSTEM32\ncrypt.dll
0x00007ffa28dc0000 - 0x00007ffa28df6000 	C:\Windows\SYSTEM32\NTASN1.dll

dbghelp: loaded successfully - version: 4.0.5 - missing functions: none
symbol engine: initialized successfully - sym options: 0x614 - pdb path: .;C:\Program Files\Java\jdk-15\bin;C:\Windows\SYSTEM32;C:\Windows\WinSxS\amd64_microsoft.windows.common-controls_6595b64144ccf1df_6.0.10240.16384_none_f41f7b285750ef43;C:\Program Files\Java\jdk-15\bin\server;C:\Users\inspiration\.gradle\native\fdc75f09e3144964f2cf3f50f0aa648679c211496f362492102eb8c894070792\windows-amd64;C:\Users\inspiration\.gradle\native\12488b8bf47d2d4c9fbf2f6322a914ad602e24e48041cd04a747c6da556b65c4\windows-amd64

VM Arguments:
jvm_args: --add-opens=java.base/java.util=ALL-UNNAMED --add-opens=java.base/java.lang=ALL-UNNAMED --add-opens=java.base/java.lang.invoke=ALL-UNNAMED --add-opens=java.prefs/java.util.prefs=ALL-UNNAMED -XX:MaxMetaspaceSize=256m -XX:+HeapDumpOnOutOfMemoryError -Xms256m -Xmx512m -Dfile.encoding=windows-1256 -Duser.country=US -Duser.language=en -Duser.variant 
java_command: org.gradle.launcher.daemon.bootstrap.GradleDaemon 6.7
java_class_path (initial): C:\Users\inspiration\.gradle\wrapper\dists\gradle-6.7-all\cuy9mc7upwgwgeb72wkcrupxe\gradle-6.7\lib\gradle-launcher-6.7.jar
Launcher Type: SUN_STANDARD

[Global flags]
     intx CICompilerCount                          = 3                                         {product} {ergonomic}
   size_t CompressedClassSpaceSize                 = 260046848                                 {product} {ergonomic}
     uint ConcGCThreads                            = 1                                         {product} {ergonomic}
     uint G1ConcRefinementThreads                  = 4                                         {product} {ergonomic}
   size_t G1HeapRegionSize                         = 1048576                                   {product} {ergonomic}
    uintx GCDrainStackTargetSize                   = 64                                        {product} {ergonomic}
     bool HeapDumpOnOutOfMemoryError               = true                                   {manageable} {command line}
   size_t InitialHeapSize                          = 268435456                                 {product} {command line}
   size_t MarkStackSize                            = 4194304                                   {product} {ergonomic}
   size_t MaxHeapSize                              = 536870912                                 {product} {command line}
   size_t MaxMetaspaceSize                         = 268435456                                 {product} {command line}
   size_t MaxNewSize                               = 321912832                                 {product} {ergonomic}
   size_t MinHeapDeltaBytes                        = 1048576                                   {product} {ergonomic}
   size_t MinHeapSize                              = 268435456                                 {product} {command line}
    uintx NonNMethodCodeHeapSize                   = 5832780                                {pd product} {ergonomic}
    uintx NonProfiledCodeHeapSize                  = 122912730                              {pd product} {ergonomic}
    uintx ProfiledCodeHeapSize                     = 122912730                              {pd product} {ergonomic}
    uintx ReservedCodeCacheSize                    = 251658240                              {pd product} {ergonomic}
     bool SegmentedCodeCache                       = true                                      {product} {ergonomic}
   size_t SoftMaxHeapSize                          = 536870912                              {manageable} {ergonomic}
     bool UseCompressedClassPointers               = true                                 {lp64_product} {ergonomic}
     bool UseCompressedOops                        = true                                 {lp64_product} {ergonomic}
     bool UseG1GC                                  = true                                      {product} {ergonomic}
     bool UseLargePagesIndividualAllocation        = false                                  {pd product} {ergonomic}

Logging:
Log output configuration:
 #0: stdout all=warning uptime,level,tags
 #1: stderr all=off uptime,level,tags

Environment Variables:
JAVA_HOME=C:\Program Files\Java\jdk-15
CLASSPATH=D:\DEVELOP\APP\pethos\android\\gradle\wrapper\gradle-wrapper.jar
PATH=D:\DEVELOP\APP\pethos\android\node_modules\.bin;D:\DEVELOP\APP\pethos\node_modules\.bin;D:\DEVELOP\APP\node_modules\.bin;D:\DEVELOP\node_modules\.bin;D:\node_modules\.bin;C:\Program Files\nodejs;D:\DEVELOP\APP\pethos\node_modules\.bin;C:\Windows\system32;C:\Windows;C:\Windows\System32\Wbem;C:\Windows\System32\WindowsPowerShell\v1.0\;C:\Program Files\Git\cmd;C:\Program Files\nodejs\;C:\Program Files\MongoDB\Server\4.2\bin;C:\Program Files\TortoiseGit\bin;C:\Program Files\Java\jdk-15\bin;C:\Users\inspiration\AppData\Local\Android\Sdk\platform-tools;C:\Users\inspiration\AppData\Roaming\npm;C:\Users\inspiration\AppData\Local\Programs\Microsoft VS Code\bin
USERNAME=inspiration
OS=Windows_NT
PROCESSOR_IDENTIFIER=Intel64 Family 6 Model 61 Stepping 4, GenuineIntel



---------------  S Y S T E M  ---------------

OS:
 Windows 10 , 64 bit Build 10240 (10.0.10240.16384)
OS uptime: 1 days 14:06 hours

CPU: total 4 (initial active 4) (2 cores per cpu, 2 threads per core) family 6 model 61 stepping 4, cmov, cx8, fxsr, mmx, sse, sse2, sse3, ssse3, sse4.1, sse4.2, popcnt, vzeroupper, avx, avx2, aes, clmul, erms, 3dnowpref, lzcnt, ht, tsc, tscinvbit, bmi1, bmi2, adx, fma, clflush

Memory: 4k page, system-wide physical 12207M (6593M free)
TotalPageFile size 14639M (AvailPageFile size 6935M)
current process WorkingSet (physical memory assigned to process): 653M, peak: 761M
current process commit charge ("private bytes"): 765M, peak: 795M

vm_info: Java HotSpot(TM) 64-Bit Server VM (15+36-1562) for windows-amd64 JRE (15+36-1562), built on Aug 11 2020 22:38:02 by "mach5one" with unknown MS VC++:1925

END.
